{"C:\\Users\\USER\\Desktop\\projects\\banka_api\\banka_api\\tests\\index.js":{"path":"C:\\Users\\USER\\Desktop\\projects\\banka_api\\banka_api\\tests\\index.js","statementMap":{"0":{"start":{"line":3,"column":0},"end":{"line":3,"column":30}},"1":{"start":{"line":5,"column":0},"end":{"line":5,"column":30}},"2":{"start":{"line":7,"column":0},"end":{"line":7,"column":33}},"3":{"start":{"line":9,"column":0},"end":{"line":9,"column":48}},"4":{"start":{"line":11,"column":0},"end":{"line":11,"column":41}},"5":{"start":{"line":13,"column":0},"end":{"line":13,"column":37}},"6":{"start":{"line":15,"column":0},"end":{"line":15,"column":36}},"7":{"start":{"line":17,"column":0},"end":{"line":17,"column":47}},"8":{"start":{"line":19,"column":0},"end":{"line":19,"column":49}},"9":{"start":{"line":21,"column":0},"end":{"line":21,"column":39}}},"fnMap":{},"branchMap":{},"s":{"0":1,"1":1,"2":1,"3":1,"4":1,"5":1,"6":1,"7":1,"8":1,"9":1},"f":{},"b":{},"_coverageSchema":"43e27e138ebf9cfc5966b082cf9a028302ed4184","hash":"a579595a5b93e4992f5d46ebdc47c6de96170116","contentHash":"4c5cd528a9175128c907bb5ed38fd37d2e3d411bf7d6f2d7284535144ba87d62"},"C:\\Users\\USER\\Desktop\\projects\\banka_api\\banka_api\\server.js":{"path":"C:\\Users\\USER\\Desktop\\projects\\banka_api\\banka_api\\server.js","statementMap":{"0":{"start":{"line":3,"column":29},"end":{"line":3,"column":84}},"1":{"start":{"line":5,"column":0},"end":{"line":7,"column":3}},"2":{"start":{"line":8,"column":0},"end":{"line":8,"column":28}},"3":{"start":{"line":10,"column":0},"end":{"line":10,"column":25}},"4":{"start":{"line":12,"column":15},"end":{"line":12,"column":57}},"5":{"start":{"line":14,"column":18},"end":{"line":14,"column":64}},"6":{"start":{"line":16,"column":10},"end":{"line":16,"column":34}},"7":{"start":{"line":18,"column":12},"end":{"line":18,"column":72}},"8":{"start":{"line":20,"column":15},"end":{"line":20,"column":78}},"9":{"start":{"line":22,"column":19},"end":{"line":22,"column":86}},"10":{"start":{"line":31,"column":10},"end":{"line":31,"column":36}},"11":{"start":{"line":32,"column":0},"end":{"line":32,"column":39}},"12":{"start":{"line":33,"column":0},"end":{"line":35,"column":4}},"13":{"start":{"line":36,"column":0},"end":{"line":36,"column":22}},"14":{"start":{"line":38,"column":0},"end":{"line":48,"column":3}},"15":{"start":{"line":39,"column":2},"end":{"line":39,"column":49}},"16":{"start":{"line":40,"column":2},"end":{"line":40,"column":116}},"17":{"start":{"line":42,"column":2},"end":{"line":45,"column":3}},"18":{"start":{"line":43,"column":4},"end":{"line":43,"column":88}},"19":{"start":{"line":44,"column":4},"end":{"line":44,"column":36}},"20":{"start":{"line":47,"column":2},"end":{"line":47,"column":9}},"21":{"start":{"line":50,"column":0},"end":{"line":50,"column":42}},"22":{"start":{"line":51,"column":0},"end":{"line":51,"column":42}},"23":{"start":{"line":52,"column":0},"end":{"line":52,"column":57}},"24":{"start":{"line":53,"column":0},"end":{"line":53,"column":41}},"25":{"start":{"line":55,"column":0},"end":{"line":60,"column":3}},"26":{"start":{"line":56,"column":2},"end":{"line":59,"column":5}},"27":{"start":{"line":61,"column":13},"end":{"line":64,"column":2}},"28":{"start":{"line":63,"column":2},"end":{"line":63,"column":40}},"29":{"start":{"line":65,"column":15},"end":{"line":65,"column":21}},"30":{"start":{"line":66,"column":0},"end":{"line":66,"column":30}}},"fnMap":{"0":{"name":"(anonymous_0)","decl":{"start":{"line":38,"column":8},"end":{"line":38,"column":9}},"loc":{"start":{"line":38,"column":34},"end":{"line":48,"column":1}},"line":38},"1":{"name":"(anonymous_1)","decl":{"start":{"line":55,"column":8},"end":{"line":55,"column":9}},"loc":{"start":{"line":55,"column":28},"end":{"line":60,"column":1}},"line":55},"2":{"name":"(anonymous_2)","decl":{"start":{"line":61,"column":49},"end":{"line":61,"column":50}},"loc":{"start":{"line":61,"column":61},"end":{"line":64,"column":1}},"line":61}},"branchMap":{"0":{"loc":{"start":{"line":42,"column":2},"end":{"line":45,"column":3}},"type":"if","locations":[{"start":{"line":42,"column":2},"end":{"line":45,"column":3}},{"start":{"line":42,"column":2},"end":{"line":45,"column":3}}],"line":42}},"s":{"0":1,"1":1,"2":1,"3":1,"4":1,"5":1,"6":1,"7":1,"8":1,"9":1,"10":1,"11":1,"12":1,"13":1,"14":1,"15":30,"16":30,"17":30,"18":0,"19":0,"20":30,"21":1,"22":1,"23":1,"24":1,"25":1,"26":1,"27":1,"28":1,"29":1,"30":1},"f":{"0":30,"1":1,"2":1},"b":{"0":[0,30]},"_coverageSchema":"43e27e138ebf9cfc5966b082cf9a028302ed4184","hash":"7cf44e8d8559fed2593f1d08c130ec829934f166","contentHash":"618f5930c34ef0ca290201c1ec3fb0d24f3f66e2d7c0c89ceb5693e5f1939815"},"C:\\Users\\USER\\Desktop\\projects\\banka_api\\banka_api\\database\\db.js":{"path":"C:\\Users\\USER\\Desktop\\projects\\banka_api\\banka_api\\database\\db.js","statementMap":{"0":{"start":{"line":3,"column":29},"end":{"line":3,"column":84}},"1":{"start":{"line":5,"column":0},"end":{"line":7,"column":3}},"2":{"start":{"line":8,"column":0},"end":{"line":8,"column":32}},"3":{"start":{"line":9,"column":0},"end":{"line":9,"column":32}},"4":{"start":{"line":10,"column":0},"end":{"line":10,"column":24}},"5":{"start":{"line":12,"column":19},"end":{"line":12,"column":80}},"6":{"start":{"line":14,"column":25},"end":{"line":14,"column":99}},"7":{"start":{"line":16,"column":14},"end":{"line":16,"column":31}},"8":{"start":{"line":18,"column":10},"end":{"line":18,"column":47}},"9":{"start":{"line":23,"column":0},"end":{"line":23,"column":22}},"10":{"start":{"line":24,"column":15},"end":{"line":30,"column":1}},"11":{"start":{"line":31,"column":11},"end":{"line":31,"column":44}},"12":{"start":{"line":32,"column":13},"end":{"line":32,"column":17}},"13":{"start":{"line":33,"column":0},"end":{"line":33,"column":24}},"14":{"start":{"line":34,"column":16},"end":{"line":34,"column":447}},"15":{"start":{"line":35,"column":19},"end":{"line":35,"column":381}},"16":{"start":{"line":36,"column":23},"end":{"line":36,"column":536}},"17":{"start":{"line":39,"column":2},"end":{"line":39,"column":44}},"18":{"start":{"line":43,"column":2},"end":{"line":77,"column":6}},"19":{"start":{"line":46,"column":4},"end":{"line":76,"column":32}},"20":{"start":{"line":47,"column":6},"end":{"line":75,"column":7}},"21":{"start":{"line":48,"column":8},"end":{"line":74,"column":9}},"22":{"start":{"line":50,"column":12},"end":{"line":50,"column":30}},"23":{"start":{"line":51,"column":12},"end":{"line":51,"column":30}},"24":{"start":{"line":52,"column":12},"end":{"line":52,"column":41}},"25":{"start":{"line":55,"column":12},"end":{"line":55,"column":30}},"26":{"start":{"line":56,"column":12},"end":{"line":56,"column":44}},"27":{"start":{"line":59,"column":12},"end":{"line":59,"column":30}},"28":{"start":{"line":60,"column":12},"end":{"line":60,"column":48}},"29":{"start":{"line":63,"column":12},"end":{"line":63,"column":31}},"30":{"start":{"line":64,"column":12},"end":{"line":64,"column":18}},"31":{"start":{"line":67,"column":12},"end":{"line":67,"column":30}},"32":{"start":{"line":68,"column":12},"end":{"line":68,"column":47}},"33":{"start":{"line":69,"column":12},"end":{"line":69,"column":37}},"34":{"start":{"line":73,"column":12},"end":{"line":73,"column":35}},"35":{"start":{"line":78,"column":2},"end":{"line":78,"column":44}},"36":{"start":{"line":82,"column":2},"end":{"line":82,"column":44}},"37":{"start":{"line":86,"column":2},"end":{"line":124,"column":6}},"38":{"start":{"line":90,"column":4},"end":{"line":123,"column":34}},"39":{"start":{"line":91,"column":6},"end":{"line":122,"column":7}},"40":{"start":{"line":92,"column":8},"end":{"line":121,"column":9}},"41":{"start":{"line":94,"column":12},"end":{"line":94,"column":53}},"42":{"start":{"line":95,"column":12},"end":{"line":95,"column":49}},"43":{"start":{"line":96,"column":12},"end":{"line":96,"column":46}},"44":{"start":{"line":97,"column":12},"end":{"line":97,"column":31}},"45":{"start":{"line":98,"column":12},"end":{"line":98,"column":31}},"46":{"start":{"line":99,"column":12},"end":{"line":99,"column":38}},"47":{"start":{"line":102,"column":12},"end":{"line":102,"column":31}},"48":{"start":{"line":103,"column":12},"end":{"line":103,"column":38}},"49":{"start":{"line":106,"column":12},"end":{"line":106,"column":32}},"50":{"start":{"line":107,"column":12},"end":{"line":107,"column":38}},"51":{"start":{"line":110,"column":12},"end":{"line":110,"column":32}},"52":{"start":{"line":111,"column":12},"end":{"line":111,"column":18}},"53":{"start":{"line":114,"column":12},"end":{"line":114,"column":32}},"54":{"start":{"line":115,"column":12},"end":{"line":115,"column":49}},"55":{"start":{"line":116,"column":12},"end":{"line":116,"column":38}},"56":{"start":{"line":120,"column":12},"end":{"line":120,"column":36}},"57":{"start":{"line":125,"column":2},"end":{"line":125,"column":44}}},"fnMap":{"0":{"name":"initDBPool","decl":{"start":{"line":38,"column":9},"end":{"line":38,"column":19}},"loc":{"start":{"line":38,"column":22},"end":{"line":40,"column":1}},"line":38},"1":{"name":"_initDBPool","decl":{"start":{"line":42,"column":9},"end":{"line":42,"column":20}},"loc":{"start":{"line":42,"column":23},"end":{"line":79,"column":1}},"line":42},"2":{"name":"_callee","decl":{"start":{"line":45,"column":40},"end":{"line":45,"column":47}},"loc":{"start":{"line":45,"column":50},"end":{"line":77,"column":3}},"line":45},"3":{"name":"_callee$","decl":{"start":{"line":46,"column":49},"end":{"line":46,"column":57}},"loc":{"start":{"line":46,"column":68},"end":{"line":76,"column":5}},"line":46},"4":{"name":"dropTables","decl":{"start":{"line":81,"column":9},"end":{"line":81,"column":19}},"loc":{"start":{"line":81,"column":22},"end":{"line":83,"column":1}},"line":81},"5":{"name":"_dropTables","decl":{"start":{"line":85,"column":9},"end":{"line":85,"column":20}},"loc":{"start":{"line":85,"column":23},"end":{"line":126,"column":1}},"line":85},"6":{"name":"_callee2","decl":{"start":{"line":88,"column":40},"end":{"line":88,"column":48}},"loc":{"start":{"line":88,"column":51},"end":{"line":124,"column":3}},"line":88},"7":{"name":"_callee2$","decl":{"start":{"line":90,"column":49},"end":{"line":90,"column":58}},"loc":{"start":{"line":90,"column":70},"end":{"line":123,"column":5}},"line":90}},"branchMap":{"0":{"loc":{"start":{"line":48,"column":8},"end":{"line":74,"column":9}},"type":"switch","locations":[{"start":{"line":49,"column":10},"end":{"line":52,"column":41}},{"start":{"line":54,"column":10},"end":{"line":56,"column":44}},{"start":{"line":58,"column":10},"end":{"line":60,"column":48}},{"start":{"line":62,"column":10},"end":{"line":64,"column":18}},{"start":{"line":66,"column":10},"end":{"line":69,"column":37}},{"start":{"line":71,"column":10},"end":{"line":71,"column":18}},{"start":{"line":72,"column":10},"end":{"line":73,"column":35}}],"line":48},"1":{"loc":{"start":{"line":92,"column":8},"end":{"line":121,"column":9}},"type":"switch","locations":[{"start":{"line":93,"column":10},"end":{"line":99,"column":38}},{"start":{"line":101,"column":10},"end":{"line":103,"column":38}},{"start":{"line":105,"column":10},"end":{"line":107,"column":38}},{"start":{"line":109,"column":10},"end":{"line":111,"column":18}},{"start":{"line":113,"column":10},"end":{"line":116,"column":38}},{"start":{"line":118,"column":10},"end":{"line":118,"column":18}},{"start":{"line":119,"column":10},"end":{"line":120,"column":36}}],"line":92}},"s":{"0":1,"1":1,"2":1,"3":1,"4":1,"5":1,"6":1,"7":1,"8":1,"9":1,"10":1,"11":1,"12":1,"13":1,"14":1,"15":1,"16":1,"17":1,"18":1,"19":1,"20":4,"21":5,"22":1,"23":1,"24":1,"25":1,"26":1,"27":1,"28":1,"29":1,"30":1,"31":0,"32":0,"33":0,"34":1,"35":1,"36":0,"37":0,"38":0,"39":0,"40":0,"41":0,"42":0,"43":0,"44":0,"45":0,"46":0,"47":0,"48":0,"49":0,"50":0,"51":0,"52":0,"53":0,"54":0,"55":0,"56":0,"57":0},"f":{"0":1,"1":1,"2":1,"3":4,"4":0,"5":0,"6":0,"7":0},"b":{"0":[1,1,1,1,0,1,1],"1":[0,0,0,0,0,0,0]},"_coverageSchema":"43e27e138ebf9cfc5966b082cf9a028302ed4184","hash":"f2dd1995c4b9802beedd7d98f50ed8edff1b121f","contentHash":"9459f5e7ae5f310a74a21c397367aefa7c30ceeaa9c71ee3d0d3cc9e4e479617"},"C:\\Users\\USER\\Desktop\\projects\\banka_api\\banka_api\\src\\routers\\user.routes.js":{"path":"C:\\Users\\USER\\Desktop\\projects\\banka_api\\banka_api\\src\\routers\\user.routes.js","statementMap":{"0":{"start":{"line":3,"column":29},"end":{"line":3,"column":84}},"1":{"start":{"line":5,"column":0},"end":{"line":7,"column":3}},"2":{"start":{"line":8,"column":0},"end":{"line":8,"column":28}},"3":{"start":{"line":10,"column":15},"end":{"line":10,"column":57}},"4":{"start":{"line":12,"column":29},"end":{"line":12,"column":102}},"5":{"start":{"line":14,"column":25},"end":{"line":14,"column":94}},"6":{"start":{"line":16,"column":24},"end":{"line":16,"column":92}},"7":{"start":{"line":18,"column":22},"end":{"line":18,"column":88}},"8":{"start":{"line":20,"column":12},"end":{"line":20,"column":77}},"9":{"start":{"line":22,"column":13},"end":{"line":22,"column":41}},"10":{"start":{"line":32,"column":0},"end":{"line":32,"column":141}},"11":{"start":{"line":43,"column":0},"end":{"line":43,"column":87}},"12":{"start":{"line":54,"column":0},"end":{"line":54,"column":115}},"13":{"start":{"line":55,"column":15},"end":{"line":55,"column":21}},"14":{"start":{"line":56,"column":0},"end":{"line":56,"column":30}}},"fnMap":{},"branchMap":{},"s":{"0":1,"1":1,"2":1,"3":1,"4":1,"5":1,"6":1,"7":1,"8":1,"9":1,"10":1,"11":1,"12":1,"13":1,"14":1},"f":{},"b":{},"_coverageSchema":"43e27e138ebf9cfc5966b082cf9a028302ed4184","hash":"6b7fde34b34ad06f8c46df718db8e53044a3cbc2","contentHash":"5a8969cd365d45e2778122d3188e14160cf23106cf53adfde10836e3713cdd9a"},"C:\\Users\\USER\\Desktop\\projects\\banka_api\\banka_api\\middleware\\signin_authentication.js":{"path":"C:\\Users\\USER\\Desktop\\projects\\banka_api\\banka_api\\middleware\\signin_authentication.js","statementMap":{"0":{"start":{"line":3,"column":29},"end":{"line":3,"column":84}},"1":{"start":{"line":5,"column":0},"end":{"line":7,"column":3}},"2":{"start":{"line":8,"column":0},"end":{"line":8,"column":28}},"3":{"start":{"line":10,"column":19},"end":{"line":10,"column":80}},"4":{"start":{"line":12,"column":25},"end":{"line":12,"column":99}},"5":{"start":{"line":14,"column":14},"end":{"line":14,"column":55}},"6":{"start":{"line":16,"column":12},"end":{"line":16,"column":71}},"7":{"start":{"line":28,"column":0},"end":{"line":82,"column":3}},"8":{"start":{"line":29,"column":13},"end":{"line":77,"column":5}},"9":{"start":{"line":34,"column":4},"end":{"line":76,"column":33}},"10":{"start":{"line":35,"column":6},"end":{"line":75,"column":7}},"11":{"start":{"line":36,"column":8},"end":{"line":74,"column":9}},"12":{"start":{"line":38,"column":12},"end":{"line":38,"column":89}},"13":{"start":{"line":39,"column":12},"end":{"line":39,"column":30}},"14":{"start":{"line":40,"column":12},"end":{"line":40,"column":30}},"15":{"start":{"line":41,"column":12},"end":{"line":41,"column":61}},"16":{"start":{"line":44,"column":12},"end":{"line":44,"column":35}},"17":{"start":{"line":45,"column":12},"end":{"line":45,"column":29}},"18":{"start":{"line":46,"column":12},"end":{"line":46,"column":98}},"19":{"start":{"line":48,"column":12},"end":{"line":57,"column":13}},"20":{"start":{"line":49,"column":14},"end":{"line":49,"column":35}},"21":{"start":{"line":50,"column":14},"end":{"line":50,"column":30}},"22":{"start":{"line":51,"column":14},"end":{"line":51,"column":21}},"23":{"start":{"line":53,"column":14},"end":{"line":56,"column":17}},"24":{"start":{"line":59,"column":12},"end":{"line":59,"column":31}},"25":{"start":{"line":60,"column":12},"end":{"line":60,"column":18}},"26":{"start":{"line":63,"column":12},"end":{"line":63,"column":31}},"27":{"start":{"line":64,"column":12},"end":{"line":64,"column":47}},"28":{"start":{"line":65,"column":12},"end":{"line":68,"column":15}},"29":{"start":{"line":69,"column":12},"end":{"line":69,"column":37}},"30":{"start":{"line":73,"column":12},"end":{"line":73,"column":35}},"31":{"start":{"line":79,"column":2},"end":{"line":81,"column":4}},"32":{"start":{"line":80,"column":4},"end":{"line":80,"column":39}},"33":{"start":{"line":84,"column":0},"end":{"line":84,"column":30}}},"fnMap":{"0":{"name":"(anonymous_0)","decl":{"start":{"line":28,"column":0},"end":{"line":28,"column":1}},"loc":{"start":{"line":28,"column":12},"end":{"line":82,"column":1}},"line":28},"1":{"name":"_callee","decl":{"start":{"line":31,"column":40},"end":{"line":31,"column":47}},"loc":{"start":{"line":31,"column":64},"end":{"line":77,"column":3}},"line":31},"2":{"name":"_callee$","decl":{"start":{"line":34,"column":49},"end":{"line":34,"column":57}},"loc":{"start":{"line":34,"column":68},"end":{"line":76,"column":5}},"line":34},"3":{"name":"(anonymous_3)","decl":{"start":{"line":79,"column":9},"end":{"line":79,"column":10}},"loc":{"start":{"line":79,"column":33},"end":{"line":81,"column":3}},"line":79}},"branchMap":{"0":{"loc":{"start":{"line":36,"column":8},"end":{"line":74,"column":9}},"type":"switch","locations":[{"start":{"line":37,"column":10},"end":{"line":41,"column":61}},{"start":{"line":43,"column":10},"end":{"line":60,"column":18}},{"start":{"line":62,"column":10},"end":{"line":69,"column":37}},{"start":{"line":71,"column":10},"end":{"line":71,"column":18}},{"start":{"line":72,"column":10},"end":{"line":73,"column":35}}],"line":36},"1":{"loc":{"start":{"line":46,"column":27},"end":{"line":46,"column":97}},"type":"cond-expr","locations":[{"start":{"line":46,"column":34},"end":{"line":46,"column":89}},{"start":{"line":46,"column":92},"end":{"line":46,"column":97}}],"line":46},"2":{"loc":{"start":{"line":48,"column":12},"end":{"line":57,"column":13}},"type":"if","locations":[{"start":{"line":48,"column":12},"end":{"line":57,"column":13}},{"start":{"line":48,"column":12},"end":{"line":57,"column":13}}],"line":48},"3":{"loc":{"start":{"line":48,"column":16},"end":{"line":48,"column":36}},"type":"binary-expr","locations":[{"start":{"line":48,"column":16},"end":{"line":48,"column":20}},{"start":{"line":48,"column":24},"end":{"line":48,"column":36}}],"line":48}},"s":{"0":1,"1":1,"2":1,"3":1,"4":1,"5":1,"6":1,"7":1,"8":1,"9":9,"10":18,"11":27,"12":9,"13":9,"14":9,"15":9,"16":9,"17":9,"18":9,"19":9,"20":8,"21":8,"22":8,"23":1,"24":9,"25":9,"26":0,"27":0,"28":0,"29":0,"30":9,"31":1,"32":9,"33":1},"f":{"0":1,"1":9,"2":18,"3":9},"b":{"0":[9,9,0,9,9],"1":[9,0],"2":[8,1],"3":[9,9]},"_coverageSchema":"43e27e138ebf9cfc5966b082cf9a028302ed4184","hash":"d402c23678b66f08b4e18e75e237757618205f67","contentHash":"23f89996118934b6d68f8b84e3dd03919b4e4e4fe1e2cb7c68f77659b36b77c9"},"C:\\Users\\USER\\Desktop\\projects\\banka_api\\banka_api\\src\\models\\user.model.js":{"path":"C:\\Users\\USER\\Desktop\\projects\\banka_api\\banka_api\\src\\models\\user.model.js","statementMap":{"0":{"start":{"line":3,"column":29},"end":{"line":3,"column":84}},"1":{"start":{"line":5,"column":0},"end":{"line":7,"column":3}},"2":{"start":{"line":8,"column":0},"end":{"line":8,"column":28}},"3":{"start":{"line":10,"column":19},"end":{"line":10,"column":80}},"4":{"start":{"line":12,"column":25},"end":{"line":12,"column":99}},"5":{"start":{"line":14,"column":23},"end":{"line":14,"column":95}},"6":{"start":{"line":16,"column":20},"end":{"line":16,"column":89}},"7":{"start":{"line":18,"column":10},"end":{"line":18,"column":38}},"8":{"start":{"line":20,"column":13},"end":{"line":20,"column":41}},"9":{"start":{"line":31,"column":0},"end":{"line":135,"column":3}},"10":{"start":{"line":33,"column":4},"end":{"line":33,"column":49}},"11":{"start":{"line":36,"column":2},"end":{"line":133,"column":6}},"12":{"start":{"line":45,"column":22},"end":{"line":72,"column":9}},"13":{"start":{"line":49,"column":8},"end":{"line":71,"column":20}},"14":{"start":{"line":50,"column":10},"end":{"line":70,"column":11}},"15":{"start":{"line":51,"column":12},"end":{"line":69,"column":13}},"16":{"start":{"line":53,"column":16},"end":{"line":53,"column":95}},"17":{"start":{"line":54,"column":16},"end":{"line":54,"column":34}},"18":{"start":{"line":55,"column":16},"end":{"line":55,"column":47}},"19":{"start":{"line":58,"column":16},"end":{"line":58,"column":39}},"20":{"start":{"line":59,"column":16},"end":{"line":59,"column":34}},"21":{"start":{"line":60,"column":16},"end":{"line":60,"column":35}},"22":{"start":{"line":63,"column":16},"end":{"line":63,"column":41}},"23":{"start":{"line":64,"column":16},"end":{"line":64,"column":59}},"24":{"start":{"line":68,"column":16},"end":{"line":68,"column":39}},"25":{"start":{"line":75,"column":8},"end":{"line":75,"column":48}},"26":{"start":{"line":78,"column":6},"end":{"line":78,"column":22}},"27":{"start":{"line":96,"column":24},"end":{"line":125,"column":9}},"28":{"start":{"line":100,"column":8},"end":{"line":124,"column":21}},"29":{"start":{"line":101,"column":10},"end":{"line":123,"column":11}},"30":{"start":{"line":102,"column":12},"end":{"line":122,"column":13}},"31":{"start":{"line":104,"column":16},"end":{"line":104,"column":214}},"32":{"start":{"line":105,"column":16},"end":{"line":105,"column":66}},"33":{"start":{"line":106,"column":16},"end":{"line":106,"column":35}},"34":{"start":{"line":107,"column":16},"end":{"line":107,"column":119}},"35":{"start":{"line":110,"column":16},"end":{"line":110,"column":40}},"36":{"start":{"line":111,"column":16},"end":{"line":111,"column":38}},"37":{"start":{"line":112,"column":16},"end":{"line":116,"column":19}},"38":{"start":{"line":117,"column":16},"end":{"line":117,"column":58}},"39":{"start":{"line":121,"column":16},"end":{"line":121,"column":40}},"40":{"start":{"line":128,"column":8},"end":{"line":128,"column":50}},"41":{"start":{"line":131,"column":6},"end":{"line":131,"column":24}},"42":{"start":{"line":134,"column":2},"end":{"line":134,"column":14}},"43":{"start":{"line":137,"column":15},"end":{"line":137,"column":19}},"44":{"start":{"line":138,"column":0},"end":{"line":138,"column":30}}},"fnMap":{"0":{"name":"(anonymous_0)","decl":{"start":{"line":31,"column":0},"end":{"line":31,"column":1}},"loc":{"start":{"line":31,"column":12},"end":{"line":135,"column":1}},"line":31},"1":{"name":"User","decl":{"start":{"line":32,"column":11},"end":{"line":32,"column":15}},"loc":{"start":{"line":32,"column":18},"end":{"line":34,"column":3}},"line":32},"2":{"name":"(anonymous_2)","decl":{"start":{"line":44,"column":11},"end":{"line":44,"column":12}},"loc":{"start":{"line":44,"column":23},"end":{"line":79,"column":5}},"line":44},"3":{"name":"_callee","decl":{"start":{"line":47,"column":44},"end":{"line":47,"column":51}},"loc":{"start":{"line":47,"column":67},"end":{"line":72,"column":7}},"line":47},"4":{"name":"_callee$","decl":{"start":{"line":49,"column":53},"end":{"line":49,"column":61}},"loc":{"start":{"line":49,"column":72},"end":{"line":71,"column":9}},"line":49},"5":{"name":"findUser","decl":{"start":{"line":74,"column":15},"end":{"line":74,"column":23}},"loc":{"start":{"line":74,"column":33},"end":{"line":76,"column":7}},"line":74},"6":{"name":"(anonymous_6)","decl":{"start":{"line":95,"column":11},"end":{"line":95,"column":12}},"loc":{"start":{"line":95,"column":23},"end":{"line":132,"column":5}},"line":95},"7":{"name":"_callee2","decl":{"start":{"line":98,"column":44},"end":{"line":98,"column":52}},"loc":{"start":{"line":98,"column":119},"end":{"line":125,"column":7}},"line":98},"8":{"name":"_callee2$","decl":{"start":{"line":100,"column":53},"end":{"line":100,"column":62}},"loc":{"start":{"line":100,"column":74},"end":{"line":124,"column":9}},"line":100},"9":{"name":"createUser","decl":{"start":{"line":127,"column":15},"end":{"line":127,"column":25}},"loc":{"start":{"line":127,"column":61},"end":{"line":129,"column":7}},"line":127}},"branchMap":{"0":{"loc":{"start":{"line":51,"column":12},"end":{"line":69,"column":13}},"type":"switch","locations":[{"start":{"line":52,"column":14},"end":{"line":55,"column":47}},{"start":{"line":57,"column":14},"end":{"line":60,"column":35}},{"start":{"line":62,"column":14},"end":{"line":64,"column":59}},{"start":{"line":66,"column":14},"end":{"line":66,"column":21}},{"start":{"line":67,"column":14},"end":{"line":68,"column":39}}],"line":51},"1":{"loc":{"start":{"line":102,"column":12},"end":{"line":122,"column":13}},"type":"switch","locations":[{"start":{"line":103,"column":14},"end":{"line":107,"column":119}},{"start":{"line":109,"column":14},"end":{"line":117,"column":58}},{"start":{"line":119,"column":14},"end":{"line":119,"column":21}},{"start":{"line":120,"column":14},"end":{"line":121,"column":40}}],"line":102}},"s":{"0":1,"1":1,"2":1,"3":1,"4":1,"5":1,"6":1,"7":1,"8":1,"9":1,"10":0,"11":1,"12":1,"13":26,"14":104,"15":104,"16":26,"17":26,"18":26,"19":26,"20":26,"21":26,"22":26,"23":26,"24":26,"25":26,"26":1,"27":1,"28":4,"29":12,"30":12,"31":4,"32":4,"33":4,"34":4,"35":4,"36":4,"37":4,"38":4,"39":4,"40":4,"41":1,"42":1,"43":1,"44":1},"f":{"0":1,"1":0,"2":1,"3":26,"4":104,"5":26,"6":1,"7":4,"8":12,"9":4},"b":{"0":[26,26,26,0,26],"1":[4,4,0,4]},"_coverageSchema":"43e27e138ebf9cfc5966b082cf9a028302ed4184","hash":"8f4929eff4ffdfe3f975fec1f3b57b84fb1b0f91","contentHash":"266c67851d3cdfe409a2af2e4a1458ac75a921f7c585ac52da4af70806a0326a"},"C:\\Users\\USER\\Desktop\\projects\\banka_api\\banka_api\\utils\\utils.js":{"path":"C:\\Users\\USER\\Desktop\\projects\\banka_api\\banka_api\\utils\\utils.js","statementMap":{"0":{"start":{"line":3,"column":29},"end":{"line":3,"column":84}},"1":{"start":{"line":5,"column":0},"end":{"line":7,"column":3}},"2":{"start":{"line":8,"column":0},"end":{"line":8,"column":26}},"3":{"start":{"line":9,"column":0},"end":{"line":9,"column":20}},"4":{"start":{"line":10,"column":0},"end":{"line":10,"column":121}},"5":{"start":{"line":12,"column":19},"end":{"line":12,"column":80}},"6":{"start":{"line":14,"column":25},"end":{"line":14,"column":99}},"7":{"start":{"line":16,"column":20},"end":{"line":16,"column":67}},"8":{"start":{"line":18,"column":14},"end":{"line":18,"column":55}},"9":{"start":{"line":20,"column":14},"end":{"line":20,"column":31}},"10":{"start":{"line":22,"column":0},"end":{"line":22,"column":22}},"11":{"start":{"line":23,"column":17},"end":{"line":23,"column":36}},"12":{"start":{"line":24,"column":16},"end":{"line":24,"column":35}},"13":{"start":{"line":25,"column":0},"end":{"line":25,"column":33}},"14":{"start":{"line":26,"column":13},"end":{"line":26,"column":49}},"15":{"start":{"line":27,"column":14},"end":{"line":27,"column":16}},"16":{"start":{"line":28,"column":16},"end":{"line":28,"column":23}},"17":{"start":{"line":29,"column":18},"end":{"line":33,"column":1}},"18":{"start":{"line":34,"column":20},"end":{"line":38,"column":1}},"19":{"start":{"line":40,"column":20},"end":{"line":42,"column":1}},"20":{"start":{"line":41,"column":2},"end":{"line":41,"column":60}},"21":{"start":{"line":44,"column":0},"end":{"line":44,"column":38}},"22":{"start":{"line":46,"column":18},"end":{"line":48,"column":1}},"23":{"start":{"line":47,"column":2},"end":{"line":47,"column":60}},"24":{"start":{"line":50,"column":0},"end":{"line":50,"column":34}},"25":{"start":{"line":54,"column":0},"end":{"line":96,"column":3}},"26":{"start":{"line":55,"column":13},"end":{"line":91,"column":5}},"27":{"start":{"line":59,"column":4},"end":{"line":90,"column":16}},"28":{"start":{"line":60,"column":6},"end":{"line":89,"column":7}},"29":{"start":{"line":61,"column":8},"end":{"line":88,"column":9}},"30":{"start":{"line":63,"column":12},"end":{"line":63,"column":100}},"31":{"start":{"line":64,"column":12},"end":{"line":64,"column":43}},"32":{"start":{"line":66,"column":12},"end":{"line":83,"column":13}},"33":{"start":{"line":67,"column":14},"end":{"line":67,"column":47}},"34":{"start":{"line":69,"column":14},"end":{"line":77,"column":15}},"35":{"start":{"line":70,"column":16},"end":{"line":70,"column":45}},"36":{"start":{"line":71,"column":16},"end":{"line":71,"column":23}},"37":{"start":{"line":73,"column":16},"end":{"line":76,"column":19}},"38":{"start":{"line":79,"column":14},"end":{"line":82,"column":17}},"39":{"start":{"line":87,"column":12},"end":{"line":87,"column":35}},"40":{"start":{"line":93,"column":2},"end":{"line":95,"column":4}},"41":{"start":{"line":94,"column":4},"end":{"line":94,"column":39}},"42":{"start":{"line":105,"column":0},"end":{"line":105,"column":30}},"43":{"start":{"line":108,"column":2},"end":{"line":108,"column":54}},"44":{"start":{"line":119,"column":2},"end":{"line":119,"column":33}},"45":{"start":{"line":129,"column":19},"end":{"line":131,"column":1}},"46":{"start":{"line":130,"column":2},"end":{"line":130,"column":51}},"47":{"start":{"line":140,"column":0},"end":{"line":140,"column":36}},"48":{"start":{"line":142,"column":21},"end":{"line":144,"column":1}},"49":{"start":{"line":143,"column":2},"end":{"line":143,"column":50}},"50":{"start":{"line":146,"column":0},"end":{"line":146,"column":40}}},"fnMap":{"0":{"name":"generateToken","decl":{"start":{"line":40,"column":29},"end":{"line":40,"column":42}},"loc":{"start":{"line":40,"column":52},"end":{"line":42,"column":1}},"line":40},"1":{"name":"verifyToken","decl":{"start":{"line":46,"column":27},"end":{"line":46,"column":38}},"loc":{"start":{"line":46,"column":46},"end":{"line":48,"column":1}},"line":46},"2":{"name":"(anonymous_2)","decl":{"start":{"line":54,"column":0},"end":{"line":54,"column":1}},"loc":{"start":{"line":54,"column":12},"end":{"line":96,"column":1}},"line":54},"3":{"name":"_callee","decl":{"start":{"line":57,"column":40},"end":{"line":57,"column":47}},"loc":{"start":{"line":57,"column":64},"end":{"line":91,"column":3}},"line":57},"4":{"name":"_callee$","decl":{"start":{"line":59,"column":49},"end":{"line":59,"column":57}},"loc":{"start":{"line":59,"column":68},"end":{"line":90,"column":5}},"line":59},"5":{"name":"passToken","decl":{"start":{"line":93,"column":18},"end":{"line":93,"column":27}},"loc":{"start":{"line":93,"column":42},"end":{"line":95,"column":3}},"line":93},"6":{"name":"isEmpty","decl":{"start":{"line":107,"column":9},"end":{"line":107,"column":16}},"loc":{"start":{"line":107,"column":24},"end":{"line":109,"column":1}},"line":107},"7":{"name":"trim","decl":{"start":{"line":118,"column":9},"end":{"line":118,"column":13}},"loc":{"start":{"line":118,"column":21},"end":{"line":120,"column":1}},"line":118},"8":{"name":"hashPassword","decl":{"start":{"line":129,"column":28},"end":{"line":129,"column":40}},"loc":{"start":{"line":129,"column":51},"end":{"line":131,"column":1}},"line":129},"9":{"name":"verifyPassword","decl":{"start":{"line":142,"column":30},"end":{"line":142,"column":44}},"loc":{"start":{"line":142,"column":71},"end":{"line":144,"column":1}},"line":142}},"branchMap":{"0":{"loc":{"start":{"line":61,"column":8},"end":{"line":88,"column":9}},"type":"switch","locations":[{"start":{"line":62,"column":10},"end":{"line":83,"column":13}},{"start":{"line":85,"column":10},"end":{"line":85,"column":17}},{"start":{"line":86,"column":10},"end":{"line":87,"column":35}}],"line":61},"1":{"loc":{"start":{"line":63,"column":23},"end":{"line":63,"column":99}},"type":"binary-expr","locations":[{"start":{"line":63,"column":23},"end":{"line":63,"column":48}},{"start":{"line":63,"column":52},"end":{"line":63,"column":81}},{"start":{"line":63,"column":85},"end":{"line":63,"column":99}}],"line":63},"2":{"loc":{"start":{"line":69,"column":14},"end":{"line":77,"column":15}},"type":"if","locations":[{"start":{"line":69,"column":14},"end":{"line":77,"column":15}},{"start":{"line":69,"column":14},"end":{"line":77,"column":15}}],"line":69},"3":{"loc":{"start":{"line":108,"column":9},"end":{"line":108,"column":53}},"type":"binary-expr","locations":[{"start":{"line":108,"column":9},"end":{"line":108,"column":21}},{"start":{"line":108,"column":25},"end":{"line":108,"column":53}}],"line":108}},"s":{"0":1,"1":1,"2":1,"3":1,"4":1,"5":1,"6":1,"7":1,"8":1,"9":1,"10":1,"11":1,"12":1,"13":1,"14":1,"15":1,"16":1,"17":1,"18":1,"19":1,"20":16,"21":1,"22":1,"23":13,"24":1,"25":1,"26":1,"27":13,"28":13,"29":13,"30":13,"31":13,"32":13,"33":13,"34":13,"35":13,"36":13,"37":0,"38":0,"39":13,"40":1,"41":13,"42":1,"43":35,"44":0,"45":1,"46":4,"47":1,"48":1,"49":0,"50":1},"f":{"0":16,"1":13,"2":1,"3":13,"4":13,"5":13,"6":35,"7":0,"8":4,"9":0},"b":{"0":[13,13,13],"1":[13,0,0],"2":[13,0],"3":[35,30]},"_coverageSchema":"43e27e138ebf9cfc5966b082cf9a028302ed4184","hash":"1758884118bf6fa0c1268a7312bd691e38beba83","contentHash":"e4f671dac8272b3f5ee8ac383f28865e6cccdc1a401a5fdc5b3a67b5336a0324"},"C:\\Users\\USER\\Desktop\\projects\\banka_api\\banka_api\\middleware\\signup_validation.js":{"path":"C:\\Users\\USER\\Desktop\\projects\\banka_api\\banka_api\\middleware\\signup_validation.js","statementMap":{"0":{"start":{"line":3,"column":0},"end":{"line":5,"column":3}},"1":{"start":{"line":6,"column":0},"end":{"line":6,"column":28}},"2":{"start":{"line":8,"column":13},"end":{"line":8,"column":38}},"3":{"start":{"line":21,"column":21},"end":{"line":21,"column":37}},"4":{"start":{"line":22,"column":22},"end":{"line":22,"column":156}},"5":{"start":{"line":23,"column":21},"end":{"line":23,"column":23}},"6":{"start":{"line":30,"column":20},"end":{"line":40,"column":1}},"7":{"start":{"line":31,"column":2},"end":{"line":33,"column":3}},"8":{"start":{"line":32,"column":4},"end":{"line":32,"column":48}},"9":{"start":{"line":35,"column":2},"end":{"line":37,"column":3}},"10":{"start":{"line":36,"column":4},"end":{"line":36,"column":49}},"11":{"start":{"line":39,"column":2},"end":{"line":39,"column":14}},"12":{"start":{"line":49,"column":25},"end":{"line":65,"column":1}},"13":{"start":{"line":50,"column":2},"end":{"line":52,"column":3}},"14":{"start":{"line":51,"column":4},"end":{"line":51,"column":52}},"15":{"start":{"line":54,"column":2},"end":{"line":56,"column":3}},"16":{"start":{"line":55,"column":4},"end":{"line":55,"column":46}},"17":{"start":{"line":58,"column":2},"end":{"line":60,"column":3}},"18":{"start":{"line":59,"column":4},"end":{"line":59,"column":45}},"19":{"start":{"line":62,"column":2},"end":{"line":64,"column":3}},"20":{"start":{"line":63,"column":4},"end":{"line":63,"column":51}},"21":{"start":{"line":68,"column":2},"end":{"line":68,"column":24}},"22":{"start":{"line":80,"column":2},"end":{"line":82,"column":3}},"23":{"start":{"line":81,"column":4},"end":{"line":81,"column":54}},"24":{"start":{"line":84,"column":2},"end":{"line":86,"column":3}},"25":{"start":{"line":85,"column":4},"end":{"line":85,"column":59}},"26":{"start":{"line":88,"column":2},"end":{"line":90,"column":3}},"27":{"start":{"line":89,"column":4},"end":{"line":89,"column":77}},"28":{"start":{"line":100,"column":23},"end":{"line":120,"column":1}},"29":{"start":{"line":101,"column":18},"end":{"line":101,"column":26}},"30":{"start":{"line":102,"column":17},"end":{"line":102,"column":35}},"31":{"start":{"line":103,"column":18},"end":{"line":103,"column":37}},"32":{"start":{"line":104,"column":14},"end":{"line":104,"column":29}},"33":{"start":{"line":105,"column":17},"end":{"line":105,"column":35}},"34":{"start":{"line":106,"column":24},"end":{"line":106,"column":49}},"35":{"start":{"line":107,"column":2},"end":{"line":107,"column":42}},"36":{"start":{"line":108,"column":2},"end":{"line":108,"column":23}},"37":{"start":{"line":109,"column":2},"end":{"line":109,"column":46}},"38":{"start":{"line":111,"column":2},"end":{"line":119,"column":3}},"39":{"start":{"line":112,"column":4},"end":{"line":112,"column":11}},"40":{"start":{"line":114,"column":4},"end":{"line":117,"column":7}},"41":{"start":{"line":118,"column":4},"end":{"line":118,"column":24}},"42":{"start":{"line":122,"column":15},"end":{"line":122,"column":31}},"43":{"start":{"line":123,"column":0},"end":{"line":123,"column":30}}},"fnMap":{"0":{"name":"validateEmail","decl":{"start":{"line":30,"column":29},"end":{"line":30,"column":42}},"loc":{"start":{"line":30,"column":50},"end":{"line":40,"column":1}},"line":30},"1":{"name":"validateNameFields","decl":{"start":{"line":49,"column":34},"end":{"line":49,"column":52}},"loc":{"start":{"line":49,"column":74},"end":{"line":65,"column":1}},"line":49},"2":{"name":"getErrorMessages","decl":{"start":{"line":67,"column":9},"end":{"line":67,"column":25}},"loc":{"start":{"line":67,"column":28},"end":{"line":69,"column":1}},"line":67},"3":{"name":"validatePassword","decl":{"start":{"line":79,"column":9},"end":{"line":79,"column":25}},"loc":{"start":{"line":79,"column":53},"end":{"line":91,"column":1}},"line":79},"4":{"name":"signUpValidation","decl":{"start":{"line":100,"column":32},"end":{"line":100,"column":48}},"loc":{"start":{"line":100,"column":65},"end":{"line":120,"column":1}},"line":100}},"branchMap":{"0":{"loc":{"start":{"line":31,"column":2},"end":{"line":33,"column":3}},"type":"if","locations":[{"start":{"line":31,"column":2},"end":{"line":33,"column":3}},{"start":{"line":31,"column":2},"end":{"line":33,"column":3}}],"line":31},"1":{"loc":{"start":{"line":35,"column":2},"end":{"line":37,"column":3}},"type":"if","locations":[{"start":{"line":35,"column":2},"end":{"line":37,"column":3}},{"start":{"line":35,"column":2},"end":{"line":37,"column":3}}],"line":35},"2":{"loc":{"start":{"line":50,"column":2},"end":{"line":52,"column":3}},"type":"if","locations":[{"start":{"line":50,"column":2},"end":{"line":52,"column":3}},{"start":{"line":50,"column":2},"end":{"line":52,"column":3}}],"line":50},"3":{"loc":{"start":{"line":54,"column":2},"end":{"line":56,"column":3}},"type":"if","locations":[{"start":{"line":54,"column":2},"end":{"line":56,"column":3}},{"start":{"line":54,"column":2},"end":{"line":56,"column":3}}],"line":54},"4":{"loc":{"start":{"line":54,"column":6},"end":{"line":54,"column":72}},"type":"binary-expr","locations":[{"start":{"line":54,"column":6},"end":{"line":54,"column":37}},{"start":{"line":54,"column":41},"end":{"line":54,"column":72}}],"line":54},"5":{"loc":{"start":{"line":58,"column":2},"end":{"line":60,"column":3}},"type":"if","locations":[{"start":{"line":58,"column":2},"end":{"line":60,"column":3}},{"start":{"line":58,"column":2},"end":{"line":60,"column":3}}],"line":58},"6":{"loc":{"start":{"line":58,"column":6},"end":{"line":58,"column":70}},"type":"binary-expr","locations":[{"start":{"line":58,"column":6},"end":{"line":58,"column":36}},{"start":{"line":58,"column":40},"end":{"line":58,"column":70}}],"line":58},"7":{"loc":{"start":{"line":62,"column":2},"end":{"line":64,"column":3}},"type":"if","locations":[{"start":{"line":62,"column":2},"end":{"line":64,"column":3}},{"start":{"line":62,"column":2},"end":{"line":64,"column":3}}],"line":62},"8":{"loc":{"start":{"line":80,"column":2},"end":{"line":82,"column":3}},"type":"if","locations":[{"start":{"line":80,"column":2},"end":{"line":82,"column":3}},{"start":{"line":80,"column":2},"end":{"line":82,"column":3}}],"line":80},"9":{"loc":{"start":{"line":84,"column":2},"end":{"line":86,"column":3}},"type":"if","locations":[{"start":{"line":84,"column":2},"end":{"line":86,"column":3}},{"start":{"line":84,"column":2},"end":{"line":86,"column":3}}],"line":84},"10":{"loc":{"start":{"line":88,"column":2},"end":{"line":90,"column":3}},"type":"if","locations":[{"start":{"line":88,"column":2},"end":{"line":90,"column":3}},{"start":{"line":88,"column":2},"end":{"line":90,"column":3}}],"line":88},"11":{"loc":{"start":{"line":111,"column":2},"end":{"line":119,"column":3}},"type":"if","locations":[{"start":{"line":111,"column":2},"end":{"line":119,"column":3}},{"start":{"line":111,"column":2},"end":{"line":119,"column":3}}],"line":111}},"s":{"0":1,"1":1,"2":1,"3":1,"4":1,"5":1,"6":1,"7":5,"8":1,"9":5,"10":1,"11":5,"12":1,"13":5,"14":1,"15":5,"16":0,"17":5,"18":0,"19":5,"20":1,"21":1,"22":5,"23":0,"24":5,"25":0,"26":5,"27":0,"28":1,"29":5,"30":5,"31":5,"32":5,"33":5,"34":5,"35":5,"36":5,"37":5,"38":5,"39":4,"40":1,"41":1,"42":1,"43":1},"f":{"0":5,"1":5,"2":1,"3":5,"4":5},"b":{"0":[1,4],"1":[1,4],"2":[1,4],"3":[0,5],"4":[5,4],"5":[0,5],"6":[5,4],"7":[1,4],"8":[0,5],"9":[0,5],"10":[0,5],"11":[4,1]},"_coverageSchema":"43e27e138ebf9cfc5966b082cf9a028302ed4184","hash":"1fe10e3bc2d88ec29b607494950bee531a5712d7","contentHash":"a0109763be683abaeabfcc9b3e97c349ea519153e8e59db7b5db0d0609d77cf0"},"C:\\Users\\USER\\Desktop\\projects\\banka_api\\banka_api\\middleware\\check_uniqueness.js":{"path":"C:\\Users\\USER\\Desktop\\projects\\banka_api\\banka_api\\middleware\\check_uniqueness.js","statementMap":{"0":{"start":{"line":3,"column":29},"end":{"line":3,"column":84}},"1":{"start":{"line":5,"column":0},"end":{"line":7,"column":3}},"2":{"start":{"line":8,"column":0},"end":{"line":8,"column":28}},"3":{"start":{"line":10,"column":19},"end":{"line":10,"column":80}},"4":{"start":{"line":12,"column":25},"end":{"line":12,"column":99}},"5":{"start":{"line":14,"column":12},"end":{"line":14,"column":71}},"6":{"start":{"line":19,"column":0},"end":{"line":67,"column":3}},"7":{"start":{"line":20,"column":13},"end":{"line":62,"column":5}},"8":{"start":{"line":24,"column":4},"end":{"line":61,"column":33}},"9":{"start":{"line":25,"column":6},"end":{"line":60,"column":7}},"10":{"start":{"line":26,"column":8},"end":{"line":59,"column":9}},"11":{"start":{"line":28,"column":12},"end":{"line":28,"column":35}},"12":{"start":{"line":29,"column":12},"end":{"line":29,"column":30}},"13":{"start":{"line":30,"column":12},"end":{"line":30,"column":30}},"14":{"start":{"line":31,"column":12},"end":{"line":31,"column":61}},"15":{"start":{"line":34,"column":12},"end":{"line":34,"column":33}},"16":{"start":{"line":36,"column":12},"end":{"line":39,"column":13}},"17":{"start":{"line":37,"column":14},"end":{"line":37,"column":32}},"18":{"start":{"line":38,"column":14},"end":{"line":38,"column":20}},"19":{"start":{"line":41,"column":12},"end":{"line":41,"column":53}},"20":{"start":{"line":44,"column":12},"end":{"line":47,"column":16}},"21":{"start":{"line":50,"column":12},"end":{"line":50,"column":31}},"22":{"start":{"line":51,"column":12},"end":{"line":51,"column":47}},"23":{"start":{"line":52,"column":12},"end":{"line":54,"column":16}},"24":{"start":{"line":58,"column":12},"end":{"line":58,"column":35}},"25":{"start":{"line":64,"column":2},"end":{"line":66,"column":4}},"26":{"start":{"line":65,"column":4},"end":{"line":65,"column":39}},"27":{"start":{"line":69,"column":0},"end":{"line":69,"column":30}}},"fnMap":{"0":{"name":"(anonymous_0)","decl":{"start":{"line":19,"column":0},"end":{"line":19,"column":1}},"loc":{"start":{"line":19,"column":12},"end":{"line":67,"column":1}},"line":19},"1":{"name":"_callee","decl":{"start":{"line":22,"column":40},"end":{"line":22,"column":47}},"loc":{"start":{"line":22,"column":64},"end":{"line":62,"column":3}},"line":22},"2":{"name":"_callee$","decl":{"start":{"line":24,"column":49},"end":{"line":24,"column":57}},"loc":{"start":{"line":24,"column":68},"end":{"line":61,"column":5}},"line":24},"3":{"name":"(anonymous_3)","decl":{"start":{"line":64,"column":9},"end":{"line":64,"column":10}},"loc":{"start":{"line":64,"column":33},"end":{"line":66,"column":3}},"line":64}},"branchMap":{"0":{"loc":{"start":{"line":26,"column":8},"end":{"line":59,"column":9}},"type":"switch","locations":[{"start":{"line":27,"column":10},"end":{"line":31,"column":61}},{"start":{"line":33,"column":10},"end":{"line":41,"column":53}},{"start":{"line":43,"column":10},"end":{"line":47,"column":16}},{"start":{"line":49,"column":10},"end":{"line":54,"column":16}},{"start":{"line":56,"column":10},"end":{"line":56,"column":18}},{"start":{"line":57,"column":10},"end":{"line":58,"column":35}}],"line":26},"1":{"loc":{"start":{"line":36,"column":12},"end":{"line":39,"column":13}},"type":"if","locations":[{"start":{"line":36,"column":12},"end":{"line":39,"column":13}},{"start":{"line":36,"column":12},"end":{"line":39,"column":13}}],"line":36}},"s":{"0":1,"1":1,"2":1,"3":1,"4":1,"5":1,"6":1,"7":1,"8":5,"9":15,"10":15,"11":5,"12":5,"13":5,"14":5,"15":5,"16":5,"17":0,"18":0,"19":5,"20":0,"21":0,"22":0,"23":0,"24":5,"25":1,"26":5,"27":1},"f":{"0":1,"1":5,"2":15,"3":5},"b":{"0":[5,5,0,0,0,5],"1":[0,5]},"_coverageSchema":"43e27e138ebf9cfc5966b082cf9a028302ed4184","hash":"da257ee1dc27db0cf97ef169a4343e499836fe5b","contentHash":"07aa4191602eda4b0b52f986df7962037449d2d28cdf7b44131ea59dc5236492"},"C:\\Users\\USER\\Desktop\\projects\\banka_api\\banka_api\\middleware\\remove_padding.js":{"path":"C:\\Users\\USER\\Desktop\\projects\\banka_api\\banka_api\\middleware\\remove_padding.js","statementMap":{"0":{"start":{"line":3,"column":0},"end":{"line":5,"column":3}},"1":{"start":{"line":6,"column":0},"end":{"line":6,"column":28}},"2":{"start":{"line":13,"column":15},"end":{"line":23,"column":1}},"3":{"start":{"line":14,"column":12},"end":{"line":14,"column":20}},"4":{"start":{"line":16,"column":2},"end":{"line":20,"column":3}},"5":{"start":{"line":17,"column":4},"end":{"line":19,"column":5}},"6":{"start":{"line":18,"column":6},"end":{"line":18,"column":35}},"7":{"start":{"line":22,"column":2},"end":{"line":22,"column":9}},"8":{"start":{"line":25,"column":0},"end":{"line":25,"column":30}}},"fnMap":{"0":{"name":"_default","decl":{"start":{"line":13,"column":24},"end":{"line":13,"column":32}},"loc":{"start":{"line":13,"column":49},"end":{"line":23,"column":1}},"line":13}},"branchMap":{"0":{"loc":{"start":{"line":17,"column":4},"end":{"line":19,"column":5}},"type":"if","locations":[{"start":{"line":17,"column":4},"end":{"line":19,"column":5}},{"start":{"line":17,"column":4},"end":{"line":19,"column":5}}],"line":17}},"s":{"0":1,"1":1,"2":1,"3":5,"4":5,"5":40,"6":30,"7":5,"8":1},"f":{"0":5},"b":{"0":[30,10]},"_coverageSchema":"43e27e138ebf9cfc5966b082cf9a028302ed4184","hash":"f01925c980f34708adb3b47d028a101e539e9de2","contentHash":"6e88850614615becbbb9f6ce3a920f0c568a552109100009ded5b03331e65308"},"C:\\Users\\USER\\Desktop\\projects\\banka_api\\banka_api\\src\\controllers\\User.controller.js":{"path":"C:\\Users\\USER\\Desktop\\projects\\banka_api\\banka_api\\src\\controllers\\User.controller.js","statementMap":{"0":{"start":{"line":3,"column":29},"end":{"line":3,"column":84}},"1":{"start":{"line":5,"column":0},"end":{"line":7,"column":3}},"2":{"start":{"line":8,"column":0},"end":{"line":8,"column":28}},"3":{"start":{"line":10,"column":19},"end":{"line":10,"column":80}},"4":{"start":{"line":12,"column":25},"end":{"line":12,"column":99}},"5":{"start":{"line":14,"column":13},"end":{"line":14,"column":41}},"6":{"start":{"line":16,"column":12},"end":{"line":16,"column":67}},"7":{"start":{"line":18,"column":15},"end":{"line":18,"column":73}},"8":{"start":{"line":23,"column":15},"end":{"line":171,"column":1}},"9":{"start":{"line":31,"column":22},"end":{"line":75,"column":7}},"10":{"start":{"line":36,"column":6},"end":{"line":74,"column":35}},"11":{"start":{"line":37,"column":8},"end":{"line":73,"column":9}},"12":{"start":{"line":38,"column":10},"end":{"line":72,"column":11}},"13":{"start":{"line":40,"column":14},"end":{"line":40,"column":244}},"14":{"start":{"line":41,"column":14},"end":{"line":41,"column":32}},"15":{"start":{"line":42,"column":14},"end":{"line":42,"column":32}},"16":{"start":{"line":43,"column":14},"end":{"line":43,"column":115}},"17":{"start":{"line":46,"column":14},"end":{"line":46,"column":37}},"18":{"start":{"line":47,"column":14},"end":{"line":47,"column":36}},"19":{"start":{"line":48,"column":14},"end":{"line":48,"column":27}},"20":{"start":{"line":49,"column":14},"end":{"line":52,"column":24}},"21":{"start":{"line":53,"column":14},"end":{"line":56,"column":17}},"22":{"start":{"line":57,"column":14},"end":{"line":57,"column":33}},"23":{"start":{"line":58,"column":14},"end":{"line":58,"column":20}},"24":{"start":{"line":61,"column":14},"end":{"line":61,"column":33}},"25":{"start":{"line":62,"column":14},"end":{"line":62,"column":49}},"26":{"start":{"line":63,"column":14},"end":{"line":63,"column":39}},"27":{"start":{"line":64,"column":14},"end":{"line":67,"column":17}},"28":{"start":{"line":71,"column":14},"end":{"line":71,"column":37}},"29":{"start":{"line":78,"column":6},"end":{"line":78,"column":48}},"30":{"start":{"line":81,"column":4},"end":{"line":81,"column":22}},"31":{"start":{"line":91,"column":20},"end":{"line":91,"column":28}},"32":{"start":{"line":92,"column":13},"end":{"line":92,"column":25}},"33":{"start":{"line":93,"column":16},"end":{"line":93,"column":31}},"34":{"start":{"line":94,"column":20},"end":{"line":94,"column":39}},"35":{"start":{"line":95,"column":19},"end":{"line":95,"column":37}},"36":{"start":{"line":96,"column":19},"end":{"line":96,"column":37}},"37":{"start":{"line":97,"column":4},"end":{"line":110,"column":7}},"38":{"start":{"line":120,"column":30},"end":{"line":163,"column":7}},"39":{"start":{"line":125,"column":6},"end":{"line":162,"column":36}},"40":{"start":{"line":126,"column":8},"end":{"line":161,"column":9}},"41":{"start":{"line":127,"column":10},"end":{"line":160,"column":11}},"42":{"start":{"line":129,"column":14},"end":{"line":129,"column":61}},"43":{"start":{"line":130,"column":14},"end":{"line":130,"column":33}},"44":{"start":{"line":131,"column":14},"end":{"line":131,"column":33}},"45":{"start":{"line":132,"column":14},"end":{"line":132,"column":74}},"46":{"start":{"line":135,"column":14},"end":{"line":135,"column":36}},"47":{"start":{"line":136,"column":14},"end":{"line":136,"column":49}},"48":{"start":{"line":137,"column":14},"end":{"line":137,"column":33}},"49":{"start":{"line":138,"column":14},"end":{"line":138,"column":82}},"50":{"start":{"line":141,"column":14},"end":{"line":141,"column":44}},"51":{"start":{"line":142,"column":14},"end":{"line":145,"column":17}},"52":{"start":{"line":146,"column":14},"end":{"line":146,"column":34}},"53":{"start":{"line":147,"column":14},"end":{"line":147,"column":20}},"54":{"start":{"line":150,"column":14},"end":{"line":150,"column":34}},"55":{"start":{"line":151,"column":14},"end":{"line":151,"column":51}},"56":{"start":{"line":152,"column":14},"end":{"line":155,"column":17}},"57":{"start":{"line":159,"column":14},"end":{"line":159,"column":38}},"58":{"start":{"line":166,"column":6},"end":{"line":166,"column":56}},"59":{"start":{"line":169,"column":4},"end":{"line":169,"column":30}},"60":{"start":{"line":172,"column":0},"end":{"line":172,"column":30}}},"fnMap":{"0":{"name":"(anonymous_0)","decl":{"start":{"line":30,"column":14},"end":{"line":30,"column":15}},"loc":{"start":{"line":30,"column":26},"end":{"line":82,"column":3}},"line":30},"1":{"name":"_callee","decl":{"start":{"line":33,"column":42},"end":{"line":33,"column":49}},"loc":{"start":{"line":33,"column":60},"end":{"line":75,"column":5}},"line":33},"2":{"name":"_callee$","decl":{"start":{"line":36,"column":51},"end":{"line":36,"column":59}},"loc":{"start":{"line":36,"column":70},"end":{"line":74,"column":7}},"line":36},"3":{"name":"createUser","decl":{"start":{"line":77,"column":13},"end":{"line":77,"column":23}},"loc":{"start":{"line":77,"column":33},"end":{"line":79,"column":5}},"line":77},"4":{"name":"signinUser","decl":{"start":{"line":90,"column":23},"end":{"line":90,"column":33}},"loc":{"start":{"line":90,"column":44},"end":{"line":111,"column":3}},"line":90},"5":{"name":"(anonymous_5)","decl":{"start":{"line":119,"column":22},"end":{"line":119,"column":23}},"loc":{"start":{"line":119,"column":34},"end":{"line":170,"column":3}},"line":119},"6":{"name":"_callee2","decl":{"start":{"line":122,"column":42},"end":{"line":122,"column":50}},"loc":{"start":{"line":122,"column":61},"end":{"line":163,"column":5}},"line":122},"7":{"name":"_callee2$","decl":{"start":{"line":125,"column":51},"end":{"line":125,"column":60}},"loc":{"start":{"line":125,"column":72},"end":{"line":162,"column":7}},"line":125},"8":{"name":"getAllUserAccounts","decl":{"start":{"line":165,"column":13},"end":{"line":165,"column":31}},"loc":{"start":{"line":165,"column":42},"end":{"line":167,"column":5}},"line":165}},"branchMap":{"0":{"loc":{"start":{"line":38,"column":10},"end":{"line":72,"column":11}},"type":"switch","locations":[{"start":{"line":39,"column":12},"end":{"line":43,"column":115}},{"start":{"line":45,"column":12},"end":{"line":58,"column":20}},{"start":{"line":60,"column":12},"end":{"line":67,"column":17}},{"start":{"line":69,"column":12},"end":{"line":69,"column":20}},{"start":{"line":70,"column":12},"end":{"line":71,"column":37}}],"line":38},"1":{"loc":{"start":{"line":127,"column":10},"end":{"line":160,"column":11}},"type":"switch","locations":[{"start":{"line":128,"column":12},"end":{"line":132,"column":74}},{"start":{"line":134,"column":12},"end":{"line":138,"column":82}},{"start":{"line":140,"column":12},"end":{"line":147,"column":20}},{"start":{"line":149,"column":12},"end":{"line":155,"column":17}},{"start":{"line":157,"column":12},"end":{"line":157,"column":20}},{"start":{"line":158,"column":12},"end":{"line":159,"column":38}}],"line":127}},"s":{"0":1,"1":1,"2":1,"3":1,"4":1,"5":1,"6":1,"7":1,"8":1,"9":1,"10":4,"11":8,"12":12,"13":4,"14":4,"15":4,"16":4,"17":4,"18":4,"19":4,"20":4,"21":4,"22":4,"23":4,"24":0,"25":0,"26":0,"27":0,"28":4,"29":4,"30":1,"31":8,"32":8,"33":8,"34":8,"35":8,"36":8,"37":8,"38":1,"39":0,"40":0,"41":0,"42":0,"43":0,"44":0,"45":0,"46":0,"47":0,"48":0,"49":0,"50":0,"51":0,"52":0,"53":0,"54":0,"55":0,"56":0,"57":0,"58":0,"59":1,"60":1},"f":{"0":1,"1":4,"2":8,"3":4,"4":8,"5":1,"6":0,"7":0,"8":0},"b":{"0":[4,4,0,4,4],"1":[0,0,0,0,0,0]},"_coverageSchema":"43e27e138ebf9cfc5966b082cf9a028302ed4184","hash":"3a6218c8a561104591cbefa00dbc795638530a48","contentHash":"3682de5735d1beea38f75cdd9773782e3007fb7eb4893e65100f1e83e0575a5b"},"C:\\Users\\USER\\Desktop\\projects\\banka_api\\banka_api\\src\\models\\account.model.js":{"path":"C:\\Users\\USER\\Desktop\\projects\\banka_api\\banka_api\\src\\models\\account.model.js","statementMap":{"0":{"start":{"line":3,"column":29},"end":{"line":3,"column":84}},"1":{"start":{"line":5,"column":0},"end":{"line":7,"column":3}},"2":{"start":{"line":8,"column":0},"end":{"line":8,"column":28}},"3":{"start":{"line":10,"column":19},"end":{"line":10,"column":80}},"4":{"start":{"line":12,"column":25},"end":{"line":12,"column":99}},"5":{"start":{"line":14,"column":23},"end":{"line":14,"column":95}},"6":{"start":{"line":16,"column":20},"end":{"line":16,"column":89}},"7":{"start":{"line":18,"column":10},"end":{"line":18,"column":38}},"8":{"start":{"line":29,"column":0},"end":{"line":340,"column":3}},"9":{"start":{"line":31,"column":4},"end":{"line":31,"column":52}},"10":{"start":{"line":34,"column":2},"end":{"line":338,"column":6}},"11":{"start":{"line":43,"column":26},"end":{"line":71,"column":9}},"12":{"start":{"line":47,"column":8},"end":{"line":70,"column":20}},"13":{"start":{"line":48,"column":10},"end":{"line":69,"column":11}},"14":{"start":{"line":49,"column":12},"end":{"line":68,"column":13}},"15":{"start":{"line":51,"column":16},"end":{"line":51,"column":54}},"16":{"start":{"line":52,"column":16},"end":{"line":52,"column":34}},"17":{"start":{"line":53,"column":16},"end":{"line":53,"column":75}},"18":{"start":{"line":56,"column":16},"end":{"line":56,"column":40}},"19":{"start":{"line":57,"column":16},"end":{"line":57,"column":42}},"20":{"start":{"line":58,"column":16},"end":{"line":58,"column":42}},"21":{"start":{"line":59,"column":16},"end":{"line":59,"column":36}},"22":{"start":{"line":60,"column":16},"end":{"line":60,"column":129}},"23":{"start":{"line":61,"column":16},"end":{"line":63,"column":20}},"24":{"start":{"line":62,"column":18},"end":{"line":62,"column":40}},"25":{"start":{"line":67,"column":16},"end":{"line":67,"column":39}},"26":{"start":{"line":74,"column":8},"end":{"line":74,"column":52}},"27":{"start":{"line":77,"column":6},"end":{"line":77,"column":26}},"28":{"start":{"line":88,"column":27},"end":{"line":112,"column":9}},"29":{"start":{"line":92,"column":8},"end":{"line":111,"column":21}},"30":{"start":{"line":93,"column":10},"end":{"line":110,"column":11}},"31":{"start":{"line":94,"column":12},"end":{"line":109,"column":13}},"32":{"start":{"line":96,"column":16},"end":{"line":96,"column":59}},"33":{"start":{"line":97,"column":16},"end":{"line":97,"column":39}},"34":{"start":{"line":98,"column":16},"end":{"line":98,"column":170}},"35":{"start":{"line":99,"column":16},"end":{"line":99,"column":35}},"36":{"start":{"line":100,"column":16},"end":{"line":100,"column":107}},"37":{"start":{"line":103,"column":16},"end":{"line":103,"column":40}},"38":{"start":{"line":104,"column":16},"end":{"line":104,"column":66}},"39":{"start":{"line":108,"column":16},"end":{"line":108,"column":40}},"40":{"start":{"line":115,"column":8},"end":{"line":115,"column":53}},"41":{"start":{"line":118,"column":6},"end":{"line":118,"column":27}},"42":{"start":{"line":129,"column":27},"end":{"line":160,"column":9}},"43":{"start":{"line":133,"column":8},"end":{"line":159,"column":21}},"44":{"start":{"line":134,"column":10},"end":{"line":158,"column":11}},"45":{"start":{"line":135,"column":12},"end":{"line":157,"column":13}},"46":{"start":{"line":137,"column":16},"end":{"line":137,"column":54}},"47":{"start":{"line":138,"column":16},"end":{"line":138,"column":35}},"48":{"start":{"line":139,"column":16},"end":{"line":139,"column":75}},"49":{"start":{"line":142,"column":16},"end":{"line":142,"column":41}},"50":{"start":{"line":143,"column":16},"end":{"line":143,"column":42}},"51":{"start":{"line":144,"column":16},"end":{"line":144,"column":42}},"52":{"start":{"line":145,"column":16},"end":{"line":145,"column":36}},"53":{"start":{"line":146,"column":16},"end":{"line":146,"column":129}},"54":{"start":{"line":147,"column":16},"end":{"line":147,"column":36}},"55":{"start":{"line":148,"column":16},"end":{"line":148,"column":47}},"56":{"start":{"line":151,"column":16},"end":{"line":151,"column":40}},"57":{"start":{"line":152,"column":16},"end":{"line":152,"column":66}},"58":{"start":{"line":156,"column":16},"end":{"line":156,"column":40}},"59":{"start":{"line":163,"column":8},"end":{"line":163,"column":53}},"60":{"start":{"line":166,"column":6},"end":{"line":166,"column":27}},"61":{"start":{"line":176,"column":26},"end":{"line":205,"column":9}},"62":{"start":{"line":180,"column":8},"end":{"line":204,"column":21}},"63":{"start":{"line":181,"column":10},"end":{"line":203,"column":11}},"64":{"start":{"line":182,"column":12},"end":{"line":202,"column":13}},"65":{"start":{"line":184,"column":16},"end":{"line":184,"column":35}},"66":{"start":{"line":185,"column":16},"end":{"line":185,"column":75}},"67":{"start":{"line":188,"column":16},"end":{"line":188,"column":42}},"68":{"start":{"line":189,"column":16},"end":{"line":189,"column":44}},"69":{"start":{"line":190,"column":16},"end":{"line":190,"column":70}},"70":{"start":{"line":191,"column":16},"end":{"line":191,"column":146}},"71":{"start":{"line":192,"column":16},"end":{"line":192,"column":35}},"72":{"start":{"line":193,"column":16},"end":{"line":193,"column":47}},"73":{"start":{"line":196,"column":16},"end":{"line":196,"column":40}},"74":{"start":{"line":197,"column":16},"end":{"line":197,"column":73}},"75":{"start":{"line":201,"column":16},"end":{"line":201,"column":40}},"76":{"start":{"line":208,"column":8},"end":{"line":208,"column":52}},"77":{"start":{"line":211,"column":6},"end":{"line":211,"column":26}},"78":{"start":{"line":221,"column":21},"end":{"line":243,"column":9}},"79":{"start":{"line":225,"column":8},"end":{"line":242,"column":21}},"80":{"start":{"line":226,"column":10},"end":{"line":241,"column":11}},"81":{"start":{"line":227,"column":12},"end":{"line":240,"column":13}},"82":{"start":{"line":229,"column":16},"end":{"line":229,"column":92}},"83":{"start":{"line":230,"column":16},"end":{"line":230,"column":35}},"84":{"start":{"line":231,"column":16},"end":{"line":231,"column":47}},"85":{"start":{"line":234,"column":16},"end":{"line":234,"column":40}},"86":{"start":{"line":235,"column":16},"end":{"line":235,"column":58}},"87":{"start":{"line":239,"column":16},"end":{"line":239,"column":40}},"88":{"start":{"line":246,"column":8},"end":{"line":246,"column":47}},"89":{"start":{"line":249,"column":6},"end":{"line":249,"column":21}},"90":{"start":{"line":260,"column":25},"end":{"line":282,"column":9}},"91":{"start":{"line":264,"column":8},"end":{"line":281,"column":21}},"92":{"start":{"line":265,"column":10},"end":{"line":280,"column":11}},"93":{"start":{"line":266,"column":12},"end":{"line":279,"column":13}},"94":{"start":{"line":268,"column":16},"end":{"line":268,"column":98}},"95":{"start":{"line":269,"column":16},"end":{"line":269,"column":35}},"96":{"start":{"line":270,"column":16},"end":{"line":270,"column":47}},"97":{"start":{"line":273,"column":16},"end":{"line":273,"column":40}},"98":{"start":{"line":274,"column":16},"end":{"line":274,"column":63}},"99":{"start":{"line":278,"column":16},"end":{"line":278,"column":40}},"100":{"start":{"line":285,"column":8},"end":{"line":285,"column":51}},"101":{"start":{"line":288,"column":6},"end":{"line":288,"column":25}},"102":{"start":{"line":298,"column":28},"end":{"line":320,"column":9}},"103":{"start":{"line":302,"column":8},"end":{"line":319,"column":21}},"104":{"start":{"line":303,"column":10},"end":{"line":318,"column":11}},"105":{"start":{"line":304,"column":12},"end":{"line":317,"column":13}},"106":{"start":{"line":306,"column":16},"end":{"line":306,"column":49}},"107":{"start":{"line":307,"column":16},"end":{"line":307,"column":35}},"108":{"start":{"line":308,"column":16},"end":{"line":308,"column":47}},"109":{"start":{"line":311,"column":16},"end":{"line":311,"column":40}},"110":{"start":{"line":312,"column":16},"end":{"line":312,"column":63}},"111":{"start":{"line":316,"column":16},"end":{"line":316,"column":40}},"112":{"start":{"line":323,"column":8},"end":{"line":323,"column":54}},"113":{"start":{"line":326,"column":6},"end":{"line":326,"column":28}},"114":{"start":{"line":336,"column":6},"end":{"line":336,"column":77}},"115":{"start":{"line":339,"column":2},"end":{"line":339,"column":17}},"116":{"start":{"line":342,"column":15},"end":{"line":342,"column":22}},"117":{"start":{"line":343,"column":0},"end":{"line":343,"column":30}}},"fnMap":{"0":{"name":"(anonymous_0)","decl":{"start":{"line":29,"column":0},"end":{"line":29,"column":1}},"loc":{"start":{"line":29,"column":12},"end":{"line":340,"column":1}},"line":29},"1":{"name":"Account","decl":{"start":{"line":30,"column":11},"end":{"line":30,"column":18}},"loc":{"start":{"line":30,"column":21},"end":{"line":32,"column":3}},"line":30},"2":{"name":"(anonymous_2)","decl":{"start":{"line":42,"column":11},"end":{"line":42,"column":12}},"loc":{"start":{"line":42,"column":23},"end":{"line":78,"column":5}},"line":42},"3":{"name":"_callee","decl":{"start":{"line":45,"column":44},"end":{"line":45,"column":51}},"loc":{"start":{"line":45,"column":60},"end":{"line":71,"column":7}},"line":45},"4":{"name":"_callee$","decl":{"start":{"line":47,"column":53},"end":{"line":47,"column":61}},"loc":{"start":{"line":47,"column":72},"end":{"line":70,"column":9}},"line":47},"5":{"name":"(anonymous_5)","decl":{"start":{"line":61,"column":78},"end":{"line":61,"column":79}},"loc":{"start":{"line":61,"column":96},"end":{"line":63,"column":17}},"line":61},"6":{"name":"debitAccount","decl":{"start":{"line":73,"column":15},"end":{"line":73,"column":27}},"loc":{"start":{"line":73,"column":32},"end":{"line":75,"column":7}},"line":73},"7":{"name":"(anonymous_7)","decl":{"start":{"line":87,"column":11},"end":{"line":87,"column":12}},"loc":{"start":{"line":87,"column":23},"end":{"line":119,"column":5}},"line":87},"8":{"name":"_callee2","decl":{"start":{"line":90,"column":44},"end":{"line":90,"column":52}},"loc":{"start":{"line":90,"column":85},"end":{"line":112,"column":7}},"line":90},"9":{"name":"_callee2$","decl":{"start":{"line":92,"column":53},"end":{"line":92,"column":62}},"loc":{"start":{"line":92,"column":74},"end":{"line":111,"column":9}},"line":92},"10":{"name":"createAccount","decl":{"start":{"line":114,"column":15},"end":{"line":114,"column":28}},"loc":{"start":{"line":114,"column":49},"end":{"line":116,"column":7}},"line":114},"11":{"name":"(anonymous_11)","decl":{"start":{"line":128,"column":11},"end":{"line":128,"column":12}},"loc":{"start":{"line":128,"column":23},"end":{"line":167,"column":5}},"line":128},"12":{"name":"_callee3","decl":{"start":{"line":131,"column":44},"end":{"line":131,"column":52}},"loc":{"start":{"line":131,"column":61},"end":{"line":160,"column":7}},"line":131},"13":{"name":"_callee3$","decl":{"start":{"line":133,"column":53},"end":{"line":133,"column":62}},"loc":{"start":{"line":133,"column":74},"end":{"line":159,"column":9}},"line":133},"14":{"name":"creditAccount","decl":{"start":{"line":162,"column":15},"end":{"line":162,"column":28}},"loc":{"start":{"line":162,"column":34},"end":{"line":164,"column":7}},"line":162},"15":{"name":"(anonymous_15)","decl":{"start":{"line":175,"column":11},"end":{"line":175,"column":12}},"loc":{"start":{"line":175,"column":23},"end":{"line":212,"column":5}},"line":175},"16":{"name":"_callee4","decl":{"start":{"line":178,"column":44},"end":{"line":178,"column":52}},"loc":{"start":{"line":178,"column":68},"end":{"line":205,"column":7}},"line":178},"17":{"name":"_callee4$","decl":{"start":{"line":180,"column":53},"end":{"line":180,"column":62}},"loc":{"start":{"line":180,"column":74},"end":{"line":204,"column":9}},"line":180},"18":{"name":"changeStatus","decl":{"start":{"line":207,"column":15},"end":{"line":207,"column":27}},"loc":{"start":{"line":207,"column":33},"end":{"line":209,"column":7}},"line":207},"19":{"name":"(anonymous_19)","decl":{"start":{"line":220,"column":11},"end":{"line":220,"column":12}},"loc":{"start":{"line":220,"column":23},"end":{"line":250,"column":5}},"line":220},"20":{"name":"_callee5","decl":{"start":{"line":223,"column":44},"end":{"line":223,"column":52}},"loc":{"start":{"line":223,"column":68},"end":{"line":243,"column":7}},"line":223},"21":{"name":"_callee5$","decl":{"start":{"line":225,"column":53},"end":{"line":225,"column":62}},"loc":{"start":{"line":225,"column":74},"end":{"line":242,"column":9}},"line":225},"22":{"name":"_delete","decl":{"start":{"line":245,"column":15},"end":{"line":245,"column":22}},"loc":{"start":{"line":245,"column":28},"end":{"line":247,"column":7}},"line":245},"23":{"name":"(anonymous_23)","decl":{"start":{"line":259,"column":11},"end":{"line":259,"column":12}},"loc":{"start":{"line":259,"column":23},"end":{"line":289,"column":5}},"line":259},"24":{"name":"_callee6","decl":{"start":{"line":262,"column":44},"end":{"line":262,"column":52}},"loc":{"start":{"line":262,"column":68},"end":{"line":282,"column":7}},"line":262},"25":{"name":"_callee6$","decl":{"start":{"line":264,"column":53},"end":{"line":264,"column":62}},"loc":{"start":{"line":264,"column":74},"end":{"line":281,"column":9}},"line":264},"26":{"name":"findAccount","decl":{"start":{"line":284,"column":15},"end":{"line":284,"column":26}},"loc":{"start":{"line":284,"column":38},"end":{"line":286,"column":7}},"line":284},"27":{"name":"(anonymous_27)","decl":{"start":{"line":297,"column":11},"end":{"line":297,"column":12}},"loc":{"start":{"line":297,"column":23},"end":{"line":327,"column":5}},"line":297},"28":{"name":"_callee7","decl":{"start":{"line":300,"column":44},"end":{"line":300,"column":52}},"loc":{"start":{"line":300,"column":55},"end":{"line":320,"column":7}},"line":300},"29":{"name":"_callee7$","decl":{"start":{"line":302,"column":53},"end":{"line":302,"column":62}},"loc":{"start":{"line":302,"column":74},"end":{"line":319,"column":9}},"line":302},"30":{"name":"getAllAccounts","decl":{"start":{"line":322,"column":15},"end":{"line":322,"column":29}},"loc":{"start":{"line":322,"column":32},"end":{"line":324,"column":7}},"line":322},"31":{"name":"genAccountNumber","decl":{"start":{"line":335,"column":20},"end":{"line":335,"column":36}},"loc":{"start":{"line":335,"column":39},"end":{"line":337,"column":5}},"line":335}},"branchMap":{"0":{"loc":{"start":{"line":49,"column":12},"end":{"line":68,"column":13}},"type":"switch","locations":[{"start":{"line":50,"column":14},"end":{"line":53,"column":75}},{"start":{"line":55,"column":14},"end":{"line":63,"column":20}},{"start":{"line":65,"column":14},"end":{"line":65,"column":21}},{"start":{"line":66,"column":14},"end":{"line":67,"column":39}}],"line":49},"1":{"loc":{"start":{"line":94,"column":12},"end":{"line":109,"column":13}},"type":"switch","locations":[{"start":{"line":95,"column":14},"end":{"line":100,"column":107}},{"start":{"line":102,"column":14},"end":{"line":104,"column":66}},{"start":{"line":106,"column":14},"end":{"line":106,"column":21}},{"start":{"line":107,"column":14},"end":{"line":108,"column":40}}],"line":94},"2":{"loc":{"start":{"line":135,"column":12},"end":{"line":157,"column":13}},"type":"switch","locations":[{"start":{"line":136,"column":14},"end":{"line":139,"column":75}},{"start":{"line":141,"column":14},"end":{"line":148,"column":47}},{"start":{"line":150,"column":14},"end":{"line":152,"column":66}},{"start":{"line":154,"column":14},"end":{"line":154,"column":22}},{"start":{"line":155,"column":14},"end":{"line":156,"column":40}}],"line":135},"3":{"loc":{"start":{"line":182,"column":12},"end":{"line":202,"column":13}},"type":"switch","locations":[{"start":{"line":183,"column":14},"end":{"line":185,"column":75}},{"start":{"line":187,"column":14},"end":{"line":193,"column":47}},{"start":{"line":195,"column":14},"end":{"line":197,"column":73}},{"start":{"line":199,"column":14},"end":{"line":199,"column":22}},{"start":{"line":200,"column":14},"end":{"line":201,"column":40}}],"line":182},"4":{"loc":{"start":{"line":190,"column":28},"end":{"line":190,"column":69}},"type":"cond-expr","locations":[{"start":{"line":190,"column":50},"end":{"line":190,"column":58}},{"start":{"line":190,"column":61},"end":{"line":190,"column":69}}],"line":190},"5":{"loc":{"start":{"line":227,"column":12},"end":{"line":240,"column":13}},"type":"switch","locations":[{"start":{"line":228,"column":14},"end":{"line":231,"column":47}},{"start":{"line":233,"column":14},"end":{"line":235,"column":58}},{"start":{"line":237,"column":14},"end":{"line":237,"column":21}},{"start":{"line":238,"column":14},"end":{"line":239,"column":40}}],"line":227},"6":{"loc":{"start":{"line":266,"column":12},"end":{"line":279,"column":13}},"type":"switch","locations":[{"start":{"line":267,"column":14},"end":{"line":270,"column":47}},{"start":{"line":272,"column":14},"end":{"line":274,"column":63}},{"start":{"line":276,"column":14},"end":{"line":276,"column":21}},{"start":{"line":277,"column":14},"end":{"line":278,"column":40}}],"line":266},"7":{"loc":{"start":{"line":304,"column":12},"end":{"line":317,"column":13}},"type":"switch","locations":[{"start":{"line":305,"column":14},"end":{"line":308,"column":47}},{"start":{"line":310,"column":14},"end":{"line":312,"column":63}},{"start":{"line":314,"column":14},"end":{"line":314,"column":21}},{"start":{"line":315,"column":14},"end":{"line":316,"column":40}}],"line":304}},"s":{"0":1,"1":1,"2":1,"3":1,"4":1,"5":1,"6":1,"7":1,"8":1,"9":0,"10":1,"11":1,"12":0,"13":0,"14":0,"15":0,"16":0,"17":0,"18":0,"19":0,"20":0,"21":0,"22":0,"23":0,"24":0,"25":0,"26":0,"27":1,"28":1,"29":6,"30":18,"31":18,"32":6,"33":6,"34":6,"35":6,"36":6,"37":6,"38":6,"39":6,"40":6,"41":1,"42":1,"43":0,"44":0,"45":0,"46":0,"47":0,"48":0,"49":0,"50":0,"51":0,"52":0,"53":0,"54":0,"55":0,"56":0,"57":0,"58":0,"59":0,"60":1,"61":1,"62":1,"63":4,"64":4,"65":1,"66":1,"67":1,"68":1,"69":1,"70":1,"71":1,"72":1,"73":1,"74":1,"75":1,"76":1,"77":1,"78":1,"79":0,"80":0,"81":0,"82":0,"83":0,"84":0,"85":0,"86":0,"87":0,"88":0,"89":1,"90":1,"91":11,"92":32,"93":32,"94":11,"95":11,"96":11,"97":10,"98":10,"99":11,"100":11,"101":1,"102":1,"103":0,"104":0,"105":0,"106":0,"107":0,"108":0,"109":0,"110":0,"111":0,"112":0,"113":1,"114":6,"115":1,"116":1,"117":1},"f":{"0":1,"1":0,"2":1,"3":0,"4":0,"5":0,"6":0,"7":1,"8":6,"9":18,"10":6,"11":1,"12":0,"13":0,"14":0,"15":1,"16":1,"17":4,"18":1,"19":1,"20":0,"21":0,"22":0,"23":1,"24":11,"25":32,"26":11,"27":1,"28":0,"29":0,"30":0,"31":6},"b":{"0":[0,0,0,0],"1":[6,6,0,6],"2":[0,0,0,0,0],"3":[1,1,1,0,1],"4":[1,0],"5":[0,0,0,0],"6":[11,10,0,11],"7":[0,0,0,0]},"_coverageSchema":"43e27e138ebf9cfc5966b082cf9a028302ed4184","hash":"39670ec4e00b6d07dce1dc239d258d6b47419540","contentHash":"83451c052cbc089adb63a8727c63fd55c38faeeda78d9aa6c2aec869e0172d16"},"C:\\Users\\USER\\Desktop\\projects\\banka_api\\banka_api\\src\\routers\\account.routes.js":{"path":"C:\\Users\\USER\\Desktop\\projects\\banka_api\\banka_api\\src\\routers\\account.routes.js","statementMap":{"0":{"start":{"line":3,"column":29},"end":{"line":3,"column":84}},"1":{"start":{"line":5,"column":0},"end":{"line":7,"column":3}},"2":{"start":{"line":8,"column":0},"end":{"line":8,"column":28}},"3":{"start":{"line":10,"column":15},"end":{"line":10,"column":57}},"4":{"start":{"line":12,"column":15},"end":{"line":12,"column":83}},"5":{"start":{"line":14,"column":12},"end":{"line":14,"column":69}},"6":{"start":{"line":16,"column":13},"end":{"line":16,"column":41}},"7":{"start":{"line":18,"column":27},"end":{"line":18,"column":74}},"8":{"start":{"line":20,"column":13},"end":{"line":20,"column":69}},"9":{"start":{"line":22,"column":35},"end":{"line":22,"column":114}},"10":{"start":{"line":24,"column":13},"end":{"line":24,"column":41}},"11":{"start":{"line":35,"column":0},"end":{"line":35,"column":123}},"12":{"start":{"line":43,"column":0},"end":{"line":43,"column":176}},"13":{"start":{"line":51,"column":0},"end":{"line":51,"column":96}},"14":{"start":{"line":59,"column":0},"end":{"line":59,"column":157}},"15":{"start":{"line":66,"column":0},"end":{"line":66,"column":161}},"16":{"start":{"line":67,"column":15},"end":{"line":67,"column":21}},"17":{"start":{"line":68,"column":0},"end":{"line":68,"column":30}}},"fnMap":{},"branchMap":{},"s":{"0":1,"1":1,"2":1,"3":1,"4":1,"5":1,"6":1,"7":1,"8":1,"9":1,"10":1,"11":1,"12":1,"13":1,"14":1,"15":1,"16":1,"17":1},"f":{},"b":{},"_coverageSchema":"43e27e138ebf9cfc5966b082cf9a028302ed4184","hash":"c2c88d064d69ce914cb30282f0446ac6bfed91d6","contentHash":"a48d0ccc3dc69459c16dd157101b26b71c097ab826d5772e27bd90da54764f7a"},"C:\\Users\\USER\\Desktop\\projects\\banka_api\\banka_api\\src\\controllers\\account.controller.js":{"path":"C:\\Users\\USER\\Desktop\\projects\\banka_api\\banka_api\\src\\controllers\\account.controller.js","statementMap":{"0":{"start":{"line":3,"column":29},"end":{"line":3,"column":84}},"1":{"start":{"line":5,"column":0},"end":{"line":7,"column":3}},"2":{"start":{"line":8,"column":0},"end":{"line":8,"column":28}},"3":{"start":{"line":10,"column":19},"end":{"line":10,"column":80}},"4":{"start":{"line":12,"column":25},"end":{"line":12,"column":99}},"5":{"start":{"line":14,"column":15},"end":{"line":14,"column":73}},"6":{"start":{"line":16,"column":12},"end":{"line":16,"column":67}},"7":{"start":{"line":27,"column":15},"end":{"line":320,"column":1}},"8":{"start":{"line":35,"column":26},"end":{"line":81,"column":7}},"9":{"start":{"line":39,"column":6},"end":{"line":80,"column":34}},"10":{"start":{"line":40,"column":8},"end":{"line":79,"column":9}},"11":{"start":{"line":41,"column":10},"end":{"line":78,"column":11}},"12":{"start":{"line":43,"column":14},"end":{"line":43,"column":32}},"13":{"start":{"line":44,"column":14},"end":{"line":44,"column":32}},"14":{"start":{"line":45,"column":14},"end":{"line":45,"column":58}},"15":{"start":{"line":48,"column":14},"end":{"line":48,"column":39}},"16":{"start":{"line":50,"column":14},"end":{"line":53,"column":15}},"17":{"start":{"line":51,"column":16},"end":{"line":51,"column":34}},"18":{"start":{"line":52,"column":16},"end":{"line":52,"column":22}},"19":{"start":{"line":55,"column":14},"end":{"line":59,"column":18}},"20":{"start":{"line":62,"column":14},"end":{"line":65,"column":18}},"21":{"start":{"line":68,"column":14},"end":{"line":68,"column":32}},"22":{"start":{"line":69,"column":14},"end":{"line":69,"column":49}},"23":{"start":{"line":70,"column":14},"end":{"line":73,"column":18}},"24":{"start":{"line":77,"column":14},"end":{"line":77,"column":37}},"25":{"start":{"line":84,"column":6},"end":{"line":84,"column":52}},"26":{"start":{"line":87,"column":4},"end":{"line":87,"column":26}},"27":{"start":{"line":97,"column":22},"end":{"line":135,"column":7}},"28":{"start":{"line":101,"column":6},"end":{"line":134,"column":35}},"29":{"start":{"line":102,"column":8},"end":{"line":133,"column":9}},"30":{"start":{"line":103,"column":10},"end":{"line":132,"column":11}},"31":{"start":{"line":105,"column":14},"end":{"line":105,"column":55}},"32":{"start":{"line":106,"column":14},"end":{"line":106,"column":33}},"33":{"start":{"line":107,"column":14},"end":{"line":107,"column":33}},"34":{"start":{"line":108,"column":14},"end":{"line":108,"column":85}},"35":{"start":{"line":111,"column":14},"end":{"line":111,"column":39}},"36":{"start":{"line":112,"column":14},"end":{"line":117,"column":17}},"37":{"start":{"line":118,"column":14},"end":{"line":118,"column":34}},"38":{"start":{"line":119,"column":14},"end":{"line":119,"column":20}},"39":{"start":{"line":122,"column":14},"end":{"line":122,"column":33}},"40":{"start":{"line":123,"column":14},"end":{"line":123,"column":51}},"41":{"start":{"line":124,"column":14},"end":{"line":127,"column":17}},"42":{"start":{"line":131,"column":14},"end":{"line":131,"column":38}},"43":{"start":{"line":138,"column":6},"end":{"line":138,"column":48}},"44":{"start":{"line":141,"column":4},"end":{"line":141,"column":22}},"45":{"start":{"line":151,"column":25},"end":{"line":204,"column":7}},"46":{"start":{"line":156,"column":6},"end":{"line":203,"column":36}},"47":{"start":{"line":157,"column":8},"end":{"line":202,"column":9}},"48":{"start":{"line":158,"column":10},"end":{"line":201,"column":11}},"49":{"start":{"line":160,"column":14},"end":{"line":160,"column":103}},"50":{"start":{"line":161,"column":14},"end":{"line":161,"column":128}},"51":{"start":{"line":162,"column":14},"end":{"line":162,"column":33}},"52":{"start":{"line":163,"column":14},"end":{"line":163,"column":33}},"53":{"start":{"line":164,"column":14},"end":{"line":164,"column":89}},"54":{"start":{"line":167,"column":14},"end":{"line":167,"column":36}},"55":{"start":{"line":168,"column":14},"end":{"line":168,"column":49}},"56":{"start":{"line":169,"column":14},"end":{"line":169,"column":33}},"57":{"start":{"line":170,"column":14},"end":{"line":170,"column":57}},"58":{"start":{"line":173,"column":14},"end":{"line":173,"column":38}},"59":{"start":{"line":174,"column":14},"end":{"line":174,"column":97}},"60":{"start":{"line":175,"column":14},"end":{"line":186,"column":17}},"61":{"start":{"line":187,"column":14},"end":{"line":187,"column":34}},"62":{"start":{"line":188,"column":14},"end":{"line":188,"column":20}},"63":{"start":{"line":191,"column":14},"end":{"line":191,"column":34}},"64":{"start":{"line":192,"column":14},"end":{"line":192,"column":51}},"65":{"start":{"line":193,"column":14},"end":{"line":196,"column":17}},"66":{"start":{"line":200,"column":14},"end":{"line":200,"column":38}},"67":{"start":{"line":207,"column":6},"end":{"line":207,"column":51}},"68":{"start":{"line":210,"column":4},"end":{"line":210,"column":25}},"69":{"start":{"line":220,"column":25},"end":{"line":255,"column":7}},"70":{"start":{"line":224,"column":6},"end":{"line":254,"column":35}},"71":{"start":{"line":225,"column":8},"end":{"line":253,"column":9}},"72":{"start":{"line":226,"column":10},"end":{"line":252,"column":11}},"73":{"start":{"line":228,"column":14},"end":{"line":228,"column":55}},"74":{"start":{"line":229,"column":14},"end":{"line":229,"column":33}},"75":{"start":{"line":230,"column":14},"end":{"line":230,"column":33}},"76":{"start":{"line":231,"column":14},"end":{"line":231,"column":66}},"77":{"start":{"line":234,"column":14},"end":{"line":237,"column":17}},"78":{"start":{"line":238,"column":14},"end":{"line":238,"column":34}},"79":{"start":{"line":239,"column":14},"end":{"line":239,"column":20}},"80":{"start":{"line":242,"column":14},"end":{"line":242,"column":33}},"81":{"start":{"line":243,"column":14},"end":{"line":243,"column":51}},"82":{"start":{"line":244,"column":14},"end":{"line":247,"column":17}},"83":{"start":{"line":251,"column":14},"end":{"line":251,"column":38}},"84":{"start":{"line":258,"column":6},"end":{"line":258
[...]
mn":12},"end":{"line":167,"column":1}},"line":33},"1":{"name":"Transaction","decl":{"start":{"line":34,"column":11},"end":{"line":34,"column":22}},"loc":{"start":{"line":34,"column":25},"end":{"line":36,"column":3}},"line":34},"2":{"name":"(anonymous_2)","decl":{"start":{"line":51,"column":11},"end":{"line":51,"column":12}},"loc":{"start":{"line":51,"column":23},"end":{"line":86,"column":5}},"line":51},"3":{"name":"_callee","decl":{"start":{"line":54,"column":44},"end":{"line":54,"column":51}},"loc":{"start":{"line":54,"column":116},"end":{"line":79,"column":7}},"line":54},"4":{"name":"_callee$","decl":{"start":{"line":56,"column":53},"end":{"line":56,"column":61}},"loc":{"start":{"line":56,"column":72},"end":{"line":78,"column":9}},"line":56},"5":{"name":"createTransaction","decl":{"start":{"line":81,"column":15},"end":{"line":81,"column":32}},"loc":{"start":{"line":81,"column":62},"end":{"line":83,"column":7}},"line":81},"6":{"name":"(anonymous_6)","decl":{"start":{"line":95,"column":11},"end":{"line":95,"column":12}},"loc":{"start":{"line":95,"column":23},"end":{"line":125,"column":5}},"line":95},"7":{"name":"_callee2","decl":{"start":{"line":98,"column":44},"end":{"line":98,"column":52}},"loc":{"start":{"line":98,"column":68},"end":{"line":118,"column":7}},"line":98},"8":{"name":"_callee2$","decl":{"start":{"line":100,"column":53},"end":{"line":100,"column":62}},"loc":{"start":{"line":100,"column":74},"end":{"line":117,"column":9}},"line":100},"9":{"name":"findTransaction","decl":{"start":{"line":120,"column":15},"end":{"line":120,"column":30}},"loc":{"start":{"line":120,"column":41},"end":{"line":122,"column":7}},"line":120},"10":{"name":"(anonymous_10)","decl":{"start":{"line":134,"column":11},"end":{"line":134,"column":12}},"loc":{"start":{"line":134,"column":23},"end":{"line":164,"column":5}},"line":134},"11":{"name":"_callee3","decl":{"start":{"line":137,"column":44},"end":{"line":137,"column":52}},"loc":{"start":{"line":137,"column":55},"end":{"line":157,"column":7}},"line":137},"12":{"name":"_callee3$","decl":{"start":{"line":139,"column":53},"end":{"line":139,"column":62}},"loc":{"start":{"line":139,"column":74},"end":{"line":156,"column":9}},"line":139},"13":{"name":"getAllTransactions","decl":{"start":{"line":159,"column":15},"end":{"line":159,"column":33}},"loc":{"start":{"line":159,"column":36},"end":{"line":161,"column":7}},"line":159}},"branchMap":{"0":{"loc":{"start":{"line":58,"column":12},"end":{"line":76,"column":13}},"type":"switch","locations":[{"start":{"line":59,"column":14},"end":{"line":67,"column":125}},{"start":{"line":69,"column":14},"end":{"line":71,"column":65}},{"start":{"line":73,"column":14},"end":{"line":73,"column":21}},{"start":{"line":74,"column":14},"end":{"line":75,"column":39}}],"line":58},"1":{"loc":{"start":{"line":102,"column":12},"end":{"line":115,"column":13}},"type":"switch","locations":[{"start":{"line":103,"column":14},"end":{"line":106,"column":47}},{"start":{"line":108,"column":14},"end":{"line":110,"column":63}},{"start":{"line":112,"column":14},"end":{"line":112,"column":21}},{"start":{"line":113,"column":14},"end":{"line":114,"column":40}}],"line":102},"2":{"loc":{"start":{"line":141,"column":12},"end":{"line":154,"column":13}},"type":"switch","locations":[{"start":{"line":142,"column":14},"end":{"line":145,"column":47}},{"start":{"line":147,"column":14},"end":{"line":149,"column":63}},{"start":{"line":151,"column":14},"end":{"line":151,"column":21}},{"start":{"line":152,"column":14},"end":{"line":153,"column":40}}],"line":141}},"s":{"0":1,"1":1,"2":1,"3":1,"4":1,"5":1,"6":1,"7":1,"8":1,"9":0,"10":1,"11":1,"12":3,"13":9,"14":9,"15":3,"16":3,"17":3,"18":3,"19":3,"20":3,"21":3,"22":3,"23":3,"24":3,"25":1,"26":1,"27":3,"28":9,"29":9,"30":3,"31":3,"32":3,"33":3,"34":3,"35":3,"36":3,"37":1,"38":1,"39":1,"40":3,"41":3,"42":1,"43":1,"44":1,"45":1,"46":1,"47":1,"48":1,"49":1,"50":1,"51":1,"52":1},"f":{"0":1,"1":0,"2":1,"3":3,"4":9,"5":3,"6":1,"7":3,"8":9,"9":3,"10":1,"11":1,"12":3,"13":1},"b":{"0":[3,3,0,3],"1":[3,3,0,3],"2":[1,1,0,1]},"_coverageSchema":"43e27e138ebf9cfc5966b082cf9a028302ed4184","hash":"10141a85d3c6c359c8013bb543e25c4c6545eae3","contentHash":"8b7b4d4395e17f761e9440f3c3a9b689b492b9011ecfaf27908ab849c60cfbec"},"C:\\Users\\USER\\Desktop\\projects\\banka_api\\banka_api\\middleware\\check_balance.js":{"path":"C:\\Users\\USER\\Desktop\\projects\\banka_api\\banka_api\\middleware\\check_balance.js","statementMap":{"0":{"start":{"line":3,"column":29},"end":{"line":3,"column":84}},"1":{"start":{"line":5,"column":0},"end":{"line":7,"column":3}},"2":{"start":{"line":8,"column":0},"end":{"line":8,"column":28}},"3":{"start":{"line":10,"column":19},"end":{"line":10,"column":80}},"4":{"start":{"line":12,"column":25},"end":{"line":12,"column":99}},"5":{"start":{"line":14,"column":15},"end":{"line":14,"column":77}},"6":{"start":{"line":18,"column":0},"end":{"line":61,"column":3}},"7":{"start":{"line":19,"column":13},"end":{"line":56,"column":5}},"8":{"start":{"line":23,"column":4},"end":{"line":55,"column":16}},"9":{"start":{"line":24,"column":6},"end":{"line":54,"column":7}},"10":{"start":{"line":25,"column":8},"end":{"line":53,"column":9}},"11":{"start":{"line":27,"column":12},"end":{"line":27,"column":53}},"12":{"start":{"line":28,"column":12},"end":{"line":28,"column":37}},"13":{"start":{"line":29,"column":12},"end":{"line":29,"column":30}},"14":{"start":{"line":30,"column":12},"end":{"line":30,"column":83}},"15":{"start":{"line":33,"column":12},"end":{"line":33,"column":35}},"16":{"start":{"line":34,"column":12},"end":{"line":34,"column":32}},"17":{"start":{"line":36,"column":12},"end":{"line":39,"column":13}},"18":{"start":{"line":37,"column":14},"end":{"line":37,"column":32}},"19":{"start":{"line":38,"column":14},"end":{"line":38,"column":20}},"20":{"start":{"line":41,"column":12},"end":{"line":44,"column":16}},"21":{"start":{"line":47,"column":12},"end":{"line":47,"column":39}},"22":{"start":{"line":48,"column":12},"end":{"line":48,"column":53}},"23":{"start":{"line":52,"column":12},"end":{"line":52,"column":35}},"24":{"start":{"line":58,"column":2},"end":{"line":60,"column":4}},"25":{"start":{"line":59,"column":4},"end":{"line":59,"column":39}},"26":{"start":{"line":63,"column":0},"end":{"line":63,"column":30}}},"fnMap":{"0":{"name":"(anonymous_0)","decl":{"start":{"line":18,"column":0},"end":{"line":18,"column":1}},"loc":{"start":{"line":18,"column":12},"end":{"line":61,"column":1}},"line":18},"1":{"name":"_callee","decl":{"start":{"line":21,"column":40},"end":{"line":21,"column":47}},"loc":{"start":{"line":21,"column":64},"end":{"line":56,"column":3}},"line":21},"2":{"name":"_callee$","decl":{"start":{"line":23,"column":49},"end":{"line":23,"column":57}},"loc":{"start":{"line":23,"column":68},"end":{"line":55,"column":5}},"line":23},"3":{"name":"(anonymous_3)","decl":{"start":{"line":58,"column":9},"end":{"line":58,"column":10}},"loc":{"start":{"line":58,"column":33},"end":{"line":60,"column":3}},"line":58}},"branchMap":{"0":{"loc":{"start":{"line":25,"column":8},"end":{"line":53,"column":9}},"type":"switch","locations":[{"start":{"line":26,"column":10},"end":{"line":30,"column":83}},{"start":{"line":32,"column":10},"end":{"line":44,"column":16}},{"start":{"line":46,"column":10},"end":{"line":48,"column":53}},{"start":{"line":50,"column":10},"end":{"line":50,"column":18}},{"start":{"line":51,"column":10},"end":{"line":52,"column":35}}],"line":25},"1":{"loc":{"start":{"line":36,"column":12},"end":{"line":39,"column":13}},"type":"if","locations":[{"start":{"line":36,"column":12},"end":{"line":39,"column":13}},{"start":{"line":36,"column":12},"end":{"line":39,"column":13}}],"line":36}},"s":{"0":1,"1":1,"2":1,"3":1,"4":1,"5":1,"6":1,"7":1,"8":1,"9":3,"10":4,"11":1,"12":1,"13":1,"14":1,"15":1,"16":1,"17":1,"18":1,"19":1,"20":0,"21":1,"22":1,"23":1,"24":1,"25":1,"26":1},"f":{"0":1,"1":1,"2":3,"3":1},"b":{"0":[1,1,1,0,1],"1":[1,0]},"_coverageSchema":"43e27e138ebf9cfc5966b082cf9a028302ed4184","hash":"ff8b5cc81e68762ce88d6335aab18594853d8011","contentHash":"042f64bc37d478e964bf30b77785c9effe53898cb49ead3bb5297e805f77779e"},"C:\\Users\\USER\\Desktop\\projects\\banka_api\\banka_api\\middleware\\transaction_validation.js":{"path":"C:\\Users\\USER\\Desktop\\projects\\banka_api\\banka_api\\middleware\\transaction_validation.js","statementMap":{"0":{"start":{"line":3,"column":29},"end":{"line":3,"column":84}},"1":{"start":{"line":5,"column":0},"end":{"line":7,"column":3}},"2":{"start":{"line":8,"column":0},"end":{"line":8,"column":28}},"3":{"start":{"line":10,"column":19},"end":{"line":10,"column":80}},"4":{"start":{"line":12,"column":25},"end":{"line":12,"column":99}},"5":{"start":{"line":14,"column":19},"end":{"line":14,"column":85}},"6":{"start":{"line":25,"column":0},"end":{"line":75,"column":3}},"7":{"start":{"line":26,"column":13},"end":{"line":70,"column":5}},"8":{"start":{"line":30,"column":4},"end":{"line":69,"column":33}},"9":{"start":{"line":31,"column":6},"end":{"line":68,"column":7}},"10":{"start":{"line":32,"column":8},"end":{"line":67,"column":9}},"11":{"start":{"line":34,"column":12},"end":{"line":34,"column":53}},"12":{"start":{"line":35,"column":12},"end":{"line":35,"column":30}},"13":{"start":{"line":36,"column":12},"end":{"line":36,"column":30}},"14":{"start":{"line":37,"column":12},"end":{"line":37,"column":80}},"15":{"start":{"line":40,"column":12},"end":{"line":40,"column":40}},"16":{"start":{"line":42,"column":12},"end":{"line":45,"column":13}},"17":{"start":{"line":43,"column":14},"end":{"line":43,"column":32}},"18":{"start":{"line":44,"column":14},"end":{"line":44,"column":20}},"19":{"start":{"line":47,"column":12},"end":{"line":47,"column":50}},"20":{"start":{"line":48,"column":12},"end":{"line":48,"column":53}},"21":{"start":{"line":51,"column":12},"end":{"line":54,"column":16}},"22":{"start":{"line":57,"column":12},"end":{"line":57,"column":31}},"23":{"start":{"line":58,"column":12},"end":{"line":58,"column":47}},"24":{"start":{"line":59,"column":12},"end":{"line":62,"column":16}},"25":{"start":{"line":66,"column":12},"end":{"line":66,"column":35}},"26":{"start":{"line":72,"column":2},"end":{"line":74,"column":4}},"27":{"start":{"line":73,"column":4},"end":{"line":73,"column":39}},"28":{"start":{"line":77,"column":15},"end":{"line":77,"column":42}},"29":{"start":{"line":78,"column":0},"end":{"line":78,"column":30}}},"fnMap":{"0":{"name":"(anonymous_0)","decl":{"start":{"line":25,"column":0},"end":{"line":25,"column":1}},"loc":{"start":{"line":25,"column":12},"end":{"line":75,"column":1}},"line":25},"1":{"name":"_callee","decl":{"start":{"line":28,"column":40},"end":{"line":28,"column":47}},"loc":{"start":{"line":28,"column":64},"end":{"line":70,"column":3}},"line":28},"2":{"name":"_callee$","decl":{"start":{"line":30,"column":49},"end":{"line":30,"column":57}},"loc":{"start":{"line":30,"column":68},"end":{"line":69,"column":5}},"line":30},"3":{"name":"transactionNumberValidation","decl":{"start":{"line":72,"column":18},"end":{"line":72,"column":45}},"loc":{"start":{"line":72,"column":60},"end":{"line":74,"column":3}},"line":72}},"branchMap":{"0":{"loc":{"start":{"line":32,"column":8},"end":{"line":67,"column":9}},"type":"switch","locations":[{"start":{"line":33,"column":10},"end":{"line":37,"column":80}},{"start":{"line":39,"column":10},"end":{"line":48,"column":53}},{"start":{"line":50,"column":10},"end":{"line":54,"column":16}},{"start":{"line":56,"column":10},"end":{"line":62,"column":16}},{"start":{"line":64,"column":10},"end":{"line":64,"column":18}},{"start":{"line":65,"column":10},"end":{"line":66,"column":35}}],"line":32},"1":{"loc":{"start":{"line":42,"column":12},"end":{"line":45,"column":13}},"type":"if","locations":[{"start":{"line":42,"column":12},"end":{"line":45,"column":13}},{"start":{"line":42,"column":12},"end":{"line":45,"column":13}}],"line":42}},"s":{"0":1,"1":1,"2":1,"3":1,"4":1,"5":1,"6":1,"7":1,"8":1,"9":3,"10":3,"11":1,"12":1,"13":1,"14":1,"15":1,"16":1,"17":0,"18":0,"19":1,"20":1,"21":0,"22":0,"23":0,"24":0,"25":1,"26":1,"27":1,"28":1,"29":1},"f":{"0":1,"1":1,"2":3,"3":1},"b":{"0":[1,1,0,0,0,1],"1":[0,1]},"_coverageSchema":"43e27e138ebf9cfc5966b082cf9a028302ed4184","hash":"80a3504e5dd3fb87c51d757e9645901f1252286e","contentHash":"cee97ef92e4cbca873da710bd2fffe14420522e526acff05bf9159855fa07cf9"},"C:\\Users\\USER\\Desktop\\projects\\banka_api\\banka_api\\middleware\\transaction_view_authentication.js":{"path":"C:\\Users\\USER\\Desktop\\projects\\banka_api\\banka_api\\middleware\\transaction_view_authentication.js","statementMap":{"0":{"start":{"line":3,"column":29},"end":{"line":3,"column":84}},"1":{"start":{"line":5,"column":0},"end":{"line":7,"column":3}},"2":{"start":{"line":8,"column":0},"end":{"line":8,"column":28}},"3":{"start":{"line":10,"column":19},"end":{"line":10,"column":80}},"4":{"start":{"line":12,"column":25},"end":{"line":12,"column":99}},"5":{"start":{"line":14,"column":15},"end":{"line":14,"column":77}},"6":{"start":{"line":16,"column":12},"end":{"line":16,"column":71}},"7":{"start":{"line":18,"column":19},"end":{"line":18,"column":85}},"8":{"start":{"line":22,"column":0},"end":{"line":118,"column":3}},"9":{"start":{"line":23,"column":13},"end":{"line":113,"column":5}},"10":{"start":{"line":27,"column":4},"end":{"line":112,"column":33}},"11":{"start":{"line":28,"column":6},"end":{"line":111,"column":7}},"12":{"start":{"line":29,"column":8},"end":{"line":110,"column":9}},"13":{"start":{"line":31,"column":12},"end":{"line":31,"column":97}},"14":{"start":{"line":32,"column":12},"end":{"line":32,"column":30}},"15":{"start":{"line":34,"column":12},"end":{"line":37,"column":13}},"16":{"start":{"line":35,"column":14},"end":{"line":35,"column":32}},"17":{"start":{"line":36,"column":14},"end":{"line":36,"column":20}},"18":{"start":{"line":39,"column":12},"end":{"line":39,"column":30}},"19":{"start":{"line":40,"column":12},"end":{"line":40,"column":61}},"20":{"start":{"line":43,"column":12},"end":{"line":43,"column":40}},"21":{"start":{"line":44,"column":12},"end":{"line":44,"column":30}},"22":{"start":{"line":45,"column":12},"end":{"line":45,"column":18}},"23":{"start":{"line":48,"column":12},"end":{"line":48,"column":32}},"24":{"start":{"line":51,"column":12},"end":{"line":51,"column":31}},"25":{"start":{"line":52,"column":12},"end":{"line":52,"column":53}},"26":{"start":{"line":53,"column":12},"end":{"line":53,"column":31}},"27":{"start":{"line":54,"column":12},"end":{"line":54,"column":80}},"28":{"start":{"line":57,"column":12},"end":{"line":57,"column":40}},"29":{"start":{"line":58,"column":12},"end":{"line":58,"column":57}},"30":{"start":{"line":60,"column":12},"end":{"line":63,"column":13}},"31":{"start":{"line":61,"column":14},"end":{"line":61,"column":33}},"32":{"start":{"line":62,"column":14},"end":{"line":62,"column":20}},"33":{"start":{"line":65,"column":12},"end":{"line":65,"column":53}},"34":{"start":{"line":68,"column":12},"end":{"line":71,"column":13}},"35":{"start":{"line":69,"column":14},"end":{"line":69,"column":33}},"36":{"start":{"line":70,"column":14},"end":{"line":70,"column":20}},"37":{"start":{"line":73,"column":12},"end":{"line":73,"column":31}},"38":{"start":{"line":74,"column":12},"end":{"line":74,"column":83}},"39":{"start":{"line":77,"column":12},"end":{"line":77,"column":35}},"40":{"start":{"line":79,"column":12},"end":{"line":82,"column":13}},"41":{"start":{"line":80,"column":14},"end":{"line":80,"column":33}},"42":{"start":{"line":81,"column":14},"end":{"line":81,"column":20}},"43":{"start":{"line":84,"column":12},"end":{"line":84,"column":53}},"44":{"start":{"line":87,"column":12},"end":{"line":90,"column":16}},"45":{"start":{"line":93,"column":12},"end":{"line":93,"column":31}},"46":{"start":{"line":94,"column":12},"end":{"line":94,"column":18}},"47":{"start":{"line":97,"column":12},"end":{"line":97,"column":31}},"48":{"start":{"line":98,"column":12},"end":{"line":98,"column":47}},"49":{"start":{"line":99,"column":12},"end":{"line":99,"column":37}},"50":{"start":{"line":102,"column":12},"end":{"line":105,"column":16}},"51":{"start":{"line":109,"column":12},"end":{"line":109,"column":35}},"52":{"start":{"line":115,"column":2},"end":{"line":117,"column":4}},"53":{"start":{"line":116,"column":4},"end":{"line":116,"column":39}},"54":{"start":{"line":120,"column":0},"end":{"line":120,"column":30}}},"fnMap":{"0":{"name":"(anonymous_0)","decl":{"start":{"line":22,"column":0},"end":{"line":22,"column":1}},"loc":{"start":{"line":22,"column":12},"end":{"line":118,"column":1}},"line":22},"1":{"name":"_callee","decl":{"start":{"line":25,"column":40},"end":{"line":25,"column":47}},"loc":{"start":{"line":25,"column":64},"end":{"line":113,"column":3}},"line":25},"2":{"name":"_callee$","decl":{"start":{"line":27,"column":49},"end":{"line":27,"column":57}},"loc":{"start":{"line":27,"column":68},"end":{"line":112,"column":5}},"line":27},"3":{"name":"(anonymous_3)","decl":{"start":{"line":115,"column":9},"end":{"line":115,"column":10}},"loc":{"start":{"line":115,"column":33},"end":{"line":117,"column":3}},"line":115}},"branchMap":{"0":{"loc":{"start":{"line":29,"column":8},"end":{"line":110,"column":9}},"type":"switch","locations":[{"start":{"line":30,"column":10},"end":{"line":40,"column":61}},{"start":{"line":42,"column":10},"end":{"line":45,"column":18}},{"start":{"line":47,"column":10},"end":{"line":48,"column":32}},{"start":{"line":50,"column":10},"end":{"line":54,"column":80}},{"start":{"line":56,"column":10},"end":{"line":65,"column":53}},{"start":{"line":67,"column":10},"end":{"line":74,"column":83}},{"start":{"line":76,"column":10},"end":{"line":84,"column":53}},{"start":{"line":86,"column":10},"end":{"line":90,"column":16}},{"start":{"line":92,"column":10},"end":{"line":94,"column":18}},{"start":{"line":96,"column":10},"end":{"line":99,"column":37}},{"start":{"line":101,"column":10},"end":{"line":105,"column":16}},{"start":{"line":107,"column":10},"end":{"line":107,"column":18}},{"start":{"line":108,"column":10},"end":{"line":109,"column":35}}],"line":29},"1":{"loc":{"start":{"line":31,"column":20},"end":{"line":31,"column":96}},"type":"binary-expr","locations":[{"start":{"line":31,"column":20},"end":{"line":31,"column":34}},{"start":{"line":31,"column":38},"end":{"line":31,"column":63}},{"start":{"line":31,"column":67},"end":{"line":31,"column":96}}],"line":31},"2":{"loc":{"start":{"line":34,"column":12},"end":{"line":37,"column":13}},"type":"if","locations":[{"start":{"line":34,"column":12},"end":{"line":37,"column":13}},{"start":{"line":34,"column":12},"end":{"line":37,"column":13}}],"line":34},"3":{"loc":{"start":{"line":60,"column":12},"end":{"line":63,"column":13}},"type":"if","locations":[{"start":{"line":60,"column":12},"end":{"line":63,"column":13}},{"start":{"line":60,"column":12},"end":{"line":63,"column":13}}],"line":60},"4":{"loc":{"start":{"line":68,"column":12},"end":{"line":71,"column":13}},"type":"if","locations":[{"start":{"line":68,"column":12},"end":{"line":71,"column":13}},{"start":{"line":68,"column":12},"end":{"line":71,"column":13}}],"line":68},"5":{"loc":{"start":{"line":79,"column":12},"end":{"line":82,"column":13}},"type":"if","locations":[{"start":{"line":79,"column":12},"end":{"line":82,"column":13}},{"start":{"line":79,"column":12},"end":{"line":82,"column":13}}],"line":79}},"s":{"0":1,"1":1,"2":1,"3":1,"4":1,"5":1,"6":1,"7":1,"8":1,"9":1,"10":1,"11":4,"12":5,"13":1,"14":1,"15":1,"16":0,"17":0,"18":1,"19":1,"20":1,"21":1,"22":1,"23":0,"24":1,"25":1,"26":1,"27":1,"28":1,"29":1,"30":1,"31":0,"32":0,"33":1,"34":0,"35":0,"36":0,"37":0,"38":0,"39":0,"40":0,"41":0,"42":0,"43":0,"44":0,"45":0,"46":0,"47":0,"48":0,"49":0,"50":0,"51":1,"52":1,"53":1,"54":1},"f":{"0":1,"1":1,"2":4,"3":1},"b":{"0":[1,1,0,1,1,0,0,0,0,0,0,0,1],"1":[1,0,0],"2":[0,1],"3":[0,1],"4":[0,0],"5":[0,0]},"_coverageSchema":"43e27e138ebf9cfc5966b082cf9a028302ed4184","hash":"7af1fc8ff54b3f1278e9547ac4884f80c662af5c","contentHash":"18a18a8e3e4cabf500f6c86d7380f57ff0be951e0b3d740e0cbd74ea15c559dc"}}