{"C:\\Users\\USER\\Desktop\\projects\\banka_api\\banka_api\\tests\\index.js":{"path":"C:\\Users\\USER\\Desktop\\projects\\banka_api\\banka_api\\tests\\index.js","statementMap":{"0":{"start":{"line":3,"column":0},"end":{"line":3,"column":30}},"1":{"start":{"line":5,"column":0},"end":{"line":5,"column":30}},"2":{"start":{"line":7,"column":0},"end":{"line":7,"column":48}},"3":{"start":{"line":9,"column":0},"end":{"line":9,"column":41}},"4":{"start":{"line":11,"column":0},"end":{"line":11,"column":48}},"5":{"start":{"line":13,"column":0},"end":{"line":13,"column":33}},"6":{"start":{"line":15,"column":0},"end":{"line":15,"column":37}},"7":{"start":{"line":17,"column":0},"end":{"line":17,"column":36}},"8":{"start":{"line":19,"column":0},"end":{"line":19,"column":49}},"9":{"start":{"line":21,"column":0},"end":{"line":21,"column":47}},"10":{"start":{"line":23,"column":0},"end":{"line":23,"column":39}}},"fnMap":{},"branchMap":{},"s":{"0":1,"1":1,"2":1,"3":1,"4":1,"5":1,"6":1,"7":1,"8":1,"9":1,"10":1},"f":{},"b":{},"_coverageSchema":"43e27e138ebf9cfc5966b082cf9a028302ed4184","hash":"fc7d8b94c373bb5f4908dd44fee16a14d76a38ba","contentHash":"91a567962a426d91aa70257132358384b3da985a9c9c21b6f02a3613f4931f1c"},"C:\\Users\\USER\\Desktop\\projects\\banka_api\\banka_api\\server\\server.js":{"path":"C:\\Users\\USER\\Desktop\\projects\\banka_api\\banka_api\\server\\server.js","statementMap":{"0":{"start":{"line":3,"column":29},"end":{"line":3,"column":84}},"1":{"start":{"line":5,"column":0},"end":{"line":7,"column":3}},"2":{"start":{"line":8,"column":0},"end":{"line":8,"column":28}},"3":{"start":{"line":10,"column":0},"end":{"line":10,"column":25}},"4":{"start":{"line":12,"column":15},"end":{"line":12,"column":57}},"5":{"start":{"line":14,"column":18},"end":{"line":14,"column":64}},"6":{"start":{"line":16,"column":10},"end":{"line":16,"column":34}},"7":{"start":{"line":18,"column":12},"end":{"line":18,"column":72}},"8":{"start":{"line":20,"column":15},"end":{"line":20,"column":78}},"9":{"start":{"line":22,"column":19},"end":{"line":22,"column":86}},"10":{"start":{"line":31,"column":10},"end":{"line":31,"column":36}},"11":{"start":{"line":32,"column":0},"end":{"line":32,"column":39}},"12":{"start":{"line":33,"column":0},"end":{"line":35,"column":4}},"13":{"start":{"line":36,"column":0},"end":{"line":36,"column":22}},"14":{"start":{"line":38,"column":0},"end":{"line":48,"column":3}},"15":{"start":{"line":39,"column":2},"end":{"line":39,"column":49}},"16":{"start":{"line":40,"column":2},"end":{"line":40,"column":116}},"17":{"start":{"line":42,"column":2},"end":{"line":45,"column":3}},"18":{"start":{"line":43,"column":4},"end":{"line":43,"column":88}},"19":{"start":{"line":44,"column":4},"end":{"line":44,"column":36}},"20":{"start":{"line":47,"column":2},"end":{"line":47,"column":9}},"21":{"start":{"line":50,"column":0},"end":{"line":50,"column":42}},"22":{"start":{"line":51,"column":0},"end":{"line":51,"column":42}},"23":{"start":{"line":52,"column":0},"end":{"line":52,"column":57}},"24":{"start":{"line":53,"column":0},"end":{"line":53,"column":41}},"25":{"start":{"line":55,"column":0},"end":{"line":60,"column":3}},"26":{"start":{"line":56,"column":2},"end":{"line":59,"column":5}},"27":{"start":{"line":61,"column":13},"end":{"line":64,"column":2}},"28":{"start":{"line":63,"column":2},"end":{"line":63,"column":40}},"29":{"start":{"line":65,"column":15},"end":{"line":65,"column":21}},"30":{"start":{"line":66,"column":0},"end":{"line":66,"column":30}}},"fnMap":{"0":{"name":"(anonymous_0)","decl":{"start":{"line":38,"column":8},"end":{"line":38,"column":9}},"loc":{"start":{"line":38,"column":34},"end":{"line":48,"column":1}},"line":38},"1":{"name":"(anonymous_1)","decl":{"start":{"line":55,"column":8},"end":{"line":55,"column":9}},"loc":{"start":{"line":55,"column":28},"end":{"line":60,"column":1}},"line":55},"2":{"name":"(anonymous_2)","decl":{"start":{"line":61,"column":42},"end":{"line":61,"column":43}},"loc":{"start":{"line":61,"column":54},"end":{"line":64,"column":1}},"line":61}},"branchMap":{"0":{"loc":{"start":{"line":42,"column":2},"end":{"line":45,"column":3}},"type":"if","locations":[{"start":{"line":42,"column":2},"end":{"line":45,"column":3}},{"start":{"line":42,"column":2},"end":{"line":45,"column":3}}],"line":42}},"s":{"0":1,"1":1,"2":1,"3":1,"4":1,"5":1,"6":1,"7":1,"8":1,"9":1,"10":1,"11":1,"12":1,"13":1,"14":1,"15":34,"16":34,"17":34,"18":0,"19":0,"20":34,"21":1,"22":1,"23":1,"24":1,"25":1,"26":1,"27":1,"28":1,"29":1,"30":1},"f":{"0":34,"1":1,"2":1},"b":{"0":[0,34]},"_coverageSchema":"43e27e138ebf9cfc5966b082cf9a028302ed4184","hash":"a1048c4c5befc64fc0545cab6f85a8a4c599cdb1","contentHash":"ee331fe74b8e5d0d800df1e7289d8bbbe3c51b9def47c9fdd10e7107bdeefa05"},"C:\\Users\\USER\\Desktop\\projects\\banka_api\\banka_api\\server\\database\\db.js":{"path":"C:\\Users\\USER\\Desktop\\projects\\banka_api\\banka_api\\server\\database\\db.js","statementMap":{"0":{"start":{"line":3,"column":29},"end":{"line":3,"column":84}},"1":{"start":{"line":5,"column":0},"end":{"line":7,"column":3}},"2":{"start":{"line":8,"column":0},"end":{"line":8,"column":32}},"3":{"start":{"line":9,"column":0},"end":{"line":9,"column":32}},"4":{"start":{"line":10,"column":0},"end":{"line":10,"column":24}},"5":{"start":{"line":12,"column":19},"end":{"line":12,"column":80}},"6":{"start":{"line":14,"column":25},"end":{"line":14,"column":99}},"7":{"start":{"line":16,"column":14},"end":{"line":16,"column":31}},"8":{"start":{"line":18,"column":10},"end":{"line":18,"column":47}},"9":{"start":{"line":23,"column":0},"end":{"line":23,"column":22}},"10":{"start":{"line":24,"column":15},"end":{"line":30,"column":1}},"11":{"start":{"line":31,"column":11},"end":{"line":31,"column":44}},"12":{"start":{"line":32,"column":13},"end":{"line":32,"column":17}},"13":{"start":{"line":33,"column":0},"end":{"line":33,"column":24}},"14":{"start":{"line":34,"column":16},"end":{"line":34,"column":456}},"15":{"start":{"line":35,"column":19},"end":{"line":35,"column":370}},"16":{"start":{"line":36,"column":23},"end":{"line":36,"column":538}},"17":{"start":{"line":39,"column":2},"end":{"line":39,"column":44}},"18":{"start":{"line":43,"column":2},"end":{"line":77,"column":6}},"19":{"start":{"line":46,"column":4},"end":{"line":76,"column":32}},"20":{"start":{"line":47,"column":6},"end":{"line":75,"column":7}},"21":{"start":{"line":48,"column":8},"end":{"line":74,"column":9}},"22":{"start":{"line":50,"column":12},"end":{"line":50,"column":30}},"23":{"start":{"line":51,"column":12},"end":{"line":51,"column":30}},"24":{"start":{"line":52,"column":12},"end":{"line":52,"column":41}},"25":{"start":{"line":55,"column":12},"end":{"line":55,"column":30}},"26":{"start":{"line":56,"column":12},"end":{"line":56,"column":44}},"27":{"start":{"line":59,"column":12},"end":{"line":59,"column":30}},"28":{"start":{"line":60,"column":12},"end":{"line":60,"column":48}},"29":{"start":{"line":63,"column":12},"end":{"line":63,"column":31}},"30":{"start":{"line":64,"column":12},"end":{"line":64,"column":18}},"31":{"start":{"line":67,"column":12},"end":{"line":67,"column":30}},"32":{"start":{"line":68,"column":12},"end":{"line":68,"column":47}},"33":{"start":{"line":69,"column":12},"end":{"line":69,"column":37}},"34":{"start":{"line":73,"column":12},"end":{"line":73,"column":35}},"35":{"start":{"line":78,"column":2},"end":{"line":78,"column":44}},"36":{"start":{"line":82,"column":2},"end":{"line":82,"column":44}},"37":{"start":{"line":86,"column":2},"end":{"line":124,"column":6}},"38":{"start":{"line":90,"column":4},"end":{"line":123,"column":34}},"39":{"start":{"line":91,"column":6},"end":{"line":122,"column":7}},"40":{"start":{"line":92,"column":8},"end":{"line":121,"column":9}},"41":{"start":{"line":94,"column":12},"end":{"line":94,"column":53}},"42":{"start":{"line":95,"column":12},"end":{"line":95,"column":49}},"43":{"start":{"line":96,"column":12},"end":{"line":96,"column":46}},"44":{"start":{"line":97,"column":12},"end":{"line":97,"column":31}},"45":{"start":{"line":98,"column":12},"end":{"line":98,"column":31}},"46":{"start":{"line":99,"column":12},"end":{"line":99,"column":38}},"47":{"start":{"line":102,"column":12},"end":{"line":102,"column":31}},"48":{"start":{"line":103,"column":12},"end":{"line":103,"column":38}},"49":{"start":{"line":106,"column":12},"end":{"line":106,"column":32}},"50":{"start":{"line":107,"column":12},"end":{"line":107,"column":38}},"51":{"start":{"line":110,"column":12},"end":{"line":110,"column":32}},"52":{"start":{"line":111,"column":12},"end":{"line":111,"column":18}},"53":{"start":{"line":114,"column":12},"end":{"line":114,"column":32}},"54":{"start":{"line":115,"column":12},"end":{"line":115,"column":49}},"55":{"start":{"line":116,"column":12},"end":{"line":116,"column":38}},"56":{"start":{"line":120,"column":12},"end":{"line":120,"column":36}},"57":{"start":{"line":125,"column":2},"end":{"line":125,"column":44}}},"fnMap":{"0":{"name":"initDBPool","decl":{"start":{"line":38,"column":9},"end":{"line":38,"column":19}},"loc":{"start":{"line":38,"column":22},"end":{"line":40,"column":1}},"line":38},"1":{"name":"_initDBPool","decl":{"start":{"line":42,"column":9},"end":{"line":42,"column":20}},"loc":{"start":{"line":42,"column":23},"end":{"line":79,"column":1}},"line":42},"2":{"name":"_callee","decl":{"start":{"line":45,"column":40},"end":{"line":45,"column":47}},"loc":{"start":{"line":45,"column":50},"end":{"line":77,"column":3}},"line":45},"3":{"name":"_callee$","decl":{"start":{"line":46,"column":49},"end":{"line":46,"column":57}},"loc":{"start":{"line":46,"column":68},"end":{"line":76,"column":5}},"line":46},"4":{"name":"dropTables","decl":{"start":{"line":81,"column":9},"end":{"line":81,"column":19}},"loc":{"start":{"line":81,"column":22},"end":{"line":83,"column":1}},"line":81},"5":{"name":"_dropTables","decl":{"start":{"line":85,"column":9},"end":{"line":85,"column":20}},"loc":{"start":{"line":85,"column":23},"end":{"line":126,"column":1}},"line":85},"6":{"name":"_callee2","decl":{"start":{"line":88,"column":40},"end":{"line":88,"column":48}},"loc":{"start":{"line":88,"column":51},"end":{"line":124,"column":3}},"line":88},"7":{"name":"_callee2$","decl":{"start":{"line":90,"column":49},"end":{"line":90,"column":58}},"loc":{"start":{"line":90,"column":70},"end":{"line":123,"column":5}},"line":90}},"branchMap":{"0":{"loc":{"start":{"line":48,"column":8},"end":{"line":74,"column":9}},"type":"switch","locations":[{"start":{"line":49,"column":10},"end":{"line":52,"column":41}},{"start":{"line":54,"column":10},"end":{"line":56,"column":44}},{"start":{"line":58,"column":10},"end":{"line":60,"column":48}},{"start":{"line":62,"column":10},"end":{"line":64,"column":18}},{"start":{"line":66,"column":10},"end":{"line":69,"column":37}},{"start":{"line":71,"column":10},"end":{"line":71,"column":18}},{"start":{"line":72,"column":10},"end":{"line":73,"column":35}}],"line":48},"1":{"loc":{"start":{"line":92,"column":8},"end":{"line":121,"column":9}},"type":"switch","locations":[{"start":{"line":93,"column":10},"end":{"line":99,"column":38}},{"start":{"line":101,"column":10},"end":{"line":103,"column":38}},{"start":{"line":105,"column":10},"end":{"line":107,"column":38}},{"start":{"line":109,"column":10},"end":{"line":111,"column":18}},{"start":{"line":113,"column":10},"end":{"line":116,"column":38}},{"start":{"line":118,"column":10},"end":{"line":118,"column":18}},{"start":{"line":119,"column":10},"end":{"line":120,"column":36}}],"line":92}},"s":{"0":1,"1":1,"2":1,"3":1,"4":1,"5":1,"6":1,"7":1,"8":1,"9":1,"10":1,"11":1,"12":1,"13":1,"14":1,"15":1,"16":1,"17":1,"18":1,"19":1,"20":4,"21":5,"22":1,"23":1,"24":1,"25":1,"26":1,"27":1,"28":1,"29":1,"30":1,"31":0,"32":0,"33":0,"34":1,"35":1,"36":0,"37":0,"38":0,"39":0,"40":0,"41":0,"42":0,"43":0,"44":0,"45":0,"46":0,"47":0,"48":0,"49":0,"50":0,"51":0,"52":0,"53":0,"54":0,"55":0,"56":0,"57":0},"f":{"0":1,"1":1,"2":1,"3":4,"4":0,"5":0,"6":0,"7":0},"b":{"0":[1,1,1,1,0,1,1],"1":[0,0,0,0,0,0,0]},"_coverageSchema":"43e27e138ebf9cfc5966b082cf9a028302ed4184","hash":"2d11a67f66dc1ceecae8f5b5162f3c3facf0e8fe","contentHash":"a6c4d037428a741453f6ba92a0da3996c5d86c14b97a958ddb68f28bb2992b5f"},"C:\\Users\\USER\\Desktop\\projects\\banka_api\\banka_api\\server\\src\\routers\\user.routes.js":{"path":"C:\\Users\\USER\\Desktop\\projects\\banka_api\\banka_api\\server\\src\\routers\\user.routes.js","statementMap":{"0":{"start":{"line":3,"column":29},"end":{"line":3,"column":84}},"1":{"start":{"line":5,"column":0},"end":{"line":7,"column":3}},"2":{"start":{"line":8,"column":0},"end":{"line":8,"column":28}},"3":{"start":{"line":10,"column":15},"end":{"line":10,"column":57}},"4":{"start":{"line":12,"column":14},"end":{"line":12,"column":87}},"5":{"start":{"line":14,"column":14},"end":{"line":14,"column":83}},"6":{"start":{"line":16,"column":24},"end":{"line":16,"column":105}},"7":{"start":{"line":18,"column":24},"end":{"line":18,"column":102}},"8":{"start":{"line":20,"column":14},"end":{"line":20,"column":80}},"9":{"start":{"line":22,"column":12},"end":{"line":22,"column":69}},"10":{"start":{"line":24,"column":19},"end":{"line":24,"column":98}},"11":{"start":{"line":26,"column":13},"end":{"line":26,"column":41}},"12":{"start":{"line":28,"column":12},"end":{"line":28,"column":77}},"13":{"start":{"line":30,"column":13},"end":{"line":30,"column":41}},"14":{"start":{"line":40,"column":0},"end":{"line":40,"column":122}},"15":{"start":{"line":51,"column":0},"end":{"line":51,"column":72}},"16":{"start":{"line":62,"column":0},"end":{"line":62,"column":152}},"17":{"start":{"line":63,"column":15},"end":{"line":63,"column":21}},"18":{"start":{"line":64,"column":0},"end":{"line":64,"column":30}}},"fnMap":{},"branchMap":{},"s":{"0":1,"1":1,"2":1,"3":1,"4":1,"5":1,"6":1,"7":1,"8":1,"9":1,"10":1,"11":1,"12":1,"13":1,"14":1,"15":1,"16":1,"17":1,"18":1},"f":{},"b":{},"_coverageSchema":"43e27e138ebf9cfc5966b082cf9a028302ed4184","hash":"22e3bef2402633cde7c7dccc96a34aa915702c99","contentHash":"64e312cbc2d0d7b3a21e23dfe2098d8f77e7e3e1768061512c2325a074598d2a"},"C:\\Users\\USER\\Desktop\\projects\\banka_api\\banka_api\\server\\middleware\\signin.authentication.js":{"path":"C:\\Users\\USER\\Desktop\\projects\\banka_api\\banka_api\\server\\middleware\\signin.authentication.js","statementMap":{"0":{"start":{"line":3,"column":29},"end":{"line":3,"column":84}},"1":{"start":{"line":5,"column":0},"end":{"line":7,"column":3}},"2":{"start":{"line":8,"column":0},"end":{"line":8,"column":28}},"3":{"start":{"line":10,"column":19},"end":{"line":10,"column":80}},"4":{"start":{"line":12,"column":25},"end":{"line":12,"column":99}},"5":{"start":{"line":14,"column":14},"end":{"line":14,"column":55}},"6":{"start":{"line":16,"column":12},"end":{"line":16,"column":71}},"7":{"start":{"line":28,"column":0},"end":{"line":81,"column":3}},"8":{"start":{"line":29,"column":13},"end":{"line":76,"column":5}},"9":{"start":{"line":34,"column":4},"end":{"line":75,"column":33}},"10":{"start":{"line":35,"column":6},"end":{"line":74,"column":7}},"11":{"start":{"line":36,"column":8},"end":{"line":73,"column":9}},"12":{"start":{"line":38,"column":12},"end":{"line":38,"column":89}},"13":{"start":{"line":39,"column":12},"end":{"line":39,"column":30}},"14":{"start":{"line":40,"column":12},"end":{"line":40,"column":30}},"15":{"start":{"line":41,"column":12},"end":{"line":41,"column":61}},"16":{"start":{"line":44,"column":12},"end":{"line":44,"column":35}},"17":{"start":{"line":45,"column":12},"end":{"line":45,"column":29}},"18":{"start":{"line":46,"column":12},"end":{"line":46,"column":98}},"19":{"start":{"line":48,"column":12},"end":{"line":57,"column":13}},"20":{"start":{"line":49,"column":14},"end":{"line":49,"column":35}},"21":{"start":{"line":50,"column":14},"end":{"line":50,"column":30}},"22":{"start":{"line":51,"column":14},"end":{"line":51,"column":21}},"23":{"start":{"line":53,"column":14},"end":{"line":56,"column":17}},"24":{"start":{"line":59,"column":12},"end":{"line":59,"column":31}},"25":{"start":{"line":60,"column":12},"end":{"line":60,"column":18}},"26":{"start":{"line":63,"column":12},"end":{"line":63,"column":31}},"27":{"start":{"line":64,"column":12},"end":{"line":64,"column":47}},"28":{"start":{"line":65,"column":12},"end":{"line":68,"column":15}},"29":{"start":{"line":72,"column":12},"end":{"line":72,"column":35}},"30":{"start":{"line":78,"column":2},"end":{"line":80,"column":4}},"31":{"start":{"line":79,"column":4},"end":{"line":79,"column":39}},"32":{"start":{"line":83,"column":0},"end":{"line":83,"column":30}}},"fnMap":{"0":{"name":"(anonymous_0)","decl":{"start":{"line":28,"column":0},"end":{"line":28,"column":1}},"loc":{"start":{"line":28,"column":12},"end":{"line":81,"column":1}},"line":28},"1":{"name":"_callee","decl":{"start":{"line":31,"column":40},"end":{"line":31,"column":47}},"loc":{"start":{"line":31,"column":64},"end":{"line":76,"column":3}},"line":31},"2":{"name":"_callee$","decl":{"start":{"line":34,"column":49},"end":{"line":34,"column":57}},"loc":{"start":{"line":34,"column":68},"end":{"line":75,"column":5}},"line":34},"3":{"name":"(anonymous_3)","decl":{"start":{"line":78,"column":9},"end":{"line":78,"column":10}},"loc":{"start":{"line":78,"column":33},"end":{"line":80,"column":3}},"line":78}},"branchMap":{"0":{"loc":{"start":{"line":36,"column":8},"end":{"line":73,"column":9}},"type":"switch","locations":[{"start":{"line":37,"column":10},"end":{"line":41,"column":61}},{"start":{"line":43,"column":10},"end":{"line":60,"column":18}},{"start":{"line":62,"column":10},"end":{"line":68,"column":15}},{"start":{"line":70,"column":10},"end":{"line":70,"column":18}},{"start":{"line":71,"column":10},"end":{"line":72,"column":35}}],"line":36},"1":{"loc":{"start":{"line":46,"column":27},"end":{"line":46,"column":97}},"type":"cond-expr","locations":[{"start":{"line":46,"column":34},"end":{"line":46,"column":89}},{"start":{"line":46,"column":92},"end":{"line":46,"column":97}}],"line":46},"2":{"loc":{"start":{"line":48,"column":12},"end":{"line":57,"column":13}},"type":"if","locations":[{"start":{"line":48,"column":12},"end":{"line":57,"column":13}},{"start":{"line":48,"column":12},"end":{"line":57,"column":13}}],"line":48},"3":{"loc":{"start":{"line":48,"column":16},"end":{"line":48,"column":36}},"type":"binary-expr","locations":[{"start":{"line":48,"column":16},"end":{"line":48,"column":20}},{"start":{"line":48,"column":24},"end":{"line":48,"column":36}}],"line":48}},"s":{"0":1,"1":1,"2":1,"3":1,"4":1,"5":1,"6":1,"7":1,"8":1,"9":10,"10":20,"11":30,"12":10,"13":10,"14":10,"15":10,"16":10,"17":10,"18":10,"19":10,"20":9,"21":9,"22":9,"23":1,"24":10,"25":10,"26":0,"27":0,"28":0,"29":10,"30":1,"31":10,"32":1},"f":{"0":1,"1":10,"2":20,"3":10},"b":{"0":[10,10,0,10,10],"1":[10,0],"2":[9,1],"3":[10,10]},"_coverageSchema":"43e27e138ebf9cfc5966b082cf9a028302ed4184","hash":"d8f66205c20d76721ff93b1e0db5bb6d211b2ab2","contentHash":"52ac4b6c03805daa0bd34db6968f187df20f92503b01baa26c3deed738a2d005"},"C:\\Users\\USER\\Desktop\\projects\\banka_api\\banka_api\\server\\src\\models\\user.model.js":{"path":"C:\\Users\\USER\\Desktop\\projects\\banka_api\\banka_api\\server\\src\\models\\user.model.js","statementMap":{"0":{"start":{"line":3,"column":29},"end":{"line":3,"column":84}},"1":{"start":{"line":5,"column":0},"end":{"line":7,"column":3}},"2":{"start":{"line":8,"column":0},"end":{"line":8,"column":28}},"3":{"start":{"line":10,"column":19},"end":{"line":10,"column":80}},"4":{"start":{"line":12,"column":25},"end":{"line":12,"column":99}},"5":{"start":{"line":14,"column":23},"end":{"line":14,"column":95}},"6":{"start":{"line":16,"column":20},"end":{"line":16,"column":89}},"7":{"start":{"line":18,"column":10},"end":{"line":18,"column":38}},"8":{"start":{"line":20,"column":13},"end":{"line":20,"column":41}},"9":{"start":{"line":31,"column":0},"end":{"line":135,"column":3}},"10":{"start":{"line":33,"column":4},"end":{"line":33,"column":49}},"11":{"start":{"line":36,"column":2},"end":{"line":133,"column":6}},"12":{"start":{"line":45,"column":22},"end":{"line":72,"column":9}},"13":{"start":{"line":49,"column":8},"end":{"line":71,"column":20}},"14":{"start":{"line":50,"column":10},"end":{"line":70,"column":11}},"15":{"start":{"line":51,"column":12},"end":{"line":69,"column":13}},"16":{"start":{"line":53,"column":16},"end":{"line":53,"column":77}},"17":{"start":{"line":54,"column":16},"end":{"line":54,"column":34}},"18":{"start":{"line":55,"column":16},"end":{"line":55,"column":56}},"19":{"start":{"line":58,"column":16},"end":{"line":58,"column":39}},"20":{"start":{"line":59,"column":16},"end":{"line":59,"column":34}},"21":{"start":{"line":60,"column":16},"end":{"line":60,"column":35}},"22":{"start":{"line":63,"column":16},"end":{"line":63,"column":41}},"23":{"start":{"line":64,"column":16},"end":{"line":64,"column":59}},"24":{"start":{"line":68,"column":16},"end":{"line":68,"column":39}},"25":{"start":{"line":75,"column":8},"end":{"line":75,"column":48}},"26":{"start":{"line":78,"column":6},"end":{"line":78,"column":22}},"27":{"start":{"line":96,"column":24},"end":{"line":125,"column":9}},"28":{"start":{"line":100,"column":8},"end":{"line":124,"column":21}},"29":{"start":{"line":101,"column":10},"end":{"line":123,"column":11}},"30":{"start":{"line":102,"column":12},"end":{"line":122,"column":13}},"31":{"start":{"line":104,"column":16},"end":{"line":104,"column":214}},"32":{"start":{"line":105,"column":16},"end":{"line":105,"column":66}},"33":{"start":{"line":106,"column":16},"end":{"line":106,"column":35}},"34":{"start":{"line":107,"column":16},"end":{"line":107,"column":119}},"35":{"start":{"line":110,"column":16},"end":{"line":110,"column":40}},"36":{"start":{"line":111,"column":16},"end":{"line":111,"column":38}},"37":{"start":{"line":112,"column":16},"end":{"line":116,"column":19}},"38":{"start":{"line":117,"column":16},"end":{"line":117,"column":58}},"39":{"start":{"line":121,"column":16},"end":{"line":121,"column":40}},"40":{"start":{"line":128,"column":8},"end":{"line":128,"column":50}},"41":{"start":{"line":131,"column":6},"end":{"line":131,"column":24}},"42":{"start":{"line":134,"column":2},"end":{"line":134,"column":14}},"43":{"start":{"line":137,"column":15},"end":{"line":137,"column":19}},"44":{"start":{"line":138,"column":0},"end":{"line":138,"column":30}}},"fnMap":{"0":{"name":"(anonymous_0)","decl":{"start":{"line":31,"column":0},"end":{"line":31,"column":1}},"loc":{"start":{"line":31,"column":12},"end":{"line":135,"column":1}},"line":31},"1":{"name":"User","decl":{"start":{"line":32,"column":11},"end":{"line":32,"column":15}},"loc":{"start":{"line":32,"column":18},"end":{"line":34,"column":3}},"line":32},"2":{"name":"(anonymous_2)","decl":{"start":{"line":44,"column":11},"end":{"line":44,"column":12}},"loc":{"start":{"line":44,"column":23},"end":{"line":79,"column":5}},"line":44},"3":{"name":"_callee","decl":{"start":{"line":47,"column":44},"end":{"line":47,"column":51}},"loc":{"start":{"line":47,"column":67},"end":{"line":72,"column":7}},"line":47},"4":{"name":"_callee$","decl":{"start":{"line":49,"column":53},"end":{"line":49,"column":61}},"loc":{"start":{"line":49,"column":72},"end":{"line":71,"column":9}},"line":49},"5":{"name":"findUser","decl":{"start":{"line":74,"column":15},"end":{"line":74,"column":23}},"loc":{"start":{"line":74,"column":33},"end":{"line":76,"column":7}},"line":74},"6":{"name":"(anonymous_6)","decl":{"start":{"line":95,"column":11},"end":{"line":95,"column":12}},"loc":{"start":{"line":95,"column":23},"end":{"line":132,"column":5}},"line":95},"7":{"name":"_callee2","decl":{"start":{"line":98,"column":44},"end":{"line":98,"column":52}},"loc":{"start":{"line":98,"column":119},"end":{"line":125,"column":7}},"line":98},"8":{"name":"_callee2$","decl":{"start":{"line":100,"column":53},"end":{"line":100,"column":62}},"loc":{"start":{"line":100,"column":74},"end":{"line":124,"column":9}},"line":100},"9":{"name":"createUser","decl":{"start":{"line":127,"column":15},"end":{"line":127,"column":25}},"loc":{"start":{"line":127,"column":61},"end":{"line":129,"column":7}},"line":127}},"branchMap":{"0":{"loc":{"start":{"line":51,"column":12},"end":{"line":69,"column":13}},"type":"switch","locations":[{"start":{"line":52,"column":14},"end":{"line":55,"column":56}},{"start":{"line":57,"column":14},"end":{"line":60,"column":35}},{"start":{"line":62,"column":14},"end":{"line":64,"column":59}},{"start":{"line":66,"column":14},"end":{"line":66,"column":21}},{"start":{"line":67,"column":14},"end":{"line":68,"column":39}}],"line":51},"1":{"loc":{"start":{"line":102,"column":12},"end":{"line":122,"column":13}},"type":"switch","locations":[{"start":{"line":103,"column":14},"end":{"line":107,"column":119}},{"start":{"line":109,"column":14},"end":{"line":117,"column":58}},{"start":{"line":119,"column":14},"end":{"line":119,"column":21}},{"start":{"line":120,"column":14},"end":{"line":121,"column":40}}],"line":102}},"s":{"0":1,"1":1,"2":1,"3":1,"4":1,"5":1,"6":1,"7":1,"8":1,"9":1,"10":0,"11":1,"12":1,"13":32,"14":128,"15":128,"16":32,"17":32,"18":32,"19":32,"20":32,"21":32,"22":32,"23":32,"24":32,"25":32,"26":1,"27":1,"28":4,"29":12,"30":12,"31":4,"32":4,"33":4,"34":4,"35":4,"36":4,"37":4,"38":4,"39":4,"40":4,"41":1,"42":1,"43":1,"44":1},"f":{"0":1,"1":0,"2":1,"3":32,"4":128,"5":32,"6":1,"7":4,"8":12,"9":4},"b":{"0":[32,32,32,0,32],"1":[4,4,0,4]},"_coverageSchema":"43e27e138ebf9cfc5966b082cf9a028302ed4184","hash":"759b775244da1886e6a364f94a00f6dabec9b124","contentHash":"2b838222d1a964a3d0365bd562bbcdcca81b3d5da19d960500b7c09a06aad551"},"C:\\Users\\USER\\Desktop\\projects\\banka_api\\banka_api\\server\\utils\\utils.js":{"path":"C:\\Users\\USER\\Desktop\\projects\\banka_api\\banka_api\\server\\utils\\utils.js","statementMap":{"0":{"start":{"line":3,"column":29},"end":{"line":3,"column":84}},"1":{"start":{"line":5,"column":0},"end":{"line":7,"column":3}},"2":{"start":{"line":8,"column":0},"end":{"line":8,"column":154}},"3":{"start":{"line":10,"column":19},"end":{"line":10,"column":80}},"4":{"start":{"line":12,"column":25},"end":{"line":12,"column":99}},"5":{"start":{"line":14,"column":20},"end":{"line":14,"column":67}},"6":{"start":{"line":16,"column":14},"end":{"line":16,"column":55}},"7":{"start":{"line":18,"column":14},"end":{"line":18,"column":31}},"8":{"start":{"line":20,"column":0},"end":{"line":20,"column":22}},"9":{"start":{"line":21,"column":17},"end":{"line":21,"column":36}},"10":{"start":{"line":23,"column":20},"end":{"line":25,"column":1}},"11":{"start":{"line":24,"column":2},"end":{"line":24,"column":60}},"12":{"start":{"line":27,"column":0},"end":{"line":27,"column":38}},"13":{"start":{"line":29,"column":18},"end":{"line":31,"column":1}},"14":{"start":{"line":30,"column":2},"end":{"line":30,"column":60}},"15":{"start":{"line":33,"column":0},"end":{"line":33,"column":34}},"16":{"start":{"line":37,"column":0},"end":{"line":79,"column":3}},"17":{"start":{"line":38,"column":13},"end":{"line":74,"column":5}},"18":{"start":{"line":42,"column":4},"end":{"line":73,"column":16}},"19":{"start":{"line":43,"column":6},"end":{"line":72,"column":7}},"20":{"start":{"line":44,"column":8},"end":{"line":71,"column":9}},"21":{"start":{"line":46,"column":12},"end":{"line":46,"column":100}},"22":{"start":{"line":47,"column":12},"end":{"line":47,"column":43}},"23":{"start":{"line":49,"column":12},"end":{"line":66,"column":13}},"24":{"start":{"line":50,"column":14},"end":{"line":50,"column":47}},"25":{"start":{"line":52,"column":14},"end":{"line":60,"column":15}},"26":{"start":{"line":53,"column":16},"end":{"line":53,"column":45}},"27":{"start":{"line":54,"column":16},"end":{"line":54,"column":23}},"28":{"start":{"line":56,"column":16},"end":{"line":59,"column":19}},"29":{"start":{"line":62,"column":14},"end":{"line":65,"column":17}},"30":{"start":{"line":70,"column":12},"end":{"line":70,"column":35}},"31":{"start":{"line":76,"column":2},"end":{"line":78,"column":4}},"32":{"start":{"line":77,"column":4},"end":{"line":77,"column":39}},"33":{"start":{"line":88,"column":0},"end":{"line":88,"column":30}},"34":{"start":{"line":90,"column":14},"end":{"line":92,"column":1}},"35":{"start":{"line":91,"column":2},"end":{"line":91,"column":54}},"36":{"start":{"line":101,"column":0},"end":{"line":101,"column":26}},"37":{"start":{"line":103,"column":11},"end":{"line":105,"column":1}},"38":{"start":{"line":104,"column":2},"end":{"line":104,"column":33}},"39":{"start":{"line":114,"column":0},"end":{"line":114,"column":20}},"40":{"start":{"line":116,"column":19},"end":{"line":118,"column":1}},"41":{"start":{"line":117,"column":2},"end":{"line":117,"column":51}},"42":{"start":{"line":127,"column":0},"end":{"line":127,"column":36}},"43":{"start":{"line":129,"column":21},"end":{"line":131,"column":1}},"44":{"start":{"line":130,"column":2},"end":{"line":130,"column":50}},"45":{"start":{"line":133,"column":0},"end":{"line":133,"column":40}}},"fnMap":{"0":{"name":"generateToken","decl":{"start":{"line":23,"column":29},"end":{"line":23,"column":42}},"loc":{"start":{"line":23,"column":52},"end":{"line":25,"column":1}},"line":23},"1":{"name":"verifyToken","decl":{"start":{"line":29,"column":27},"end":{"line":29,"column":38}},"loc":{"start":{"line":29,"column":46},"end":{"line":31,"column":1}},"line":29},"2":{"name":"(anonymous_2)","decl":{"start":{"line":37,"column":0},"end":{"line":37,"column":1}},"loc":{"start":{"line":37,"column":12},"end":{"line":79,"column":1}},"line":37},"3":{"name":"_callee","decl":{"start":{"line":40,"column":40},"end":{"line":40,"column":47}},"loc":{"start":{"line":40,"column":64},"end":{"line":74,"column":3}},"line":40},"4":{"name":"_callee$","decl":{"start":{"line":42,"column":49},"end":{"line":42,"column":57}},"loc":{"start":{"line":42,"column":68},"end":{"line":73,"column":5}},"line":42},"5":{"name":"passToken","decl":{"start":{"line":76,"column":18},"end":{"line":76,"column":27}},"loc":{"start":{"line":76,"column":42},"end":{"line":78,"column":3}},"line":76},"6":{"name":"isEmpty","decl":{"start":{"line":90,"column":23},"end":{"line":90,"column":30}},"loc":{"start":{"line":90,"column":38},"end":{"line":92,"column":1}},"line":90},"7":{"name":"trim","decl":{"start":{"line":103,"column":20},"end":{"line":103,"column":24}},"loc":{"start":{"line":103,"column":32},"end":{"line":105,"column":1}},"line":103},"8":{"name":"hashPassword","decl":{"start":{"line":116,"column":28},"end":{"line":116,"column":40}},"loc":{"start":{"line":116,"column":51},"end":{"line":118,"column":1}},"line":116},"9":{"name":"verifyPassword","decl":{"start":{"line":129,"column":30},"end":{"line":129,"column":44}},"loc":{"start":{"line":129,"column":71},"end":{"line":131,"column":1}},"line":129}},"branchMap":{"0":{"loc":{"start":{"line":44,"column":8},"end":{"line":71,"column":9}},"type":"switch","locations":[{"start":{"line":45,"column":10},"end":{"line":66,"column":13}},{"start":{"line":68,"column":10},"end":{"line":68,"column":17}},{"start":{"line":69,"column":10},"end":{"line":70,"column":35}}],"line":44},"1":{"loc":{"start":{"line":46,"column":23},"end":{"line":46,"column":99}},"type":"binary-expr","locations":[{"start":{"line":46,"column":23},"end":{"line":46,"column":48}},{"start":{"line":46,"column":52},"end":{"line":46,"column":81}},{"start":{"line":46,"column":85},"end":{"line":46,"column":99}}],"line":46},"2":{"loc":{"start":{"line":52,"column":14},"end":{"line":60,"column":15}},"type":"if","locations":[{"start":{"line":52,"column":14},"end":{"line":60,"column":15}},{"start":{"line":52,"column":14},"end":{"line":60,"column":15}}],"line":52},"3":{"loc":{"start":{"line":91,"column":9},"end":{"line":91,"column":53}},"type":"binary-expr","locations":[{"start":{"line":91,"column":9},"end":{"line":91,"column":21}},{"start":{"line":91,"column":25},"end":{"line":91,"column":53}}],"line":91}},"s":{"0":1,"1":1,"2":1,"3":1,"4":1,"5":1,"6":1,"7":1,"8":1,"9":1,"10":1,"11":17,"12":1,"13":1,"14":16,"15":1,"16":1,"17":1,"18":16,"19":16,"20":16,"21":16,"22":16,"23":16,"24":16,"25":16,"26":16,"27":16,"28":0,"29":0,"30":16,"31":1,"32":16,"33":1,"34":1,"35":35,"36":1,"37":1,"38":0,"39":1,"40":1,"41":4,"42":1,"43":1,"44":0,"45":1},"f":{"0":17,"1":16,"2":1,"3":16,"4":16,"5":16,"6":35,"7":0,"8":4,"9":0},"b":{"0":[16,16,16],"1":[16,0,0],"2":[16,0],"3":[35,30]},"_coverageSchema":"43e27e138ebf9cfc5966b082cf9a028302ed4184","hash":"5c14f84f8b8a55188211893266f1a98dafc958e2","contentHash":"347aae8f3460d7bd12e6d1c4f64eb03c1eb6472c4ce95dd20fb348571052a78a"},"C:\\Users\\USER\\Desktop\\projects\\banka_api\\banka_api\\server\\middleware\\signup.validation.js":{"path":"C:\\Users\\USER\\Desktop\\projects\\banka_api\\banka_api\\server\\middleware\\signup.validation.js","statementMap":{"0":{"start":{"line":3,"column":0},"end":{"line":5,"column":3}},"1":{"start":{"line":6,"column":0},"end":{"line":6,"column":28}},"2":{"start":{"line":8,"column":13},"end":{"line":8,"column":38}},"3":{"start":{"line":21,"column":21},"end":{"line":21,"column":37}},"4":{"start":{"line":22,"column":22},"end":{"line":22,"column":156}},"5":{"start":{"line":23,"column":21},"end":{"line":23,"column":23}},"6":{"start":{"line":30,"column":20},"end":{"line":40,"column":1}},"7":{"start":{"line":31,"column":2},"end":{"line":33,"column":3}},"8":{"start":{"line":32,"column":4},"end":{"line":32,"column":48}},"9":{"start":{"line":35,"column":2},"end":{"line":37,"column":3}},"10":{"start":{"line":36,"column":4},"end":{"line":36,"column":49}},"11":{"start":{"line":39,"column":2},"end":{"line":39,"column":14}},"12":{"start":{"line":49,"column":25},"end":{"line":65,"column":1}},"13":{"start":{"line":50,"column":2},"end":{"line":52,"column":3}},"14":{"start":{"line":51,"column":4},"end":{"line":51,"column":52}},"15":{"start":{"line":54,"column":2},"end":{"line":56,"column":3}},"16":{"start":{"line":55,"column":4},"end":{"line":55,"column":46}},"17":{"start":{"line":58,"column":2},"end":{"line":60,"column":3}},"18":{"start":{"line":59,"column":4},"end":{"line":59,"column":45}},"19":{"start":{"line":62,"column":2},"end":{"line":64,"column":3}},"20":{"start":{"line":63,"column":4},"end":{"line":63,"column":51}},"21":{"start":{"line":68,"column":2},"end":{"line":68,"column":24}},"22":{"start":{"line":80,"column":2},"end":{"line":82,"column":3}},"23":{"start":{"line":81,"column":4},"end":{"line":81,"column":54}},"24":{"start":{"line":84,"column":2},"end":{"line":86,"column":3}},"25":{"start":{"line":85,"column":4},"end":{"line":85,"column":59}},"26":{"start":{"line":88,"column":2},"end":{"line":90,"column":3}},"27":{"start":{"line":89,"column":4},"end":{"line":89,"column":77}},"28":{"start":{"line":100,"column":23},"end":{"line":120,"column":1}},"29":{"start":{"line":101,"column":18},"end":{"line":101,"column":26}},"30":{"start":{"line":102,"column":17},"end":{"line":102,"column":35}},"31":{"start":{"line":103,"column":18},"end":{"line":103,"column":37}},"32":{"start":{"line":104,"column":14},"end":{"line":104,"column":29}},"33":{"start":{"line":105,"column":17},"end":{"line":105,"column":35}},"34":{"start":{"line":106,"column":24},"end":{"line":106,"column":49}},"35":{"start":{"line":107,"column":2},"end":{"line":107,"column":42}},"36":{"start":{"line":108,"column":2},"end":{"line":108,"column":23}},"37":{"start":{"line":109,"column":2},"end":{"line":109,"column":46}},"38":{"start":{"line":111,"column":2},"end":{"line":119,"column":3}},"39":{"start":{"line":112,"column":4},"end":{"line":112,"column":11}},"40":{"start":{"line":114,"column":4},"end":{"line":117,"column":7}},"41":{"start":{"line":118,"column":4},"end":{"line":118,"column":24}},"42":{"start":{"line":122,"column":15},"end":{"line":122,"column":31}},"43":{"start":{"line":123,"column":0},"end":{"line":123,"column":30}}},"fnMap":{"0":{"name":"validateEmail","decl":{"start":{"line":30,"column":29},"end":{"line":30,"column":42}},"loc":{"start":{"line":30,"column":50},"end":{"line":40,"column":1}},"line":30},"1":{"name":"validateNameFields","decl":{"start":{"line":49,"column":34},"end":{"line":49,"column":52}},"loc":{"start":{"line":49,"column":74},"end":{"line":65,"column":1}},"line":49},"2":{"name":"getErrorMessages","decl":{"start":{"line":67,"column":9},"end":{"line":67,"column":25}},"loc":{"start":{"line":67,"column":28},"end":{"line":69,"column":1}},"line":67},"3":{"name":"validatePassword","decl":{"start":{"line":79,"column":9},"end":{"line":79,"column":25}},"loc":{"start":{"line":79,"column":53},"end":{"line":91,"column":1}},"line":79},"4":{"name":"signUpValidation","decl":{"start":{"line":100,"column":32},"end":{"line":100,"column":48}},"loc":{"start":{"line":100,"column":65},"end":{"line":120,"column":1}},"line":100}},"branchMap":{"0":{"loc":{"start":{"line":31,"column":2},"end":{"line":33,"column":3}},"type":"if","locations":[{"start":{"line":31,"column":2},"end":{"line":33,"column":3}},{"start":{"line":31,"column":2},"end":{"line":33,"column":3}}],"line":31},"1":{"loc":{"start":{"line":35,"column":2},"end":{"line":37,"column":3}},"type":"if","locations":[{"start":{"line":35,"column":2},"end":{"line":37,"column":3}},{"start":{"line":35,"column":2},"end":{"line":37,"column":3}}],"line":35},"2":{"loc":{"start":{"line":50,"column":2},"end":{"line":52,"column":3}},"type":"if","locations":[{"start":{"line":50,"column":2},"end":{"line":52,"column":3}},{"start":{"line":50,"column":2},"end":{"line":52,"column":3}}],"line":50},"3":{"loc":{"start":{"line":54,"column":2},"end":{"line":56,"column":3}},"type":"if","locations":[{"start":{"line":54,"column":2},"end":{"line":56,"column":3}},{"start":{"line":54,"column":2},"end":{"line":56,"column":3}}],"line":54},"4":{"loc":{"start":{"line":54,"column":6},"end":{"line":54,"column":72}},"type":"binary-expr","locations":[{"start":{"line":54,"column":6},"end":{"line":54,"column":37}},{"start":{"line":54,"column":41},"end":{"line":54,"column":72}}],"line":54},"5":{"loc":{"start":{"line":58,"column":2},"end":{"line":60,"column":3}},"type":"if","locations":[{"start":{"line":58,"column":2},"end":{"line":60,"column":3}},{"start":{"line":58,"column":2},"end":{"line":60,"column":3}}],"line":58},"6":{"loc":{"start":{"line":58,"column":6},"end":{"line":58,"column":70}},"type":"binary-expr","locations":[{"start":{"line":58,"column":6},"end":{"line":58,"column":36}},{"start":{"line":58,"column":40},"end":{"line":58,"column":70}}],"line":58},"7":{"loc":{"start":{"line":62,"column":2},"end":{"line":64,"column":3}},"type":"if","locations":[{"start":{"line":62,"column":2},"end":{"line":64,"column":3}},{"start":{"line":62,"column":2},"end":{"line":64,"column":3}}],"line":62},"8":{"loc":{"start":{"line":80,"column":2},"end":{"line":82,"column":3}},"type":"if","locations":[{"start":{"line":80,"column":2},"end":{"line":82,"column":3}},{"start":{"line":80,"column":2},"end":{"line":82,"column":3}}],"line":80},"9":{"loc":{"start":{"line":84,"column":2},"end":{"line":86,"column":3}},"type":"if","locations":[{"start":{"line":84,"column":2},"end":{"line":86,"column":3}},{"start":{"line":84,"column":2},"end":{"line":86,"column":3}}],"line":84},"10":{"loc":{"start":{"line":88,"column":2},"end":{"line":90,"column":3}},"type":"if","locations":[{"start":{"line":88,"column":2},"end":{"line":90,"column":3}},{"start":{"line":88,"column":2},"end":{"line":90,"column":3}}],"line":88},"11":{"loc":{"start":{"line":111,"column":2},"end":{"line":119,"column":3}},"type":"if","locations":[{"start":{"line":111,"column":2},"end":{"line":119,"column":3}},{"start":{"line":111,"column":2},"end":{"line":119,"column":3}}],"line":111}},"s":{"0":1,"1":1,"2":1,"3":1,"4":1,"5":1,"6":1,"7":5,"8":1,"9":5,"10":1,"11":5,"12":1,"13":5,"14":1,"15":5,"16":0,"17":5,"18":0,"19":5,"20":1,"21":1,"22":5,"23":0,"24":5,"25":0,"26":5,"27":0,"28":1,"29":5,"30":5,"31":5,"32":5,"33":5,"34":5,"35":5,"36":5,"37":5,"38":5,"39":4,"40":1,"41":1,"42":1,"43":1},"f":{"0":5,"1":5,"2":1,"3":5,"4":5},"b":{"0":[1,4],"1":[1,4],"2":[1,4],"3":[0,5],"4":[5,4],"5":[0,5],"6":[5,4],"7":[1,4],"8":[0,5],"9":[0,5],"10":[0,5],"11":[4,1]},"_coverageSchema":"43e27e138ebf9cfc5966b082cf9a028302ed4184","hash":"35633356fea37ba498b1c3b2cb10a9845401be46","contentHash":"8bc8970a81d61080729df30ca0823052be4beafcce1b11107f4bccb57d32d598"},"C:\\Users\\USER\\Desktop\\projects\\banka_api\\banka_api\\server\\middleware\\check.user.account.uniqueness.js":{"path":"C:\\Users\\USER\\Desktop\\projects\\banka_api\\banka_api\\server\\middleware\\check.user.account.uniqueness.js","statementMap":{"0":{"start":{"line":3,"column":29},"end":{"line":3,"column":84}},"1":{"start":{"line":5,"column":0},"end":{"line":7,"column":3}},"2":{"start":{"line":8,"column":0},"end":{"line":8,"column":28}},"3":{"start":{"line":10,"column":19},"end":{"line":10,"column":80}},"4":{"start":{"line":12,"column":25},"end":{"line":12,"column":99}},"5":{"start":{"line":14,"column":12},"end":{"line":14,"column":71}},"6":{"start":{"line":19,"column":0},"end":{"line":67,"column":3}},"7":{"start":{"line":20,"column":13},"end":{"line":62,"column":5}},"8":{"start":{"line":24,"column":4},"end":{"line":61,"column":33}},"9":{"start":{"line":25,"column":6},"end":{"line":60,"column":7}},"10":{"start":{"line":26,"column":8},"end":{"line":59,"column":9}},"11":{"start":{"line":28,"column":12},"end":{"line":28,"column":35}},"12":{"start":{"line":29,"column":12},"end":{"line":29,"column":30}},"13":{"start":{"line":30,"column":12},"end":{"line":30,"column":30}},"14":{"start":{"line":31,"column":12},"end":{"line":31,"column":61}},"15":{"start":{"line":34,"column":12},"end":{"line":34,"column":33}},"16":{"start":{"line":36,"column":12},"end":{"line":39,"column":13}},"17":{"start":{"line":37,"column":14},"end":{"line":37,"column":32}},"18":{"start":{"line":38,"column":14},"end":{"line":38,"column":20}},"19":{"start":{"line":41,"column":12},"end":{"line":41,"column":53}},"20":{"start":{"line":44,"column":12},"end":{"line":47,"column":16}},"21":{"start":{"line":50,"column":12},"end":{"line":50,"column":31}},"22":{"start":{"line":51,"column":12},"end":{"line":51,"column":47}},"23":{"start":{"line":52,"column":12},"end":{"line":54,"column":16}},"24":{"start":{"line":58,"column":12},"end":{"line":58,"column":35}},"25":{"start":{"line":64,"column":2},"end":{"line":66,"column":4}},"26":{"start":{"line":65,"column":4},"end":{"line":65,"column":39}},"27":{"start":{"line":69,"column":0},"end":{"line":69,"column":30}}},"fnMap":{"0":{"name":"(anonymous_0)","decl":{"start":{"line":19,"column":0},"end":{"line":19,"column":1}},"loc":{"start":{"line":19,"column":12},"end":{"line":67,"column":1}},"line":19},"1":{"name":"_callee","decl":{"start":{"line":22,"column":40},"end":{"line":22,"column":47}},"loc":{"start":{"line":22,"column":64},"end":{"line":62,"column":3}},"line":22},"2":{"name":"_callee$","decl":{"start":{"line":24,"column":49},"end":{"line":24,"column":57}},"loc":{"start":{"line":24,"column":68},"end":{"line":61,"column":5}},"line":24},"3":{"name":"(anonymous_3)","decl":{"start":{"line":64,"column":9},"end":{"line":64,"column":10}},"loc":{"start":{"line":64,"column":33},"end":{"line":66,"column":3}},"line":64}},"branchMap":{"0":{"loc":{"start":{"line":26,"column":8},"end":{"line":59,"column":9}},"type":"switch","locations":[{"start":{"line":27,"column":10},"end":{"line":31,"column":61}},{"start":{"line":33,"column":10},"end":{"line":41,"column":53}},{"start":{"line":43,"column":10},"end":{"line":47,"column":16}},{"start":{"line":49,"column":10},"end":{"line":54,"column":16}},{"start":{"line":56,"column":10},"end":{"line":56,"column":18}},{"start":{"line":57,"column":10},"end":{"line":58,"column":35}}],"line":26},"1":{"loc":{"start":{"line":36,"column":12},"end":{"line":39,"column":13}},"type":"if","locations":[{"start":{"line":36,"column":12},"end":{"line":39,"column":13}},{"start":{"line":36,"column":12},"end":{"line":39,"column":13}}],"line":36}},"s":{"0":1,"1":1,"2":1,"3":1,"4":1,"5":1,"6":1,"7":1,"8":5,"9":15,"10":15,"11":5,"12":5,"13":5,"14":5,"15":5,"16":5,"17":0,"18":0,"19":5,"20":0,"21":0,"22":0,"23":0,"24":5,"25":1,"26":5,"27":1},"f":{"0":1,"1":5,"2":15,"3":5},"b":{"0":[5,5,0,0,0,5],"1":[0,5]},"_coverageSchema":"43e27e138ebf9cfc5966b082cf9a028302ed4184","hash":"2cfae21719fb5f793fd857e2996135a8facb79a4","contentHash":"1a9f8ad30c642ff1439993c434c164b42974834e3235db0e4d6a25c6b71b9167"},"C:\\Users\\USER\\Desktop\\projects\\banka_api\\banka_api\\server\\middleware\\authenticate.mail.presence.js":{"path":"C:\\Users\\USER\\Desktop\\projects\\banka_api\\banka_api\\server\\middleware\\authenticate.mail.presence.js","statementMap":{"0":{"start":{"line":3,"column":29},"end":{"line":3,"column":84}},"1":{"start":{"line":5,"column":0},"end":{"line":7,"column":3}},"2":{"start":{"line":8,"column":0},"end":{"line":8,"column":28}},"3":{"start":{"line":10,"column":19},"end":{"line":10,"column":80}},"4":{"start":{"line":12,"column":25},"end":{"line":12,"column":99}},"5":{"start":{"line":14,"column":12},"end":{"line":14,"column":71}},"6":{"start":{"line":18,"column":0},"end":{"line":97,"column":3}},"7":{"start":{"line":19,"column":13},"end":{"line":92,"column":5}},"8":{"start":{"line":23,"column":4},"end":{"line":91,"column":33}},"9":{"start":{"line":24,"column":6},"end":{"line":90,"column":7}},"10":{"start":{"line":25,"column":8},"end":{"line":89,"column":9}},"11":{"start":{"line":27,"column":12},"end":{"line":27,"column":59}},"12":{"start":{"line":28,"column":12},"end":{"line":28,"column":41}},"13":{"start":{"line":29,"column":12},"end":{"line":29,"column":165}},"14":{"start":{"line":30,"column":12},"end":{"line":30,"column":30}},"15":{"start":{"line":32,"column":12},"end":{"line":35,"column":13}},"16":{"start":{"line":33,"column":14},"end":{"line":33,"column":33}},"17":{"start":{"line":34,"column":14},"end":{"line":34,"column":20}},"18":{"start":{"line":37,"column":12},"end":{"line":37,"column":30}},"19":{"start":{"line":38,"column":12},"end":{"line":38,"column":72}},"20":{"start":{"line":41,"column":12},"end":{"line":41,"column":34}},"21":{"start":{"line":42,"column":12},"end":{"line":42,"column":31}},"22":{"start":{"line":43,"column":12},"end":{"line":43,"column":61}},"23":{"start":{"line":46,"column":12},"end":{"line":46,"column":34}},"24":{"start":{"line":48,"column":12},"end":{"line":51,"column":13}},"25":{"start":{"line":49,"column":14},"end":{"line":49,"column":33}},"26":{"start":{"line":50,"column":14},"end":{"line":50,"column":20}},"27":{"start":{"line":53,"column":12},"end":{"line":53,"column":53}},"28":{"start":{"line":56,"column":12},"end":{"line":59,"column":13}},"29":{"start":{"line":57,"column":14},"end":{"line":57,"column":33}},"30":{"start":{"line":58,"column":14},"end":{"line":58,"column":20}},"31":{"start":{"line":61,"column":12},"end":{"line":64,"column":16}},"32":{"start":{"line":67,"column":12},"end":{"line":70,"column":16}},"33":{"start":{"line":73,"column":12},"end":{"line":76,"column":16}},"34":{"start":{"line":79,"column":12},"end":{"line":79,"column":31}},"35":{"start":{"line":80,"column":12},"end":{"line":80,"column":47}},"36":{"start":{"line":81,"column":12},"end":{"line":84,"column":15}},"37":{"start":{"line":88,"column":12},"end":{"line":88,"column":35}},"38":{"start":{"line":94,"column":2},"end":{"line":96,"column":4}},"39":{"start":{"line":95,"column":4},"end":{"line":95,"column":39}},"40":{"start":{"line":99,"column":0},"end":{"line":99,"column":30}}},"fnMap":{"0":{"name":"(anonymous_0)","decl":{"start":{"line":18,"column":0},"end":{"line":18,"column":1}},"loc":{"start":{"line":18,"column":12},"end":{"line":97,"column":1}},"line":18},"1":{"name":"_callee","decl":{"start":{"line":21,"column":40},"end":{"line":21,"column":47}},"loc":{"start":{"line":21,"column":64},"end":{"line":92,"column":3}},"line":21},"2":{"name":"_callee$","decl":{"start":{"line":23,"column":49},"end":{"line":23,"column":57}},"loc":{"start":{"line":23,"column":68},"end":{"line":91,"column":5}},"line":23},"3":{"name":"(anonymous_3)","decl":{"start":{"line":94,"column":9},"end":{"line":94,"column":10}},"loc":{"start":{"line":94,"column":33},"end":{"line":96,"column":3}},"line":94}},"branchMap":{"0":{"loc":{"start":{"line":25,"column":8},"end":{"line":89,"column":9}},"type":"switch","locations":[{"start":{"line":26,"column":10},"end":{"line":38,"column":72}},{"start":{"line":40,"column":10},"end":{"line":43,"column":61}},{"start":{"line":45,"column":10},"end":{"line":53,"column":53}},{"start":{"line":55,"column":10},"end":{"line":64,"column":16}},{"start":{"line":66,"column":10},"end":{"line":70,"column":16}},{"start":{"line":72,"column":10},"end":{"line":76,"column":16}},{"start":{"line":78,"column":10},"end":{"line":84,"column":15}},{"start":{"line":86,"column":10},"end":{"line":86,"column":18}},{"start":{"line":87,"column":10},"end":{"line":88,"column":35}}],"line":25},"1":{"loc":{"start":{"line":32,"column":12},"end":{"line":35,"column":13}},"type":"if","locations":[{"start":{"line":32,"column":12},"end":{"line":35,"column":13}},{"start":{"line":32,"column":12},"end":{"line":35,"column":13}}],"line":32},"2":{"loc":{"start":{"line":48,"column":12},"end":{"line":51,"column":13}},"type":"if","locations":[{"start":{"line":48,"column":12},"end":{"line":51,"column":13}},{"start":{"line":48,"column":12},"end":{"line":51,"column":13}}],"line":48},"3":{"loc":{"start":{"line":48,"column":18},"end":{"line":48,"column":42}},"type":"binary-expr","locations":[{"start":{"line":48,"column":18},"end":{"line":48,"column":28}},{"start":{"line":48,"column":32},"end":{"line":48,"column":42}}],"line":48},"4":{"loc":{"start":{"line":56,"column":12},"end":{"line":59,"column":13}},"type":"if","locations":[{"start":{"line":56,"column":12},"end":{"line":59,"column":13}},{"start":{"line":56,"column":12},"end":{"line":59,"column":13}}],"line":56}},"s":{"0":1,"1":1,"2":1,"3":1,"4":1,"5":1,"6":1,"7":1,"8":2,"9":6,"10":7,"11":2,"12":2,"13":2,"14":2,"15":2,"16":1,"17":1,"18":1,"19":1,"20":1,"21":1,"22":1,"23":1,"24":1,"25":0,"26":0,"27":1,"28":0,"29":0,"30":0,"31":0,"32":0,"33":1,"34":0,"35":0,"36":0,"37":2,"38":1,"39":2,"40":1},"f":{"0":1,"1":2,"2":6,"3":2},"b":{"0":[2,1,1,0,0,1,0,0,2],"1":[1,1],"2":[0,1],"3":[1,1],"4":[0,0]},"_coverageSchema":"43e27e138ebf9cfc5966b082cf9a028302ed4184","hash":"9ec2aeb77b46b65cea5786334db15dd943756204","contentHash":"e85137a016e4501e0c036c6f1b651c27e4e746bf3ac598f4d20aa8ff6c7c2866"},"C:\\Users\\USER\\Desktop\\projects\\banka_api\\banka_api\\server\\middleware\\remove.padding.js":{"path":"C:\\Users\\USER\\Desktop\\projects\\banka_api\\banka_api\\server\\middleware\\remove.padding.js","statementMap":{"0":{"start":{"line":3,"column":0},"end":{"line":5,"column":3}},"1":{"start":{"line":6,"column":0},"end":{"line":6,"column":28}},"2":{"start":{"line":13,"column":15},"end":{"line":23,"column":1}},"3":{"start":{"line":14,"column":12},"end":{"line":14,"column":20}},"4":{"start":{"line":16,"column":2},"end":{"line":20,"column":3}},"5":{"start":{"line":17,"column":4},"end":{"line":19,"column":5}},"6":{"start":{"line":18,"column":6},"end":{"line":18,"column":35}},"7":{"start":{"line":22,"column":2},"end":{"line":22,"column":9}},"8":{"start":{"line":25,"column":0},"end":{"line":25,"column":30}}},"fnMap":{"0":{"name":"_default","decl":{"start":{"line":13,"column":24},"end":{"line":13,"column":32}},"loc":{"start":{"line":13,"column":49},"end":{"line":23,"column":1}},"line":13}},"branchMap":{"0":{"loc":{"start":{"line":17,"column":4},"end":{"line":19,"column":5}},"type":"if","locations":[{"start":{"line":17,"column":4},"end":{"line":19,"column":5}},{"start":{"line":17,"column":4},"end":{"line":19,"column":5}}],"line":17}},"s":{"0":1,"1":1,"2":1,"3":5,"4":5,"5":40,"6":30,"7":5,"8":1},"f":{"0":5},"b":{"0":[30,10]},"_coverageSchema":"43e27e138ebf9cfc5966b082cf9a028302ed4184","hash":"bf12d8ca37b69387d7472852fa74332a89ad1c49","contentHash":"60a5f10bb0d82968659f850999a98f34105ea8683a7b63bf48942667931a70c0"},"C:\\Users\\USER\\Desktop\\projects\\banka_api\\banka_api\\server\\utils\\auth.staff.js":{"path":"C:\\Users\\USER\\Desktop\\projects\\banka_api\\banka_api\\server\\utils\\auth.staff.js","statementMap":{"0":{"start":{"line":3,"column":29},"end":{"line":3,"column":84}},"1":{"start":{"line":5,"column":0},"end":{"line":7,"column":3}},"2":{"start":{"line":8,"column":0},"end":{"line":8,"column":28}},"3":{"start":{"line":10,"column":19},"end":{"line":10,"column":80}},"4":{"start":{"line":12,"column":25},"end":{"line":12,"column":99}},"5":{"start":{"line":14,"column":12},"end":{"line":14,"column":71}},"6":{"start":{"line":18,"column":0},"end":{"line":69,"column":3}},"7":{"start":{"line":19,"column":13},"end":{"line":64,"column":5}},"8":{"start":{"line":23,"column":4},"end":{"line":63,"column":16}},"9":{"start":{"line":24,"column":6},"end":{"line":62,"column":7}},"10":{"start":{"line":25,"column":8},"end":{"line":61,"column":9}},"11":{"start":{"line":27,"column":12},"end":{"line":27,"column":97}},"12":{"start":{"line":28,"column":12},"end":{"line":28,"column":30}},"13":{"start":{"line":29,"column":12},"end":{"line":29,"column":61}},"14":{"start":{"line":32,"column":12},"end":{"line":32,"column":33}},"15":{"start":{"line":34,"column":12},"end":{"line":37,"column":13}},"16":{"start":{"line":35,"column":14},"end":{"line":35,"column":32}},"17":{"start":{"line":36,"column":14},"end":{"line":36,"column":20}},"18":{"start":{"line":39,"column":12},"end":{"line":42,"column":13}},"19":{"start":{"line":40,"column":14},"end":{"line":40,"column":32}},"20":{"start":{"line":41,"column":14},"end":{"line":41,"column":20}},"21":{"start":{"line":44,"column":12},"end":{"line":44,"column":53}},"22":{"start":{"line":47,"column":12},"end":{"line":50,"column":16}},"23":{"start":{"line":53,"column":12},"end":{"line":56,"column":16}},"24":{"start":{"line":60,"column":12},"end":{"line":60,"column":35}},"25":{"start":{"line":66,"column":2},"end":{"line":68,"column":4}},"26":{"start":{"line":67,"column":4},"end":{"line":67,"column":39}},"27":{"start":{"line":71,"column":0},"end":{"line":71,"column":30}}},"fnMap":{"0":{"name":"(anonymous_0)","decl":{"start":{"line":18,"column":0},"end":{"line":18,"column":1}},"loc":{"start":{"line":18,"column":12},"end":{"line":69,"column":1}},"line":18},"1":{"name":"_callee","decl":{"start":{"line":21,"column":40},"end":{"line":21,"column":47}},"loc":{"start":{"line":21,"column":64},"end":{"line":64,"column":3}},"line":21},"2":{"name":"_callee$","decl":{"start":{"line":23,"column":49},"end":{"line":23,"column":57}},"loc":{"start":{"line":23,"column":68},"end":{"line":63,"column":5}},"line":23},"3":{"name":"(anonymous_3)","decl":{"start":{"line":66,"column":9},"end":{"line":66,"column":10}},"loc":{"start":{"line":66,"column":33},"end":{"line":68,"column":3}},"line":66}},"branchMap":{"0":{"loc":{"start":{"line":25,"column":8},"end":{"line":61,"column":9}},"type":"switch","locations":[{"start":{"line":26,"column":10},"end":{"line":29,"column":61}},{"start":{"line":31,"column":10},"end":{"line":44,"column":53}},{"start":{"line":46,"column":10},"end":{"line":50,"column":16}},{"start":{"line":52,"column":10},"end":{"line":56,"column":16}},{"start":{"line":58,"column":10},"end":{"line":58,"column":17}},{"start":{"line":59,"column":10},"end":{"line":60,"column":35}}],"line":25},"1":{"loc":{"start":{"line":27,"column":20},"end":{"line":27,"column":96}},"type":"binary-expr","locations":[{"start":{"line":27,"column":20},"end":{"line":27,"column":34}},{"start":{"line":27,"column":38},"end":{"line":27,"column":63}},{"start":{"line":27,"column":67},"end":{"line":27,"column":96}}],"line":27},"2":{"loc":{"start":{"line":34,"column":12},"end":{"line":37,"column":13}},"type":"if","locations":[{"start":{"line":34,"column":12},"end":{"line":37,"column":13}},{"start":{"line":34,"column":12},"end":{"line":37,"column":13}}],"line":34},"3":{"loc":{"start":{"line":39,"column":12},"end":{"line":42,"column":13}},"type":"if","locations":[{"start":{"line":39,"column":12},"end":{"line":42,"column":13}},{"start":{"line":39,"column":12},"end":{"line":42,"column":13}}],"line":39}},"s":{"0":1,"1":1,"2":1,"3":1,"4":1,"5":1,"6":1,"7":1,"8":3,"9":9,"10":9,"11":3,"12":3,"13":3,"14":3,"15":3,"16":0,"17":0,"18":3,"19":0,"20":0,"21":3,"22":0,"23":0,"24":3,"25":1,"26":3,"27":1},"f":{"0":1,"1":3,"2":9,"3":3},"b":{"0":[3,3,0,0,0,3],"1":[3,0,0],"2":[0,3],"3":[0,3]},"_coverageSchema":"43e27e138ebf9cfc5966b082cf9a028302ed4184","hash":"bd2dd3d003c0f3af485da1b992bc69a5b02a3e7f","contentHash":"012ca145403e2e424e447b7306fa4abfcc119928116748044aa7aec6ceac89e3"},"C:\\Users\\USER\\Desktop\\projects\\banka_api\\banka_api\\server\\middleware\\account.view.authentication.js":{"path":"C:\\Users\\USER\\Desktop\\projects\\banka_api\\banka_api\\server\\middleware\\account.view.authentication.js","statementMap":{"0":{"start":{"line":3,"column":29},"end":{"line":3,"column":84}},"1":{"start":{"line":5,"column":0},"end":{"line":7,"column":3}},"2":{"start":{"line":8,"column":0},"end":{"line":8,"column":28}},"3":{"start":{"line":10,"column":19},"end":{"line":10,"column":80}},"4":{"start":{"line":12,"column":25},"end":{"line":12,"column":99}},"5":{"start":{"line":14,"column":15},"end":{"line":14,"column":77}},"6":{"start":{"line":16,"column":12},"end":{"line":16,"column":71}},"7":{"start":{"line":20,"column":0},"end":{"line":111,"column":3}},"8":{"start":{"line":21,"column":13},"end":{"line":106,"column":5}},"9":{"start":{"line":25,"column":4},"end":{"line":105,"column":16}},"10":{"start":{"line":26,"column":6},"end":{"line":104,"column":7}},"11":{"start":{"line":27,"column":8},"end":{"line":103,"column":9}},"12":{"start":{"line":29,"column":12},"end":{"line":29,"column":97}},"13":{"start":{"line":31,"column":12},"end":{"line":34,"column":13}},"14":{"start":{"line":32,"column":14},"end":{"line":32,"column":32}},"15":{"start":{"line":33,"column":14},"end":{"line":33,"column":20}},"16":{"start":{"line":36,"column":12},"end":{"line":36,"column":30}},"17":{"start":{"line":37,"column":12},"end":{"line":37,"column":61}},"18":{"start":{"line":40,"column":12},"end":{"line":40,"column":40}},"19":{"start":{"line":41,"column":12},"end":{"line":41,"column":30}},"20":{"start":{"line":42,"column":12},"end":{"line":42,"column":18}},"21":{"start":{"line":45,"column":12},"end":{"line":45,"column":32}},"22":{"start":{"line":48,"column":12},"end":{"line":48,"column":31}},"23":{"start":{"line":50,"column":12},"end":{"line":53,"column":13}},"24":{"start":{"line":51,"column":14},"end":{"line":51,"column":33}},"25":{"start":{"line":52,"column":14},"end":{"line":52,"column":20}},"26":{"start":{"line":55,"column":12},"end":{"line":55,"column":53}},"27":{"start":{"line":58,"column":12},"end":{"line":61,"column":13}},"28":{"start":{"line":59,"column":14},"end":{"line":59,"column":33}},"29":{"start":{"line":60,"column":14},"end":{"line":60,"column":20}},"30":{"start":{"line":63,"column":12},"end":{"line":66,"column":13}},"31":{"start":{"line":64,"column":14},"end":{"line":64,"column":33}},"32":{"start":{"line":65,"column":14},"end":{"line":65,"column":20}},"33":{"start":{"line":68,"column":12},"end":{"line":68,"column":31}},"34":{"start":{"line":69,"column":12},"end":{"line":69,"column":83}},"35":{"start":{"line":72,"column":12},"end":{"line":72,"column":35}},"36":{"start":{"line":74,"column":12},"end":{"line":77,"column":13}},"37":{"start":{"line":75,"column":14},"end":{"line":75,"column":33}},"38":{"start":{"line":76,"column":14},"end":{"line":76,"column":20}},"39":{"start":{"line":79,"column":12},"end":{"line":79,"column":53}},"40":{"start":{"line":82,"column":12},"end":{"line":82,"column":31}},"41":{"start":{"line":83,"column":12},"end":{"line":83,"column":18}},"42":{"start":{"line":86,"column":12},"end":{"line":86,"column":53}},"43":{"start":{"line":89,"column":12},"end":{"line":92,"column":16}},"44":{"start":{"line":95,"column":12},"end":{"line":98,"column":16}},"45":{"start":{"line":102,"column":12},"end":{"line":102,"column":35}},"46":{"start":{"line":108,"column":2},"end":{"line":110,"column":4}},"47":{"start":{"line":109,"column":4},"end":{"line":109,"column":39}},"48":{"start":{"line":113,"column":0},"end":{"line":113,"column":30}}},"fnMap":{"0":{"name":"(anonymous_0)","decl":{"start":{"line":20,"column":0},"end":{"line":20,"column":1}},"loc":{"start":{"line":20,"column":12},"end":{"line":111,"column":1}},"line":20},"1":{"name":"_callee","decl":{"start":{"line":23,"column":40},"end":{"line":23,"column":47}},"loc":{"start":{"line":23,"column":64},"end":{"line":106,"column":3}},"line":23},"2":{"name":"_callee$","decl":{"start":{"line":25,"column":49},"end":{"line":25,"column":57}},"loc":{"start":{"line":25,"column":68},"end":{"line":105,"column":5}},"line":25},"3":{"name":"(anonymous_3)","decl":{"start":{"line":108,"column":9},"end":{"line":108,"column":10}},"loc":{"start":{"line":108,"column":33},"end":{"line":110,"column":3}},"line":108}},"branchMap":{"0":{"loc":{"start":{"line":27,"column":8},"end":{"line":103,"column":9}},"type":"switch","locations":[{"start":{"line":28,"column":10},"end":{"line":37,"column":61}},{"start":{"line":39,"column":10},"end":{"line":42,"column":18}},{"start":{"line":44,"column":10},"end":{"line":45,"column":32}},{"start":{"line":47,"column":10},"end":{"line":55,"column":53}},{"start":{"line":57,"column":10},"end":{"line":69,"column":83}},{"start":{"line":71,"column":10},"end":{"line":79,"column":53}},{"start":{"line":81,"column":10},"end":{"line":83,"column":18}},{"start":{"line":85,"column":10},"end":{"line":86,"column":53}},{"start":{"line":88,"column":10},"end":{"line":92,"column":16}},{"start":{"line":94,"column":10},"end":{"line":98,"column":16}},{"start":{"line":100,"column":10},"end":{"line":100,"column":18}},{"start":{"line":101,"column":10},"end":{"line":102,"column":35}}],"line":27},"1":{"loc":{"start":{"line":29,"column":20},"end":{"line":29,"column":96}},"type":"binary-expr","locations":[{"start":{"line":29,"column":20},"end":{"line":29,"column":34}},{"start":{"line":29,"column":38},"end":{"line":29,"column":63}},{"start":{"line":29,"column":67},"end":{"line":29,"column":96}}],"line":29},"2":{"loc":{"start":{"line":31,"column":12},"end":{"line":34,"column":13}},"type":"if","locations":[{"start":{"line":31,"column":12},"end":{"line":34,"column":13}},{"start":{"line":31,"column":12},"end":{"line":34,"column":13}}],"line":31},"3":{"loc":{"start":{"line":50,"column":12},"end":{"line":53,"column":13}},"type":"if","locations":[{"start":{"line":50,"column":12},"end":{"line":53,"column":13}},{"start":{"line":50,"column":12},"end":{"line":53,"column":13}}],"line":50},"4":{"loc":{"start":{"line":58,"column":12},"end":{"line":61,"column":13}},"type":"if","locations":[{"start":{"line":58,"column":12},"end":{"line":61,"column":13}},{"start":{"line":58,"column":12},"end":{"line":61,"column":13}}],"line":58},"5":{"loc":{"start":{"line":63,"column":12},"end":{"line":66,"column":13}},"type":"if","locations":[{"start":{"line":63,"column":12},"end":{"line":66,"column":13}},{"start":{"line":63,"column":12},"end":{"line":66,"column":13}}],"line":63},"6":{"loc":{"start":{"line":74,"column":12},"end":{"line":77,"column":13}},"type":"if","locations":[{"start":{"line":74,"column":12},"end":{"line":77,"column":13}},{"start":{"line":74,"column":12},"end":{"line":77,"column":13}}],"line":74}},"s":{"0":1,"1":1,"2":1,"3":1,"4":1,"5":1,"6":1,"7":1,"8":1,"9":2,"10":6,"11":12,"12":2,"13":2,"14":0,"15":0,"16":2,"17":2,"18":2,"19":2,"20":2,"21":0,"22":2,"23":2,"24":2,"25":2,"26":0,"27":2,"28":0,"29":0,"30":2,"31":2,"32":2,"33":0,"34":0,"35":0,"36":0,"37":0,"38":0,"39":0,"40":0,"41":0,"42":2,"43":0,"44":0,"45":2,"46":1,"47":2,"48":1},"f":{"0":1,"1":2,"2":6,"3":2},"b":{"0":[2,2,0,2,2,0,0,2,0,0,0,2],"1":[2,0,0],"2":[0,2],"3":[2,0],"4":[0,2],"5":[2,0],"6":[0,0]},"_coverageSchema":"43e27e138ebf9cfc5966b082cf9a028302ed4184","hash":"d988f296ae6962261eef14726f897370d570e8b6","contentHash":"ce48cc57c1765edba2e072b000225b62e583ad3d0c7df9344afd454bc93d165f"},"C:\\Users\\USER\\Desktop\\projects\\banka_api\\banka_api\\server\\src\\models\\account.model.js":{"path":"C:\\Users\\USER\\Desktop\\projects\\banka_api\\banka_api\\server\\src\\models\\account.model.js","statementMap":{"0":{"start":{"line":3,"column":29},"end":{"line":3,"column":84}},"1":{"start":{"line":5,"column":0},"end":{"line":7,"column":3}},"2":{"start":{"line":8,"column":0},"end":{"line":8,"column":28}},"3":{"start":{"line":10,"column":19},"end":{"line":10,"column":80}},"4":{"start":{"line":12,"column":25},"end":{"line":12,"column":99}},"5":{"start":{"line":14,"column":23},"end":{"line":14,"column":95}},"6":{"start":{"line":16,"column":20},"end":{"line":16,"column":89}},"7":{"start":{"line":18,"column":10},"end":{"line":18,"column":38}},"8":{"start":{"line":29,"column":0},"end":{"line":343,"column":3}},"9":{"start":{"line":31,"column":4},"end":{"line":31,"column":52}},"10":{"start":{"line":34,"column":2},"end":{"line":341,"column":6}},"11":{"start":{"line":43,"column":26},"end":{"line":74,"column":9}},"12":{"start":{"line":47,"column":8},"end":{"line":73,"column":20}},"13":{"start":{"line":48,"column":10},"end":{"line":72,"column":11}},"14":{"start":{"line":49,"column":12},"end":{"line":71,"column":13}},"15":{"start":{"line":51,"column":16},"end":{"line":51,"column":54}},"16":{"start":{"line":52,"column":16},"end":{"line":52,"column":34}},"17":{"start":{"line":53,"column":16},"end":{"line":53,"column":75}},"18":{"start":{"line":56,"column":16},"end":{"line":56,"column":40}},"19":{"start":{"line":57,"column":16},"end":{"line":57,"column":42}},"20":{"start":{"line":58,"column":16},"end":{"line":58,"column":42}},"21":{"start":{"line":59,"column":16},"end":{"line":59,"column":36}},"22":{"start":{"line":60,"column":16},"end":{"line":60,"column":91}},"23":{"start":{"line":61,"column":16},"end":{"line":61,"column":35}},"24":{"start":{"line":62,"column":16},"end":{"line":62,"column":73}},"25":{"start":{"line":65,"column":16},"end":{"line":65,"column":39}},"26":{"start":{"line":66,"column":16},"end":{"line":66,"column":65}},"27":{"start":{"line":70,"column":16},"end":{"line":70,"column":39}},"28":{"start":{"line":77,"column":8},"end":{"line":77,"column":52}},"29":{"start":{"line":80,"column":6},"end":{"line":80,"column":26}},"30":{"start":{"line":91,"column":27},"end":{"line":115,"column":9}},"31":{"start":{"line":95,"column":8},"end":{"line":114,"column":21}},"32":{"start":{"line":96,"column":10},"end":{"line":113,"column":11}},"33":{"start":{"line":97,"column":12},"end":{"line":112,"column":13}},"34":{"start":{"line":99,"column":16},"end":{"line":99,"column":59}},"35":{"start":{"line":100,"column":16},"end":{"line":100,"column":39}},"36":{"start":{"line":101,"column":16},"end":{"line":101,"column":165}},"37":{"start":{"line":102,"column":16},"end":{"line":102,"column":35}},"38":{"start":{"line":103,"column":16},"end":{"line":103,"column":107}},"39":{"start":{"line":106,"column":16},"end":{"line":106,"column":40}},"40":{"start":{"line":107,"column":16},"end":{"line":107,"column":66}},"41":{"start":{"line":111,"column":16},"end":{"line":111,"column":40}},"42":{"start":{"line":118,"column":8},"end":{"line":118,"column":53}},"43":{"start":{"line":121,"column":6},"end":{"line":121,"column":27}},"44":{"start":{"line":132,"column":27},"end":{"line":163,"column":9}},"45":{"start":{"line":136,"column":8},"end":{"line":162,"column":21}},"46":{"start":{"line":137,"column":10},"end":{"line":161,"column":11}},"47":{"start":{"line":138,"column":12},"end":{"line":160,"column":13}},"48":{"start":{"line":140,"column":16},"end":{"line":140,"column":54}},"49":{"start":{"line":141,"column":16},"end":{"line":141,"column":35}},"50":{"start":{"line":142,"column":16},"end":{"line":142,"column":75}},"51":{"start":{"line":145,"column":16},"end":{"line":145,"column":41}},"52":{"start":{"line":146,"column":16},"end":{"line":146,"column":42}},"53":{"start":{"line":147,"column":16},"end":{"line":147,"column":42}},"54":{"start":{"line":148,"column":16},"end":{"line":148,"column":36}},"55":{"start":{"line":149,"column":16},"end":{"line":149,"column":91}},"56":{"start":{"line":150,"column":16},"end":{"line":150,"column":36}},"57":{"start":{"line":151,"column":16},"end":{"line":151,"column":73}},"58":{"start":{"line":154,"column":16},"end":{"line":154,"column":40}},"59":{"start":{"line":155,"column":16},"end":{"line":155,"column":66}},"60":{"start":{"line":159,"column":16},"end":{"line":159,"column":40}},"61":{"start":{"line":166,"column":8},"end":{"line":166,"column":53}},"62":{"start":{"line":169,"column":6},"end":{"line":169,"column":27}},"63":{"start":{"line":179,"column":26},"end":{"line":208,"column":9}},"64":{"start":{"line":183,"column":8},"end":{"line":207,"column":21}},"65":{"start":{"line":184,"column":10},"end":{"line":206,"column":11}},"66":{"start":{"line":185,"column":12},"end":{"line":205,"column":13}},"67":{"start":{"line":187,"column":16},"end":{"line":187,"column":35}},"68":{"start":{"line":188,"column":16},"end":{"line":188,"column":75}},"69":{"start":{"line":191,"column":16},"end":{"line":191,"column":42}},"70":{"start":{"line":192,"column":16},"end":{"line":192,"column":44}},"71":{"start":{"line":193,"column":16},"end":{"line":193,"column":70}},"72":{"start":{"line":194,"column":16},"end":{"line":194,"column":100}},"73":{"start":{"line":195,"column":16},"end":{"line":195,"column":35}},"74":{"start":{"line":196,"column":16},"end":{"line":196,"column":75}},"75":{"start":{"line":199,"column":16},"end":{"line":199,"column":40}},"76":{"start":{"line":200,"column":16},"end":{"line":200,"column":73}},"77":{"start":{"line":204,"column":16},"end":{"line":204,"column":40}},"78":{"start":{"line":211,"column":8},"end":{"line":211,"column":52}},"79":{"start":{"line":214,"column":6},"end":{"line":214,"column":26}},"80":{"start":{"line":224,"column":21},"end":{"line":246,"column":9}},"81":{"start":{"line":228,"column":8},"end":{"line":245,"column":21}},"82":{"start":{"line":229,"column":10},"end":{"line":244,"column":11}},"83":{"start":{"line":230,"column":12},"end":{"line":243,"column":13}},"84":{"start":{"line":232,"column":16},"end":{"line":232,"column":72}},"85":{"start":{"line":233,"column":16},"end":{"line":233,"column":35}},"86":{"start":{"line":234,"column":16},"end":{"line":234,"column":64}},"87":{"start":{"line":237,"column":16},"end":{"line":237,"column":40}},"88":{"start":{"line":238,"column":16},"end":{"line":238,"column":58}},"89":{"start":{"line":242,"column":16},"end":{"line":242,"column":40}},"90":{"start":{"line":249,"column":8},"end":{"line":249,"column":47}},"91":{"start":{"line":252,"column":6},"end":{"line":252,"column":21}},"92":{"start":{"line":263,"column":25},"end":{"line":285,"column":9}},"93":{"start":{"line":267,"column":8},"end":{"line":284,"column":21}},"94":{"start":{"line":268,"column":10},"end":{"line":283,"column":11}},"95":{"start":{"line":269,"column":12},"end":{"line":282,"column":13}},"96":{"start":{"line":271,"column":16},"end":{"line":271,"column":80}},"97":{"start":{"line":272,"column":16},"end":{"line":272,"column":35}},"98":{"start":{"line":273,"column":16},"end":{"line":273,"column":56}},"99":{"start":{"line":276,"column":16},"end":{"line":276,"column":40}},"100":{"start":{"line":277,"column":16},"end":{"line":277,"column":63}},"101":{"start":{"line":281,"column":16},"end":{"line":281,"column":40}},"102":{"start":{"line":288,"column":8},"end":{"line":288,"column":51}},"103":{"start":{"line":291,"column":6},"end":{"line":291,"column":25}},"104":{"start":{"line":301,"column":28},"end":{"line":323,"column":9}},"105":{"start":{"line":305,"column":8},"end":{"line":322,"column":21}},"106":{"start":{"line":306,"column":10},"end":{"line":321,"column":11}},"107":{"start":{"line":307,"column":12},"end":{"line":320,"column":13}},"108":{"start":{"line":309,"column":16},"end":{"line":309,"column":49}},"109":{"start":{"line":310,"column":16},"end":{"line":310,"column":35}},"110":{"start":{"line":311,"column":16},"end":{"line":311,"column":47}},"111":{"start":{"line":314,"column":16},"end":{"line":314,"column":40}},"112":{"start":{"line":315,"column":16},"end":{"line":315,"column":63}},"113":{"start":{"line":319,"column":16},"end":{"line":319,"column":40}},"114":{"start":{"line":326,"column":8},"end":{"line":326,"column":54}},"115":{"start":{"line":329,"column":6},"end":{"line":329,"column":28}},"116":{"start":{"line":339,"column":6},"end":{"line":339,"column":77}},"117":{"start":{"line":342,"column":2},"end":{"line":342,"column":17}},"118":{"start":{"line":345,"column":15},"end":{"line":345,"column":22}},"119":{"start":{"line":346,"column":0},"end":{"line":346,"column":30}}},"fnMap":{"0":{"name":"(anonymous_0)","decl":{"start":{"line":29,"column":0},"end":{"line":29,"column":1}},"loc":{"start":{"line":29,"column":12},"end":{"line":343,"column":1}},"line":29},"1":{"name":"Account","decl":{"start":{"line":30,"column":11},"end":{"line":30,"column":18}},"loc":{"start":{"line":30,"column":21},"end":{"line":32,"column":3}},"line":30},"2":{"name":"(anonymous_2)","decl":{"start":{"line":42,"column":11},"end":{"line":42,"column":12}},"loc":{"start":{"line":42,"column":23},"end":{"line":81,"column":5}},"line":42},"3":{"name":"_callee","decl":{"start":{"line":45,"column":44},"end":{"line":45,"column":51}},"loc":{"start":{"line":45,"column":60},"end":{"line":74,"column":7}},"line":45},"4":{"name":"_callee$","decl":{"start":{"line":47,"column":53},"end":{"line":47,"column":61}},"loc":{"start":{"line":47,"column":72},"end":{"line":73,"column":9}},"line":47},"5":{"name":"debitAccount","decl":{"start":{"line":76,"column":15},"end":{"line":76,"column":27}},"loc":{"start":{"line":76,"column":32},"end":{"line":78,"column":7}},"line":76},"6":{"name":"(anonymous_6)","decl":{"start":{"line":90,"column":11},"end":{"line":90,"column":12}},"loc":{"start":{"line":90,"column":23},"end":{"line":122,"column":5}},"line":90},"7":{"name":"_callee2","decl":{"start":{"line":93,"column":44},"end":{"line":93,"column":52}},"loc":{"start":{"line":93,"column":85},"end":{"line":115,"column":7}},"line":93},"8":{"name":"_callee2$","decl":{"start":{"line":95,"column":53},"end":{"line":95,"column":62}},"loc":{"start":{"line":95,"column":74},"end":{"line":114,"column":9}},"line":95},"9":{"name":"createAccount","decl":{"start":{"line":117,"column":15},"end":{"line":117,"column":28}},"loc":{"start":{"line":117,"column":49},"end":{"line":119,"column":7}},"line":117},"10":{"name":"(anonymous_10)","decl":{"start":{"line":131,"column":11},"end":{"line":131,"column":12}},"loc":{"start":{"line":131,"column":23},"end":{"line":170,"column":5}},"line":131},"11":{"name":"_callee3","decl":{"start":{"line":134,"column":44},"end":{"line":134,"column":52}},"loc":{"start":{"line":134,"column":61},"end":{"line":163,"column":7}},"line":134},"12":{"name":"_callee3$","decl":{"start":{"line":136,"column":53},"end":{"line":136,"column":62}},"loc":{"start":{"line":136,"column":74},"end":{"line":162,"column":9}},"line":136},"13":{"name":"creditAccount","decl":{"start":{"line":165,"column":15},"end":{"line":165,"column":28}},"loc":{"start":{"line":165,"column":34},"end":{"line":167,"column":7}},"line":165},"14":{"name":"(anonymous_14)","decl":{"start":{"line":178,"column":11},"end":{"line":178,"column":12}},"loc":{"start":{"line":178,"column":23},"end":{"line":215,"column":5}},"line":178},"15":{"name":"_callee4","decl":{"start":{"line":181,"column":44},"end":{"line":181,"column":52}},"loc":{"start":{"line":181,"column":68},"end":{"line":208,"column":7}},"line":181},"16":{"name":"_callee4$","decl":{"start":{"line":183,"column":53},"end":{"line":183,"column":62}},"loc":{"start":{"line":183,"column":74},"end":{"line":207,"column":9}},"line":183},"17":{"name":"changeStatus","decl":{"start":{"line":210,"column":15},"end":{"line":210,"column":27}},"loc":{"start":{"line":210,"column":33},"end":{"line":212,"column":7}},"line":210},"18":{"name":"(anonymous_18)","decl":{"start":{"line":223,"column":11},"end":{"line":223,"column":12}},"loc":{"start":{"line":223,"column":23},"end":{"line":253,"column":5}},"line":223},"19":{"name":"_callee5","decl":{"start":{"line":226,"column":44},"end":{"line":226,"column":52}},"loc":{"start":{"line":226,"column":68},"end":{"line":246,"column":7}},"line":226},"20":{"name":"_callee5$","decl":{"start":{"line":228,"column":53},"end":{"line":228,"column":62}},"loc":{"start":{"line":228,"column":74},"end":{"line":245,"column":9}},"line":228},"21":{"name":"_delete","decl":{"start":{"line":248,"column":15},"end":{"line":248,"column":22}},"loc":{"start":{"line":248,"column":28},"end":{"line":250,"column":7}},"line":248},"22":{"name":"(anonymous_22)","decl":{"start":{"line":262,"column":11},"end":{"line":262,"column":12}},"loc":{"start":{"line":262,"column":23},"end":{"line":292,"column":5}},"line":262},"23":{"name":"_callee6","decl":{"start":{"line":265,"column":44},"end":{"line":265,"column":52}},"loc":{"start":{"line":265,"column":68},"end":{"line":285,"column":7}},"line":265},"24":{"name":"_callee6$","decl":{"start":{"line":267,"column":53},"end":{"line":267,"column":62}},"loc":{"start":{"line":267,"column":74},"end":{"line":284,"column":9}},"line":267},"25":{"name":"findAccount","decl":{"start":{"line":287,"column":15},"end":{"line":287,"column":26}},"loc":{"start":{"line":287,"column":38},"end":{"line":289,"column":7}},"line":287},"26":{"name":"(anonymous_26)","decl":{"start":{"line":300,"column":11},"end":{"line":300,"column":12}},"loc":{"start":{"line":300,"column":23},"end":{"line":330,"column":5}},"line":300},"27":{"name":"_callee7","decl":{"start":{"line":303,"column":44},"end":{"line":303,"column":52}},"loc":{"start":{"line":303,"column":55},"end":{"line":323,"column":7}},"line":303},"28":{"name":"_callee7$","decl":{"start":{"line":305,"column":53},"end":{"line":305,"column":62}},"loc":{"start":{"line":305,"column":74},"end":{"line":322,"column":9}},"line":305},"29":{"name":"getAllAccounts","decl":{"start":{"line":325,"column":15},"end":{"line":325,"column":29}},"loc":{"start":{"line":325,"column":32},"end":{"line":327,"column":7}},"line":325},"30":{"name":"genAccountNumber","decl":{"start":{"line":338,"column":20},"end":{"line":338,"column":36}},"loc":{"start":{"line":338,"column":39},"end":{"line":340,"column":5}},"line":338}},"branchMap":{"0":{"loc":{"start":{"line":49,"column":12},"end":{"line":71,"column":13}},"type":"switch","locations":[{"start":{"line":50,"column":14},"end":{"line":53,"column":75}},{"start":{"line":55,"column":14},"end":{"line":62,"column":73}},{"start":{"line":64,"column":14},"end":{"line":66,"column":65}},{"start":{"line":68,"column":14},"end":{"line":68,"column":22}},{"start":{"line":69,"column":14},"end":{"line":70,"column":39}}],"line":49},"1":{"loc":{"start":{"line":97,"column":12},"end":{"line":112,"column":13}},"type":"switch","locations":[{"start":{"line":98,"column":14},"end":{"line":103,"column":107}},{"start":{"line":105,"column":14},"end":{"line":107,"column":66}},{"start":{"line":109,"column":14},"end":{"line":109,"column":21}},{"start":{"line":110,"column":14},"end":{"line":111,"column":40}}],"line":97},"2":{"loc":{"start":{"line":138,"column":12},"end":{"line":160,"column":13}},"type":"switch","locations":[{"start":{"line":139,"column":14},"end":{"line":142,"column":75}},{"start":{"line":144,"column":14},"end":{"line":151,"column":73}},{"start":{"line":153,"column":14},"end":{"line":155,"column":66}},{"start":{"line":157,"column":14},"end":{"line":157,"column":22}},{"start":{"line":158,"column":14},"end":{"line":159,"column":40}}],"line":138},"3":{"loc":{"start":{"line":185,"column":12},"end":{"line":205,"column":13}},"type":"switch","locations":[{"start":{"line":186,"column":14},"end":{"line":188,"column":75}},{"start":{"line":190,"column":14},"end":{"line":196,"column":75}},{"start":{"line":198,"column":14},"end":{"line":200,"column":73}},{"start":{"line":202,"column":14},"end":{"line":202,"column":22}},{"start":{"line":203,"column":14},"end":{"line":204,"column":40}}],"line":185},"4":{"loc":{"start":{"line":193,"column":28},"end":{"line":193,"column":69}},"type":"cond-expr","locations":[{"start":{"line":193,"column":50},"end":{"line":193,"column":58}},{"start":{"line":193,"column":61},"end":{"line":193,"column":69}}],"line":193},"5":{"loc":{"start":{"line":230,"column":12},"end":{"line":243,"co
[...]
nsaction","decl":{"start":{"line":34,"column":11},"end":{"line":34,"column":22}},"loc":{"start":{"line":34,"column":25},"end":{"line":36,"column":3}},"line":34},"2":{"name":"(anonymous_2)","decl":{"start":{"line":51,"column":11},"end":{"line":51,"column":12}},"loc":{"start":{"line":51,"column":23},"end":{"line":86,"column":5}},"line":51},"3":{"name":"_callee","decl":{"start":{"line":54,"column":44},"end":{"line":54,"column":51}},"loc":{"start":{"line":54,"column":116},"end":{"line":79,"column":7}},"line":54},"4":{"name":"_callee$","decl":{"start":{"line":56,"column":53},"end":{"line":56,"column":61}},"loc":{"start":{"line":56,"column":72},"end":{"line":78,"column":9}},"line":56},"5":{"name":"createTransaction","decl":{"start":{"line":81,"column":15},"end":{"line":81,"column":32}},"loc":{"start":{"line":81,"column":62},"end":{"line":83,"column":7}},"line":81},"6":{"name":"(anonymous_6)","decl":{"start":{"line":95,"column":11},"end":{"line":95,"column":12}},"loc":{"start":{"line":95,"column":23},"end":{"line":125,"column":5}},"line":95},"7":{"name":"_callee2","decl":{"start":{"line":98,"column":44},"end":{"line":98,"column":52}},"loc":{"start":{"line":98,"column":68},"end":{"line":118,"column":7}},"line":98},"8":{"name":"_callee2$","decl":{"start":{"line":100,"column":53},"end":{"line":100,"column":62}},"loc":{"start":{"line":100,"column":74},"end":{"line":117,"column":9}},"line":100},"9":{"name":"findTransaction","decl":{"start":{"line":120,"column":15},"end":{"line":120,"column":30}},"loc":{"start":{"line":120,"column":41},"end":{"line":122,"column":7}},"line":120},"10":{"name":"(anonymous_10)","decl":{"start":{"line":134,"column":11},"end":{"line":134,"column":12}},"loc":{"start":{"line":134,"column":23},"end":{"line":164,"column":5}},"line":134},"11":{"name":"_callee3","decl":{"start":{"line":137,"column":44},"end":{"line":137,"column":52}},"loc":{"start":{"line":137,"column":55},"end":{"line":157,"column":7}},"line":137},"12":{"name":"_callee3$","decl":{"start":{"line":139,"column":53},"end":{"line":139,"column":62}},"loc":{"start":{"line":139,"column":74},"end":{"line":156,"column":9}},"line":139},"13":{"name":"getAllTransactions","decl":{"start":{"line":159,"column":15},"end":{"line":159,"column":33}},"loc":{"start":{"line":159,"column":36},"end":{"line":161,"column":7}},"line":159}},"branchMap":{"0":{"loc":{"start":{"line":58,"column":12},"end":{"line":76,"column":13}},"type":"switch","locations":[{"start":{"line":59,"column":14},"end":{"line":67,"column":125}},{"start":{"line":69,"column":14},"end":{"line":71,"column":65}},{"start":{"line":73,"column":14},"end":{"line":73,"column":21}},{"start":{"line":74,"column":14},"end":{"line":75,"column":39}}],"line":58},"1":{"loc":{"start":{"line":102,"column":12},"end":{"line":115,"column":13}},"type":"switch","locations":[{"start":{"line":103,"column":14},"end":{"line":106,"column":56}},{"start":{"line":108,"column":14},"end":{"line":110,"column":63}},{"start":{"line":112,"column":14},"end":{"line":112,"column":21}},{"start":{"line":113,"column":14},"end":{"line":114,"column":40}}],"line":102},"2":{"loc":{"start":{"line":141,"column":12},"end":{"line":154,"column":13}},"type":"switch","locations":[{"start":{"line":142,"column":14},"end":{"line":145,"column":47}},{"start":{"line":147,"column":14},"end":{"line":149,"column":63}},{"start":{"line":151,"column":14},"end":{"line":151,"column":21}},{"start":{"line":152,"column":14},"end":{"line":153,"column":40}}],"line":141}},"s":{"0":1,"1":1,"2":1,"3":1,"4":1,"5":1,"6":1,"7":1,"8":1,"9":0,"10":1,"11":1,"12":3,"13":9,"14":9,"15":3,"16":3,"17":3,"18":3,"19":3,"20":3,"21":3,"22":3,"23":3,"24":3,"25":1,"26":1,"27":3,"28":9,"29":9,"30":3,"31":3,"32":3,"33":3,"34":3,"35":3,"36":3,"37":1,"38":1,"39":1,"40":3,"41":3,"42":1,"43":1,"44":1,"45":1,"46":1,"47":1,"48":1,"49":1,"50":1,"51":1,"52":1},"f":{"0":1,"1":0,"2":1,"3":3,"4":9,"5":3,"6":1,"7":3,"8":9,"9":3,"10":1,"11":1,"12":3,"13":1},"b":{"0":[3,3,0,3],"1":[3,3,0,3],"2":[1,1,0,1]},"_coverageSchema":"43e27e138ebf9cfc5966b082cf9a028302ed4184","hash":"8e9ec861b30e081173aedc5fa258d13317ea59e8","contentHash":"4699407b6a24b8acfbdcdba66e41c8baf8558ddb0d0c26fa35b6370ff5be633e"},"C:\\Users\\USER\\Desktop\\projects\\banka_api\\banka_api\\server\\middleware\\check.account.balance.js":{"path":"C:\\Users\\USER\\Desktop\\projects\\banka_api\\banka_api\\server\\middleware\\check.account.balance.js","statementMap":{"0":{"start":{"line":3,"column":29},"end":{"line":3,"column":84}},"1":{"start":{"line":5,"column":0},"end":{"line":7,"column":3}},"2":{"start":{"line":8,"column":0},"end":{"line":8,"column":28}},"3":{"start":{"line":10,"column":19},"end":{"line":10,"column":80}},"4":{"start":{"line":12,"column":25},"end":{"line":12,"column":99}},"5":{"start":{"line":14,"column":15},"end":{"line":14,"column":77}},"6":{"start":{"line":18,"column":0},"end":{"line":61,"column":3}},"7":{"start":{"line":19,"column":13},"end":{"line":56,"column":5}},"8":{"start":{"line":23,"column":4},"end":{"line":55,"column":16}},"9":{"start":{"line":24,"column":6},"end":{"line":54,"column":7}},"10":{"start":{"line":25,"column":8},"end":{"line":53,"column":9}},"11":{"start":{"line":27,"column":12},"end":{"line":27,"column":53}},"12":{"start":{"line":28,"column":12},"end":{"line":28,"column":37}},"13":{"start":{"line":29,"column":12},"end":{"line":29,"column":30}},"14":{"start":{"line":30,"column":12},"end":{"line":30,"column":83}},"15":{"start":{"line":33,"column":12},"end":{"line":33,"column":35}},"16":{"start":{"line":34,"column":12},"end":{"line":34,"column":32}},"17":{"start":{"line":36,"column":12},"end":{"line":39,"column":13}},"18":{"start":{"line":37,"column":14},"end":{"line":37,"column":32}},"19":{"start":{"line":38,"column":14},"end":{"line":38,"column":20}},"20":{"start":{"line":41,"column":12},"end":{"line":44,"column":16}},"21":{"start":{"line":47,"column":12},"end":{"line":47,"column":39}},"22":{"start":{"line":48,"column":12},"end":{"line":48,"column":53}},"23":{"start":{"line":52,"column":12},"end":{"line":52,"column":35}},"24":{"start":{"line":58,"column":2},"end":{"line":60,"column":4}},"25":{"start":{"line":59,"column":4},"end":{"line":59,"column":39}},"26":{"start":{"line":63,"column":0},"end":{"line":63,"column":30}}},"fnMap":{"0":{"name":"(anonymous_0)","decl":{"start":{"line":18,"column":0},"end":{"line":18,"column":1}},"loc":{"start":{"line":18,"column":12},"end":{"line":61,"column":1}},"line":18},"1":{"name":"_callee","decl":{"start":{"line":21,"column":40},"end":{"line":21,"column":47}},"loc":{"start":{"line":21,"column":64},"end":{"line":56,"column":3}},"line":21},"2":{"name":"_callee$","decl":{"start":{"line":23,"column":49},"end":{"line":23,"column":57}},"loc":{"start":{"line":23,"column":68},"end":{"line":55,"column":5}},"line":23},"3":{"name":"(anonymous_3)","decl":{"start":{"line":58,"column":9},"end":{"line":58,"column":10}},"loc":{"start":{"line":58,"column":33},"end":{"line":60,"column":3}},"line":58}},"branchMap":{"0":{"loc":{"start":{"line":25,"column":8},"end":{"line":53,"column":9}},"type":"switch","locations":[{"start":{"line":26,"column":10},"end":{"line":30,"column":83}},{"start":{"line":32,"column":10},"end":{"line":44,"column":16}},{"start":{"line":46,"column":10},"end":{"line":48,"column":53}},{"start":{"line":50,"column":10},"end":{"line":50,"column":18}},{"start":{"line":51,"column":10},"end":{"line":52,"column":35}}],"line":25},"1":{"loc":{"start":{"line":36,"column":12},"end":{"line":39,"column":13}},"type":"if","locations":[{"start":{"line":36,"column":12},"end":{"line":39,"column":13}},{"start":{"line":36,"column":12},"end":{"line":39,"column":13}}],"line":36}},"s":{"0":1,"1":1,"2":1,"3":1,"4":1,"5":1,"6":1,"7":1,"8":1,"9":3,"10":4,"11":1,"12":1,"13":1,"14":1,"15":1,"16":1,"17":1,"18":1,"19":1,"20":0,"21":1,"22":1,"23":1,"24":1,"25":1,"26":1},"f":{"0":1,"1":1,"2":3,"3":1},"b":{"0":[1,1,1,0,1],"1":[1,0]},"_coverageSchema":"43e27e138ebf9cfc5966b082cf9a028302ed4184","hash":"d43d8263d4c6fb97f0c7ac13a1123defacdacaac","contentHash":"f89a6554bd74e80639180d95c521e20e5bbc1a7fb5ca49969b04f7910e4f37f8"},"C:\\Users\\USER\\Desktop\\projects\\banka_api\\banka_api\\server\\middleware\\transaction.validation.js":{"path":"C:\\Users\\USER\\Desktop\\projects\\banka_api\\banka_api\\server\\middleware\\transaction.validation.js","statementMap":{"0":{"start":{"line":3,"column":29},"end":{"line":3,"column":84}},"1":{"start":{"line":5,"column":0},"end":{"line":7,"column":3}},"2":{"start":{"line":8,"column":0},"end":{"line":8,"column":28}},"3":{"start":{"line":10,"column":19},"end":{"line":10,"column":80}},"4":{"start":{"line":12,"column":25},"end":{"line":12,"column":99}},"5":{"start":{"line":14,"column":19},"end":{"line":14,"column":85}},"6":{"start":{"line":25,"column":0},"end":{"line":75,"column":3}},"7":{"start":{"line":26,"column":13},"end":{"line":70,"column":5}},"8":{"start":{"line":30,"column":4},"end":{"line":69,"column":33}},"9":{"start":{"line":31,"column":6},"end":{"line":68,"column":7}},"10":{"start":{"line":32,"column":8},"end":{"line":67,"column":9}},"11":{"start":{"line":34,"column":12},"end":{"line":34,"column":53}},"12":{"start":{"line":35,"column":12},"end":{"line":35,"column":30}},"13":{"start":{"line":36,"column":12},"end":{"line":36,"column":30}},"14":{"start":{"line":37,"column":12},"end":{"line":37,"column":80}},"15":{"start":{"line":40,"column":12},"end":{"line":40,"column":40}},"16":{"start":{"line":42,"column":12},"end":{"line":45,"column":13}},"17":{"start":{"line":43,"column":14},"end":{"line":43,"column":32}},"18":{"start":{"line":44,"column":14},"end":{"line":44,"column":20}},"19":{"start":{"line":47,"column":12},"end":{"line":47,"column":50}},"20":{"start":{"line":48,"column":12},"end":{"line":48,"column":53}},"21":{"start":{"line":51,"column":12},"end":{"line":54,"column":16}},"22":{"start":{"line":57,"column":12},"end":{"line":57,"column":31}},"23":{"start":{"line":58,"column":12},"end":{"line":58,"column":47}},"24":{"start":{"line":59,"column":12},"end":{"line":62,"column":16}},"25":{"start":{"line":66,"column":12},"end":{"line":66,"column":35}},"26":{"start":{"line":72,"column":2},"end":{"line":74,"column":4}},"27":{"start":{"line":73,"column":4},"end":{"line":73,"column":39}},"28":{"start":{"line":77,"column":15},"end":{"line":77,"column":42}},"29":{"start":{"line":78,"column":0},"end":{"line":78,"column":30}}},"fnMap":{"0":{"name":"(anonymous_0)","decl":{"start":{"line":25,"column":0},"end":{"line":25,"column":1}},"loc":{"start":{"line":25,"column":12},"end":{"line":75,"column":1}},"line":25},"1":{"name":"_callee","decl":{"start":{"line":28,"column":40},"end":{"line":28,"column":47}},"loc":{"start":{"line":28,"column":64},"end":{"line":70,"column":3}},"line":28},"2":{"name":"_callee$","decl":{"start":{"line":30,"column":49},"end":{"line":30,"column":57}},"loc":{"start":{"line":30,"column":68},"end":{"line":69,"column":5}},"line":30},"3":{"name":"transactionNumberValidation","decl":{"start":{"line":72,"column":18},"end":{"line":72,"column":45}},"loc":{"start":{"line":72,"column":60},"end":{"line":74,"column":3}},"line":72}},"branchMap":{"0":{"loc":{"start":{"line":32,"column":8},"end":{"line":67,"column":9}},"type":"switch","locations":[{"start":{"line":33,"column":10},"end":{"line":37,"column":80}},{"start":{"line":39,"column":10},"end":{"line":48,"column":53}},{"start":{"line":50,"column":10},"end":{"line":54,"column":16}},{"start":{"line":56,"column":10},"end":{"line":62,"column":16}},{"start":{"line":64,"column":10},"end":{"line":64,"column":18}},{"start":{"line":65,"column":10},"end":{"line":66,"column":35}}],"line":32},"1":{"loc":{"start":{"line":42,"column":12},"end":{"line":45,"column":13}},"type":"if","locations":[{"start":{"line":42,"column":12},"end":{"line":45,"column":13}},{"start":{"line":42,"column":12},"end":{"line":45,"column":13}}],"line":42}},"s":{"0":1,"1":1,"2":1,"3":1,"4":1,"5":1,"6":1,"7":1,"8":1,"9":3,"10":3,"11":1,"12":1,"13":1,"14":1,"15":1,"16":1,"17":0,"18":0,"19":1,"20":1,"21":0,"22":0,"23":0,"24":0,"25":1,"26":1,"27":1,"28":1,"29":1},"f":{"0":1,"1":1,"2":3,"3":1},"b":{"0":[1,1,0,0,0,1],"1":[0,1]},"_coverageSchema":"43e27e138ebf9cfc5966b082cf9a028302ed4184","hash":"4b8e28090eb4efb58cf67a20833e06a377d6f1b6","contentHash":"9b810d056fdc958f46ab99717798a72cfd19ed6add38fd1ca81bf7d209ed42e1"},"C:\\Users\\USER\\Desktop\\projects\\banka_api\\banka_api\\server\\middleware\\transaction.view.authentication.js":{"path":"C:\\Users\\USER\\Desktop\\projects\\banka_api\\banka_api\\server\\middleware\\transaction.view.authentication.js","statementMap":{"0":{"start":{"line":3,"column":29},"end":{"line":3,"column":84}},"1":{"start":{"line":5,"column":0},"end":{"line":7,"column":3}},"2":{"start":{"line":8,"column":0},"end":{"line":8,"column":28}},"3":{"start":{"line":10,"column":19},"end":{"line":10,"column":80}},"4":{"start":{"line":12,"column":25},"end":{"line":12,"column":99}},"5":{"start":{"line":14,"column":15},"end":{"line":14,"column":77}},"6":{"start":{"line":16,"column":12},"end":{"line":16,"column":71}},"7":{"start":{"line":18,"column":19},"end":{"line":18,"column":85}},"8":{"start":{"line":22,"column":0},"end":{"line":121,"column":3}},"9":{"start":{"line":23,"column":13},"end":{"line":116,"column":5}},"10":{"start":{"line":27,"column":4},"end":{"line":115,"column":33}},"11":{"start":{"line":28,"column":6},"end":{"line":114,"column":7}},"12":{"start":{"line":29,"column":8},"end":{"line":113,"column":9}},"13":{"start":{"line":31,"column":12},"end":{"line":31,"column":97}},"14":{"start":{"line":32,"column":12},"end":{"line":32,"column":30}},"15":{"start":{"line":34,"column":12},"end":{"line":37,"column":13}},"16":{"start":{"line":35,"column":14},"end":{"line":35,"column":32}},"17":{"start":{"line":36,"column":14},"end":{"line":36,"column":20}},"18":{"start":{"line":39,"column":12},"end":{"line":39,"column":30}},"19":{"start":{"line":40,"column":12},"end":{"line":40,"column":61}},"20":{"start":{"line":43,"column":12},"end":{"line":43,"column":40}},"21":{"start":{"line":44,"column":12},"end":{"line":44,"column":30}},"22":{"start":{"line":45,"column":12},"end":{"line":45,"column":18}},"23":{"start":{"line":48,"column":12},"end":{"line":48,"column":32}},"24":{"start":{"line":51,"column":12},"end":{"line":51,"column":31}},"25":{"start":{"line":52,"column":12},"end":{"line":52,"column":53}},"26":{"start":{"line":53,"column":12},"end":{"line":53,"column":31}},"27":{"start":{"line":54,"column":12},"end":{"line":54,"column":80}},"28":{"start":{"line":57,"column":12},"end":{"line":57,"column":40}},"29":{"start":{"line":58,"column":12},"end":{"line":58,"column":57}},"30":{"start":{"line":60,"column":12},"end":{"line":63,"column":13}},"31":{"start":{"line":61,"column":14},"end":{"line":61,"column":33}},"32":{"start":{"line":62,"column":14},"end":{"line":62,"column":20}},"33":{"start":{"line":65,"column":12},"end":{"line":65,"column":53}},"34":{"start":{"line":68,"column":12},"end":{"line":71,"column":13}},"35":{"start":{"line":69,"column":14},"end":{"line":69,"column":33}},"36":{"start":{"line":70,"column":14},"end":{"line":70,"column":20}},"37":{"start":{"line":73,"column":12},"end":{"line":73,"column":31}},"38":{"start":{"line":74,"column":12},"end":{"line":74,"column":83}},"39":{"start":{"line":77,"column":12},"end":{"line":77,"column":35}},"40":{"start":{"line":79,"column":12},"end":{"line":82,"column":13}},"41":{"start":{"line":80,"column":14},"end":{"line":80,"column":33}},"42":{"start":{"line":81,"column":14},"end":{"line":81,"column":20}},"43":{"start":{"line":84,"column":12},"end":{"line":84,"column":53}},"44":{"start":{"line":87,"column":12},"end":{"line":90,"column":16}},"45":{"start":{"line":93,"column":12},"end":{"line":93,"column":31}},"46":{"start":{"line":94,"column":12},"end":{"line":94,"column":18}},"47":{"start":{"line":97,"column":12},"end":{"line":97,"column":31}},"48":{"start":{"line":98,"column":12},"end":{"line":98,"column":47}},"49":{"start":{"line":99,"column":12},"end":{"line":102,"column":15}},"50":{"start":{"line":105,"column":12},"end":{"line":108,"column":16}},"51":{"start":{"line":112,"column":12},"end":{"line":112,"column":35}},"52":{"start":{"line":118,"column":2},"end":{"line":120,"column":4}},"53":{"start":{"line":119,"column":4},"end":{"line":119,"column":39}},"54":{"start":{"line":123,"column":0},"end":{"line":123,"column":30}}},"fnMap":{"0":{"name":"(anonymous_0)","decl":{"start":{"line":22,"column":0},"end":{"line":22,"column":1}},"loc":{"start":{"line":22,"column":12},"end":{"line":121,"column":1}},"line":22},"1":{"name":"_callee","decl":{"start":{"line":25,"column":40},"end":{"line":25,"column":47}},"loc":{"start":{"line":25,"column":64},"end":{"line":116,"column":3}},"line":25},"2":{"name":"_callee$","decl":{"start":{"line":27,"column":49},"end":{"line":27,"column":57}},"loc":{"start":{"line":27,"column":68},"end":{"line":115,"column":5}},"line":27},"3":{"name":"(anonymous_3)","decl":{"start":{"line":118,"column":9},"end":{"line":118,"column":10}},"loc":{"start":{"line":118,"column":33},"end":{"line":120,"column":3}},"line":118}},"branchMap":{"0":{"loc":{"start":{"line":29,"column":8},"end":{"line":113,"column":9}},"type":"switch","locations":[{"start":{"line":30,"column":10},"end":{"line":40,"column":61}},{"start":{"line":42,"column":10},"end":{"line":45,"column":18}},{"start":{"line":47,"column":10},"end":{"line":48,"column":32}},{"start":{"line":50,"column":10},"end":{"line":54,"column":80}},{"start":{"line":56,"column":10},"end":{"line":65,"column":53}},{"start":{"line":67,"column":10},"end":{"line":74,"column":83}},{"start":{"line":76,"column":10},"end":{"line":84,"column":53}},{"start":{"line":86,"column":10},"end":{"line":90,"column":16}},{"start":{"line":92,"column":10},"end":{"line":94,"column":18}},{"start":{"line":96,"column":10},"end":{"line":102,"column":15}},{"start":{"line":104,"column":10},"end":{"line":108,"column":16}},{"start":{"line":110,"column":10},"end":{"line":110,"column":18}},{"start":{"line":111,"column":10},"end":{"line":112,"column":35}}],"line":29},"1":{"loc":{"start":{"line":31,"column":20},"end":{"line":31,"column":96}},"type":"binary-expr","locations":[{"start":{"line":31,"column":20},"end":{"line":31,"column":34}},{"start":{"line":31,"column":38},"end":{"line":31,"column":63}},{"start":{"line":31,"column":67},"end":{"line":31,"column":96}}],"line":31},"2":{"loc":{"start":{"line":34,"column":12},"end":{"line":37,"column":13}},"type":"if","locations":[{"start":{"line":34,"column":12},"end":{"line":37,"column":13}},{"start":{"line":34,"column":12},"end":{"line":37,"column":13}}],"line":34},"3":{"loc":{"start":{"line":60,"column":12},"end":{"line":63,"column":13}},"type":"if","locations":[{"start":{"line":60,"column":12},"end":{"line":63,"column":13}},{"start":{"line":60,"column":12},"end":{"line":63,"column":13}}],"line":60},"4":{"loc":{"start":{"line":68,"column":12},"end":{"line":71,"column":13}},"type":"if","locations":[{"start":{"line":68,"column":12},"end":{"line":71,"column":13}},{"start":{"line":68,"column":12},"end":{"line":71,"column":13}}],"line":68},"5":{"loc":{"start":{"line":79,"column":12},"end":{"line":82,"column":13}},"type":"if","locations":[{"start":{"line":79,"column":12},"end":{"line":82,"column":13}},{"start":{"line":79,"column":12},"end":{"line":82,"column":13}}],"line":79}},"s":{"0":1,"1":1,"2":1,"3":1,"4":1,"5":1,"6":1,"7":1,"8":1,"9":1,"10":1,"11":4,"12":5,"13":1,"14":1,"15":1,"16":0,"17":0,"18":1,"19":1,"20":1,"21":1,"22":1,"23":0,"24":1,"25":1,"26":1,"27":1,"28":1,"29":1,"30":1,"31":0,"32":0,"33":1,"34":0,"35":0,"36":0,"37":0,"38":0,"39":0,"40":0,"41":0,"42":0,"43":0,"44":0,"45":0,"46":0,"47":0,"48":0,"49":0,"50":0,"51":1,"52":1,"53":1,"54":1},"f":{"0":1,"1":1,"2":4,"3":1},"b":{"0":[1,1,0,1,1,0,0,0,0,0,0,0,1],"1":[1,0,0],"2":[0,1],"3":[0,1],"4":[0,0],"5":[0,0]},"_coverageSchema":"43e27e138ebf9cfc5966b082cf9a028302ed4184","hash":"146be65c9d8617ad6643de6a56b5e3841deacac6","contentHash":"dd137abe1f28e7ac6153a2a7f718999c1fbb029fa516780445dbffcf99e11406"}}